#
# A fatal error has been detected by the Java Runtime Environment:
#
#  EXCEPTION_ACCESS_VIOLATION (0xc0000005) at pc=0x00000000031a380e, pid=3728, tid=3180
#
# JRE version: Java(TM) SE Runtime Environment (8.0_65-b17) (build 1.8.0_65-b17)
# Java VM: Java HotSpot(TM) 64-Bit Server VM (25.65-b01 mixed mode windows-amd64 compressed oops)
# Problematic frame:
# j  java.lang.String.equals(Ljava/lang/Object;)Z+8
#
# Failed to write core dump. Minidumps are not enabled by default on client versions of Windows
#
# If you would like to submit a bug report, please visit:
#   http://bugreport.java.com/bugreport/crash.jsp
#

---------------  T H R E A D  ---------------

Current thread (0x000000001d252000):  JavaThread "Daemon worker Thread 5" [_thread_in_Java, id=3180, stack(0x0000000019ae0000,0x0000000019be0000)]

siginfo: ExceptionCode=0xc0000005, reading address 0x000000060173d670

Registers:
RAX=0x00000001000016d0, RBX=0x00000000000000ef, RCX=0x0000000000000030, RDX=0x000000060173d640
RSP=0x0000000019bdd188, RBP=0x0000000019bdd1c8, RSI=0x0000000018512458, RDI=0x0000000000000001
R8 =0x0000000017b64db0, R9 =0x0000000000000000, R10=0x0000000058aba990, R11=0x0000000019bdd140
R12=0x0000000000000000, R13=0x0000000014eb4570, R14=0x0000000019bdd208, R15=0x000000001d252000
RIP=0x00000000031a380e, EFLAGS=0x0000000000010202

Top of Stack: (sp=0x0000000019bdd188)
0x0000000019bdd188:   0000000019bdd188 0000000014eb4570
0x0000000019bdd198:   0000000019bdd208 0000000014f5cfe0
0x0000000019bdd1a8:   00000000150c2560 0000000014eb45d0
0x0000000019bdd1b8:   0000000000000000 0000000019bdd210
0x0000000019bdd1c8:   0000000019bdd330 00000000039e97ac
0x0000000019bdd1d8:   0000000000000000 0000000000000000
0x0000000019bdd1e8:   0000000000000000 0000000000000000
0x0000000019bdd1f8:   0000000000000000 00000000c00b24d8
0x0000000019bdd208:   00000000c0345a18 0000000003187ced
0x0000000019bdd218:   0000000000000000 00000000f4c05e48
0x0000000019bdd228:   0000000019bdd228 0000000015125a81
0x0000000019bdd238:   0000000019bdd278 000000001512aaa8
0x0000000019bdd248:   0000000000000000 0000000015125a90
0x0000000019bdd258:   0000000000000000 0000000019bdd2c8
0x0000000019bdd268:   0000000003187a70 0000000003187a70
0x0000000019bdd278:   00000000efd2db70 00000000f4c05e48 

Instructions: (pc=0x00000000031a380e)
0x00000000031a37ee:   89 51 10 bf 01 00 00 00 48 89 79 18 48 83 c1 30
0x00000000031a37fe:   48 89 4d e0 48 3b d0 0f 84 59 00 00 00 8b 48 0c
0x00000000031a380e:   48 3b 04 0a 0f 84 4c 00 00 00 83 f9 18 0f 85 22
0x00000000031a381e:   00 00 00 50 48 8b c0 57 48 8b 7a 20 8b 0f 48 83 


Register to memory mapping:

RAX=0x00000001000016d0 is pointing into metadata
RBX=0x00000000000000ef is an unknown value
RCX=0x0000000000000030 is an unknown value
RDX=0x000000060173d640 is an unknown value
RSP=0x0000000019bdd188 is pointing into the stack for thread: 0x000000001d252000
RBP=0x0000000019bdd1c8 is pointing into the stack for thread: 0x000000001d252000
RSI=0x0000000018512458 is an unknown value
RDI=0x0000000000000001 is an unknown value
R8 =0x0000000017b64db0 is an unknown value
R9 =0x0000000000000000 is an unknown value
R10=0x0000000058aba990 is an unknown value
R11=0x0000000019bdd140 is pointing into the stack for thread: 0x000000001d252000
R12=0x0000000000000000 is an unknown value
R13=0x0000000014eb4570 is pointing into metadata
R14=0x0000000019bdd208 is pointing into the stack for thread: 0x000000001d252000
R15=0x000000001d252000 is a thread


Stack: [0x0000000019ae0000,0x0000000019be0000],  sp=0x0000000019bdd188,  free space=1012k
Native frames: (J=compiled Java code, j=interpreted, Vv=VM code, C=native code)
C  0x00000000031a380e


---------------  P R O C E S S  ---------------

Java Threads: ( => current thread )
  0x000000001d254000 JavaThread "Stdin handler" [_thread_blocked, id=1632, stack(0x0000000019be0000,0x0000000019ce0000)]
  0x000000001d253800 JavaThread "Cancel handler" [_thread_blocked, id=2196, stack(0x00000000199e0000,0x0000000019ae0000)]
  0x000000001d252800 JavaThread "Handler for socket connection from /127.0.0.1:49651 to /127.0.0.1:55224" [_thread_in_native, id=3176, stack(0x00000000198e0000,0x00000000199e0000)]
=>0x000000001d252000 JavaThread "Daemon worker Thread 5" [_thread_in_Java, id=3180, stack(0x0000000019ae0000,0x0000000019be0000)]
  0x000000001d256800 JavaThread "Daemon Thread 5" [_thread_blocked, id=2180, stack(0x00000000190e0000,0x00000000191e0000)]
  0x0000000018ef5000 JavaThread "File lock request listener" [_thread_in_native, id=3860, stack(0x000000001b3b0000,0x000000001b4b0000)]
  0x00000000181f8800 JavaThread "Incoming local TCP Connector on port 49651" [_thread_in_native, id=3820, stack(0x00000000191e0000,0x00000000192e0000)]
  0x0000000017337000 JavaThread "Service Thread" daemon [_thread_blocked, id=3808, stack(0x0000000017710000,0x0000000017810000)]
  0x0000000015850000 JavaThread "C1 CompilerThread2" daemon [_thread_in_vm, id=3804, stack(0x0000000017210000,0x0000000017310000)]
  0x000000001584d000 JavaThread "C2 CompilerThread1" daemon [_thread_blocked, id=3800, stack(0x0000000017110000,0x0000000017210000)]
  0x000000001585b800 JavaThread "C2 CompilerThread0" daemon [_thread_blocked, id=3796, stack(0x0000000017010000,0x0000000017110000)]
  0x0000000015859800 JavaThread "Attach Listener" daemon [_thread_blocked, id=3792, stack(0x0000000016f10000,0x0000000017010000)]
  0x0000000015857800 JavaThread "Signal Dispatcher" daemon [_thread_blocked, id=3788, stack(0x0000000016e10000,0x0000000016f10000)]
  0x0000000002dd3800 JavaThread "Finalizer" daemon [_thread_blocked, id=3784, stack(0x0000000016aa0000,0x0000000016ba0000)]
  0x0000000015819000 JavaThread "Reference Handler" daemon [_thread_blocked, id=3780, stack(0x00000000169a0000,0x0000000016aa0000)]
  0x0000000002ce2800 JavaThread "main" [_thread_blocked, id=3756, stack(0x0000000002b30000,0x0000000002c30000)]

Other Threads:
  0x0000000015817800 VMThread [stack: 0x00000000168a0000,0x00000000169a0000] [id=3776]
  0x0000000017356800 WatcherThread [stack: 0x0000000017810000,0x0000000017910000] [id=3812]

VM state:not at safepoint (normal execution)

VM Mutex/Monitor currently owned by a thread:  ([mutex/lock_event])
[0x0000000002e9c470] CodeCache_lock - owner thread: 0x0000000015850000
[0x0000000002ce0750] Compile_lock - owner thread: 0x0000000015850000
[0x0000000002ce17d0] MethodCompileQueue_lock - owner thread: 0x0000000015850000

Heap:
 PSYoungGen      total 233984K, used 165493K [0x00000000eab00000, 0x00000000fa600000, 0x0000000100000000)
  eden space 210944K, 78% used [0x00000000eab00000,0x00000000f4c9d428,0x00000000f7900000)
  from space 23040K, 0% used [0x00000000f8f80000,0x00000000f8f80000,0x00000000fa600000)
  to   space 23040K, 0% used [0x00000000f7900000,0x00000000f7900000,0x00000000f8f80000)
 ParOldGen       total 110080K, used 52384K [0x00000000c0000000, 0x00000000c6b80000, 0x00000000eab00000)
  object space 110080K, 47% used [0x00000000c0000000,0x00000000c3328158,0x00000000c6b80000)
 Metaspace       used 49934K, capacity 53466K, committed 53848K, reserved 1095680K
  class space    used 6870K, capacity 7986K, committed 8064K, reserved 1048576K

Card table byte_map: [0x0000000012540000,0x0000000012750000] byte_map_base: 0x0000000011f40000

Marking Bits: (ParMarkBitMap*) 0x0000000058aca5b0
 Begin Bits: [0x0000000012cb0000, 0x0000000013cb0000)
 End Bits:   [0x0000000013cb0000, 0x0000000014cb0000)

Polling page: 0x0000000001380000

CodeCache: size=245760Kb used=25685Kb max_used=26557Kb free=220075Kb
 bounds [0x0000000003180000, 0x0000000004bc0000, 0x0000000012180000]
 total_blobs=7774 nmethods=7080 adapters=604
 compilation: enabled

Compilation events (10 events):
Event: 1183.376 Thread 0x0000000015850000 nmethod 8725 0x00000000047d5310 code [0x00000000047d54c0, 0x00000000047d5ba8]
Event: 1183.380 Thread 0x0000000015850000 8726       3       sun.util.locale.LocaleUtils::isAlphaNumericString (33 bytes)
Event: 1183.380 Thread 0x0000000015850000 nmethod 8726 0x0000000003b65b90 code [0x0000000003b65d60, 0x0000000003b665e8]
Event: 1183.386 Thread 0x0000000015850000 8727       3       java.util.GregorianCalendar::isLeapYear (127 bytes)
Event: 1183.386 Thread 0x0000000015850000 nmethod 8727 0x0000000003d33610 code [0x0000000003d337a0, 0x0000000003d33de8]
Event: 1183.398 Thread 0x0000000015850000 8728   !   3       org.gradle.internal.service.DefaultServiceRegistry$ParentServices::getFactory (67 bytes)
Event: 1183.399 Thread 0x0000000015850000 nmethod 8728 0x0000000004b92d90 code [0x0000000004b92f40, 0x0000000004b934f8]
Event: 1183.508 Thread 0x000000001585b800 8729       4       sun.reflect.generics.tree.ClassTypeSignature::accept (8 bytes)
Event: 1183.509 Thread 0x0000000015850000 8730       3       com.sun.proxy.$Proxy19::<init> (6 bytes)
Event: 1183.509 Thread 0x000000001585b800 nmethod 8729 0x0000000004b92a90 code [0x0000000004b92be0, 0x0000000004b92ca8]

GC Heap History (10 events):
Event: 209.131 GC heap before
{Heap before GC invocations=17 (full 3):
 PSYoungGen      total 204288K, used 183219K [0x00000000eab00000, 0x00000000fb180000, 0x0000000100000000)
  eden space 177664K, 100% used [0x00000000eab00000,0x00000000f5880000,0x00000000f5880000)
  from space 26624K, 20% used [0x00000000f5880000,0x00000000f5decff8,0x00000000f7280000)
  to   space 25600K, 0% used [0x00000000f9880000,0x00000000f9880000,0x00000000fb180000)
 ParOldGen       total 110080K, used 46960K [0x00000000c0000000, 0x00000000c6b80000, 0x00000000eab00000)
  object space 110080K, 42% used [0x00000000c0000000,0x00000000c2ddc068,0x00000000c6b80000)
 Metaspace       used 49294K, capacity 52600K, committed 52824K, reserved 1093632K
  class space    used 6830K, capacity 7957K, committed 8064K, reserved 1048576K
Event: 209.151 GC heap after
Heap after GC invocations=17 (full 3):
 PSYoungGen      total 226816K, used 8666K [0x00000000eab00000, 0x00000000fa800000, 0x0000000100000000)
  eden space 210944K, 0% used [0x00000000eab00000,0x00000000eab00000,0x00000000f7900000)
  from space 15872K, 54% used [0x00000000f9880000,0x00000000fa0f6a90,0x00000000fa800000)
  to   space 24064K, 0% used [0x00000000f7900000,0x00000000f7900000,0x00000000f9080000)
 ParOldGen       total 110080K, used 46968K [0x00000000c0000000, 0x00000000c6b80000, 0x00000000eab00000)
  object space 110080K, 42% used [0x00000000c0000000,0x00000000c2dde068,0x00000000c6b80000)
 Metaspace       used 49294K, capacity 52600K, committed 52824K, reserved 1093632K
  class space    used 6830K, capacity 7957K, committed 8064K, reserved 1048576K
}
Event: 211.061 GC heap before
{Heap before GC invocations=18 (full 3):
 PSYoungGen      total 226816K, used 86498K [0x00000000eab00000, 0x00000000fa800000, 0x0000000100000000)
  eden space 210944K, 36% used [0x00000000eab00000,0x00000000ef701da8,0x00000000f7900000)
  from space 15872K, 54% used [0x00000000f9880000,0x00000000fa0f6a90,0x00000000fa800000)
  to   space 24064K, 0% used [0x00000000f7900000,0x00000000f7900000,0x00000000f9080000)
 ParOldGen       total 110080K, used 46968K [0x00000000c0000000, 0x00000000c6b80000, 0x00000000eab00000)
  object space 110080K, 42% used [0x00000000c0000000,0x00000000c2dde068,0x00000000c6b80000)
 Metaspace       used 49649K, capacity 53316K, committed 53592K, reserved 1095680K
  class space    used 6872K, capacity 8033K, committed 8064K, reserved 1048576K
Event: 211.068 GC heap after
Heap after GC invocations=18 (full 3):
 PSYoungGen      total 218112K, used 6687K [0x00000000eab00000, 0x00000000fa600000, 0x0000000100000000)
  eden space 210944K, 0% used [0x00000000eab00000,0x00000000eab00000,0x00000000f7900000)
  from space 7168K, 93% used [0x00000000f7900000,0x00000000f7f87e28,0x00000000f8000000)
  to   space 23040K, 0% used [0x00000000f8f80000,0x00000000f8f80000,0x00000000fa600000)
 ParOldGen       total 110080K, used 46976K [0x00000000c0000000, 0x00000000c6b80000, 0x00000000eab00000)
  object space 110080K, 42% used [0x00000000c0000000,0x00000000c2de0068,0x00000000c6b80000)
 Metaspace       used 49649K, capacity 53316K, committed 53592K, reserved 1095680K
  class space    used 6872K, capacity 8033K, committed 8064K, reserved 1048576K
}
Event: 211.068 GC heap before
{Heap before GC invocations=19 (full 4):
 PSYoungGen      total 218112K, used 6687K [0x00000000eab00000, 0x00000000fa600000, 0x0000000100000000)
  eden space 210944K, 0% used [0x00000000eab00000,0x00000000eab00000,0x00000000f7900000)
  from space 7168K, 93% used [0x00000000f7900000,0x00000000f7f87e28,0x00000000f8000000)
  to   space 23040K, 0% used [0x00000000f8f80000,0x00000000f8f80000,0x00000000fa600000)
 ParOldGen       total 110080K, used 46976K [0x00000000c0000000, 0x00000000c6b80000, 0x00000000eab00000)
  object space 110080K, 42% used [0x00000000c0000000,0x00000000c2de0068,0x00000000c6b80000)
 Metaspace       used 49649K, capacity 53316K, committed 53592K, reserved 1095680K
  class space    used 6872K, capacity 8033K, committed 8064K, reserved 1048576K
Event: 211.466 GC heap after
Heap after GC invocations=19 (full 4):
 PSYoungGen      total 218112K, used 0K [0x00000000eab00000, 0x00000000fa600000, 0x0000000100000000)
  eden space 210944K, 0% used [0x00000000eab00000,0x00000000eab00000,0x00000000f7900000)
  from space 7168K, 0% used [0x00000000f7900000,0x00000000f7900000,0x00000000f8000000)
  to   space 23040K, 0% used [0x00000000f8f80000,0x00000000f8f80000,0x00000000fa600000)
 ParOldGen       total 110080K, used 51573K [0x00000000c0000000, 0x00000000c6b80000, 0x00000000eab00000)
  object space 110080K, 46% used [0x00000000c0000000,0x00000000c325d628,0x00000000c6b80000)
 Metaspace       used 49549K, capacity 52974K, committed 53592K, reserved 1095680K
  class space    used 6848K, capacity 7931K, committed 8064K, reserved 1048576K
}
Event: 479.998 GC heap before
{Heap before GC invocations=20 (full 4):
 PSYoungGen      total 218112K, used 133761K [0x00000000eab00000, 0x00000000fa600000, 0x0000000100000000)
  eden space 210944K, 63% used [0x00000000eab00000,0x00000000f2da0790,0x00000000f7900000)
  from space 7168K, 0% used [0x00000000f7900000,0x00000000f7900000,0x00000000f8000000)
  to   space 23040K, 0% used [0x00000000f8f80000,0x00000000f8f80000,0x00000000fa600000)
 ParOldGen       total 110080K, used 51573K [0x00000000c0000000, 0x00000000c6b80000, 0x00000000eab00000)
  object space 110080K, 46% used [0x00000000c0000000,0x00000000c325d628,0x00000000c6b80000)
 Metaspace       used 49901K, capacity 53552K, committed 53848K, reserved 1095680K
  class space    used 6875K, capacity 8014K, committed 8064K, reserved 1048576K
Event: 480.002 GC heap after
Heap after GC invocations=20 (full 4):
 PSYoungGen      total 233984K, used 1552K [0x00000000eab00000, 0x00000000fa600000, 0x0000000100000000)
  eden space 210944K, 0% used [0x00000000eab00000,0x00000000eab00000,0x00000000f7900000)
  from space 23040K, 6% used [0x00000000f8f80000,0x00000000f9104030,0x00000000fa600000)
  to   space 23040K, 0% used [0x00000000f7900000,0x00000000f7900000,0x00000000f8f80000)
 ParOldGen       total 110080K, used 51581K [0x00000000c0000000, 0x00000000c6b80000, 0x00000000eab00000)
  object space 110080K, 46% used [0x00000000c0000000,0x00000000c325f628,0x00000000c6b80000)
 Metaspace       used 49901K, capacity 53552K, committed 53848K, reserved 1095680K
  class space    used 6875K, capacity 8014K, committed 8064K, reserved 1048576K
}
Event: 480.002 GC heap before
{Heap before GC invocations=21 (full 5):
 PSYoungGen      total 233984K, used 1552K [0x00000000eab00000, 0x00000000fa600000, 0x0000000100000000)
  eden space 210944K, 0% used [0x00000000eab00000,0x00000000eab00000,0x00000000f7900000)
  from space 23040K, 6% used [0x00000000f8f80000,0x00000000f9104030,0x00000000fa600000)
  to   space 23040K, 0% used [0x00000000f7900000,0x00000000f7900000,0x00000000f8f80000)
 ParOldGen       total 110080K, used 51581K [0x00000000c0000000, 0x00000000c6b80000, 0x00000000eab00000)
  object space 110080K, 46% used [0x00000000c0000000,0x00000000c325f628,0x00000000c6b80000)
 Metaspace       used 49901K, capacity 53552K, committed 53848K, reserved 1095680K
  class space    used 6875K, capacity 8014K, committed 8064K, reserved 1048576K
Event: 480.226 GC heap after
Heap after GC invocations=21 (full 5):
 PSYoungGen      total 233984K, used 0K [0x00000000eab00000, 0x00000000fa600000, 0x0000000100000000)
  eden space 210944K, 0% used [0x00000000eab00000,0x00000000eab00000,0x00000000f7900000)
  from space 23040K, 0% used [0x00000000f8f80000,0x00000000f8f80000,0x00000000fa600000)
  to   space 23040K, 0% used [0x00000000f7900000,0x00000000f7900000,0x00000000f8f80000)
 ParOldGen       total 110080K, used 52384K [0x00000000c0000000, 0x00000000c6b80000, 0x00000000eab00000)
  object space 110080K, 47% used [0x00000000c0000000,0x00000000c3328158,0x00000000c6b80000)
 Metaspace       used 49868K, capacity 53438K, committed 53848K, reserved 1095680K
  class space    used 6867K, capacity 7980K, committed 8064K, reserved 1048576K
}

Deoptimization events (10 events):
Event: 478.421 Thread 0x000000001c006800 Uncommon trap: reason=null_check action=make_not_entrant pc=0x000000000496bfb4 method=org.codehaus.groovy.runtime.typehandling.DefaultTypeTransformation.castToType(Ljava/lang/Object;Ljava/lang/Class;)Ljava/lang/Object; @ 65
Event: 479.438 Thread 0x000000001c006800 Uncommon trap: reason=unstable_if action=reinterpret pc=0x0000000004a30178 method=com.google.common.io.LineBuffer.add([CII)V @ 111
Event: 479.518 Thread 0x000000001c006800 Uncommon trap: reason=unstable_if action=reinterpret pc=0x00000000047d7c68 method=sun.security.provider.DigestBase.engineUpdate(B)V @ 4
Event: 479.894 Thread 0x000000001c006800 Uncommon trap: reason=unstable_if action=reinterpret pc=0x00000000047d2b00 method=sun.security.provider.DigestBase.engineUpdate(B)V @ 4
Event: 1158.152 Thread 0x000000001d252000 Uncommon trap: reason=unstable_if action=reinterpret pc=0x0000000003532870 method=sun.reflect.UTF8.utf8Length(Ljava/lang/String;)I @ 27
Event: 1158.690 Thread 0x000000001d252000 Uncommon trap: reason=class_check action=maybe_recompile pc=0x00000000040b32a4 method=java.io.ObjectStreamClass.lookup(Ljava/lang/Class;Z)Ljava/io/ObjectStreamClass; @ 267
Event: 1158.720 Thread 0x000000001d252000 Uncommon trap: reason=uninitialized action=reinterpret pc=0x0000000003cf73e8 method=org.gradle.messaging.dispatch.ReflectionDispatch.dispatch(Lorg/gradle/messaging/dispatch/MethodInvocation;)V @ 28
Event: 1159.073 Thread 0x000000001d256800 Uncommon trap: reason=class_check action=maybe_recompile pc=0x00000000040b32a4 method=java.io.ObjectStreamClass.lookup(Ljava/lang/Class;Z)Ljava/io/ObjectStreamClass; @ 267
Event: 1159.073 Thread 0x000000001d256800 Uncommon trap: reason=class_check action=maybe_recompile pc=0x00000000040b32a4 method=java.io.ObjectStreamClass.lookup(Ljava/lang/Class;Z)Ljava/io/ObjectStreamClass; @ 267
Event: 1183.518 Thread 0x000000001d252000 Uncommon trap: reason=class_check action=maybe_recompile pc=0x00000000033456e8 method=java.lang.String.equals(Ljava/lang/Object;)Z @ 8

Internal exceptions (10 events):
Event: 478.164 Thread 0x000000001c006800 Exception <a 'java/lang/ClassNotFoundException': asLocalRepo64_cv8gh40dj8ktm91hpzcy2t0odCustomizer> (0x00000000ec179048) thrown at [C:\workspace\8-2-build-windows-amd64-cygwin\jdk8u65\4987\hotspot\src\share\vm\classfile\systemDictionary.cpp, line 210]
Event: 479.518 Thread 0x000000001c006800 Implicit null exception at 0x00000000047d783a to 0x00000000047d7c51
Event: 479.894 Thread 0x000000001c006800 Implicit null exception at 0x00000000047d1ff2 to 0x00000000047d2ae5
Event: 1158.689 Thread 0x000000001d252000 Exception <a 'java/lang/ClassFormatError': Unknown constant tag 102 in class file sun/reflect/GeneratedSerializationConstructorAccessor138> (0x00000000eb0097e8) thrown at [C:\workspace\8-2-build-windows-amd64-cygwin\jdk8u65\4987\hotspot\src\share\vm\classf×†A­Â’@
Event: 1158.690 Thread 0x000000001d252000 Exception <a 'java/lang/ClassFormatError'> (0x00000000eb0097e8) thrown at [C:\workspace\8-2-build-windows-amd64-cygwin\jdk8u65\4987\hotspot\src\share\vm\prims\jvm.cpp, line 1390]
Event: 1158.690 Thread 0x000000001d252000 Exception <a 'java/lang/ClassFormatError'> (0x00000000eb0097e8) thrown at [C:\workspace\8-2-build-windows-amd64-cygwin\jdk8u65\4987\hotspot\src\share\vm\prims\jvm.cpp, line 1390]
Event: 1158.720 Thread 0x000000001d252000 Exception <a 'java/lang/reflect/InvocationTargetException'> (0x00000000efca21c0) thrown at [C:\workspace\8-2-build-windows-amd64-cygwin\jdk8u65\4987\hotspot\src\share\vm\runtime\reflection.cpp, line 1092]
Event: 1159.072 Thread 0x000000001d256800 Exception <a 'java/lang/ClassFormatError': Unknown constant tag 102 in class file sun/reflect/GeneratedSerializationConstructorAccessor139> (0x00000000eadf4938) thrown at [C:\workspace\8-2-build-windows-amd64-cygwin\jdk8u65\4987\hotspot\src\share\vm\classfp³†ÞJ’@
Event: 1159.073 Thread 0x000000001d256800 Exception <a 'java/lang/ClassFormatError'> (0x00000000eadf4938) thrown at [C:\workspace\8-2-build-windows-amd64-cygwin\jdk8u65\4987\hotspot\src\share\vm\prims\jvm.cpp, line 1390]
Event: 1159.073 Thread 0x000000001d256800 Exception <a 'java/lang/ClassFormatError'> (0x00000000eadf4938) thrown at [C:\workspace\8-2-build-windows-amd64-cygwin\jdk8u65\4987\hotspot\src\share\vm\prims\jvm.cpp, line 1390]

Events (10 events):
Event: 1183.367 Thread 0x0000000015850000 flushing nmethod 0x00000000040dec10
Event: 1183.367 Thread 0x0000000015850000 flushing nmethod 0x0000000004132850
Event: 1183.367 Thread 0x0000000015850000 flushing nmethod 0x000000000413a410
Event: 1183.367 Thread 0x0000000015850000 flushing nmethod 0x0000000004144090
Event: 1183.388 Executing VM operation: RevokeBias
Event: 1183.388 Executing VM operation: RevokeBias done
Event: 1183.392 Thread 0x000000001d254000 Thread added: 0x000000001d254000
Event: 1183.518 Thread 0x000000001d252000 Uncommon trap: trap_request=0xffffffde fr.pc=0x00000000033456e8
Event: 1183.518 Thread 0x000000001d252000 DEOPT PACKING pc=0x00000000033456e8 sp=0x0000000019bdd1d0
Event: 1183.518 Thread 0x000000001d252000 DEOPT UNPACKING pc=0x00000000031c582a sp=0x0000000019bdd150 mode 2


Dynamic libraries:
0x000007f61fa20000 - 0x000007f61fa57000 	C:\Program Files\Java\jdk1.8.0_65\bin\java.exe
0x000007fcf09f0000 - 0x000007fcf0bae000 	C:\Windows\SYSTEM32\ntdll.dll
0x000007fceea50000 - 0x000007fceeb86000 	C:\Windows\system32\KERNEL32.DLL
0x000007fcedd10000 - 0x000007fcede03000 	C:\Windows\system32\KERNELBASE.dll
0x000007fceffe0000 - 0x000007fcf00be000 	C:\Windows\system32\ADVAPI32.dll
0x000007fcee6e0000 - 0x000007fcee82c000 	C:\Windows\system32\USER32.dll
0x000007fce9b70000 - 0x000007fce9dd9000 	C:\Windows\WinSxS\amd64_microsoft.windows.common-controls_6595b64144ccf1df_6.0.9200.16384_none_418c2a697189c07f\COMCTL32.dll
0x000007fceec30000 - 0x000007fceecd5000 	C:\Windows\system32\msvcrt.dll
0x000007fcee400000 - 0x000007fcee448000 	C:\Windows\SYSTEM32\sechost.dll
0x000007fcee140000 - 0x000007fcee280000 	C:\Windows\system32\RPCRT4.dll
0x000007fcede70000 - 0x000007fcedfb0000 	C:\Windows\system32\GDI32.dll
0x000007fcee080000 - 0x000007fcee0b9000 	C:\Windows\system32\IMM32.DLL
0x000007fcf0730000 - 0x000007fcf0844000 	C:\Windows\system32\MSCTF.dll
0x00000000581e0000 - 0x00000000582b2000 	C:\Program Files\Java\jdk1.8.0_65\jre\bin\msvcr100.dll
0x00000000582c0000 - 0x0000000058b49000 	C:\Program Files\Java\jdk1.8.0_65\jre\bin\server\jvm.dll
0x000007fce0d50000 - 0x000007fce0d59000 	C:\Windows\SYSTEM32\WSOCK32.dll
0x000007fce47f0000 - 0x000007fce4810000 	C:\Windows\SYSTEM32\WINMM.dll
0x000007fce8230000 - 0x000007fce8239000 	C:\Windows\SYSTEM32\VERSION.dll
0x000007fcede60000 - 0x000007fcede67000 	C:\Windows\system32\PSAPI.DLL
0x000007fcee0e0000 - 0x000007fcee138000 	C:\Windows\system32\WS2_32.dll
0x000007fce47b0000 - 0x000007fce47e2000 	C:\Windows\SYSTEM32\WINMMBASE.dll
0x000007fcee450000 - 0x000007fcee459000 	C:\Windows\system32\NSI.dll
0x00000000581d0000 - 0x00000000581df000 	C:\Program Files\Java\jdk1.8.0_65\jre\bin\verify.dll
0x00000000581a0000 - 0x00000000581c9000 	C:\Program Files\Java\jdk1.8.0_65\jre\bin\java.dll
0x0000000058180000 - 0x0000000058196000 	C:\Program Files\Java\jdk1.8.0_65\jre\bin\zip.dll
0x000007fceecf0000 - 0x000007fceffd5000 	C:\Windows\system32\SHELL32.dll
0x000007fcf0580000 - 0x000007fcf0730000 	C:\Windows\SYSTEM32\combase.dll
0x000007fcee830000 - 0x000007fcee880000 	C:\Windows\system32\SHLWAPI.dll
0x000007fcebcd0000 - 0x000007fcebd66000 	C:\Windows\SYSTEM32\SHCORE.dll
0x000007fced920000 - 0x000007fced935000 	C:\Windows\SYSTEM32\profapi.dll
0x0000000058160000 - 0x000000005817a000 	C:\Program Files\Java\jdk1.8.0_65\jre\bin\net.dll
0x000007fced170000 - 0x000007fced1cc000 	C:\Windows\system32\mswsock.dll
0x0000000058140000 - 0x0000000058151000 	C:\Program Files\Java\jdk1.8.0_65\jre\bin\nio.dll
0x000007fcdabb0000 - 0x000007fcdabc2000 	C:\Users\john\.gradle\native\19\windows-amd64\native-platform.dll
0x000007fcea390000 - 0x000007fcea3bc000 	C:\Windows\SYSTEM32\IPHLPAPI.DLL
0x000007fcea370000 - 0x000007fcea37a000 	C:\Windows\SYSTEM32\WINNSI.DLL
0x000007fce97c0000 - 0x000007fce97d3000 	C:\Windows\SYSTEM32\dhcpcsvc6.DLL
0x000007fce97a0000 - 0x000007fce97b8000 	C:\Windows\SYSTEM32\dhcpcsvc.DLL
0x000007fced1d0000 - 0x000007fced1ea000 	C:\Windows\SYSTEM32\CRYPTSP.dll
0x000007fcece50000 - 0x000007fcece99000 	C:\Windows\system32\rsaenh.dll
0x000007fcecf50000 - 0x000007fcecf6f000 	C:\Windows\SYSTEM32\USERENV.dll
0x000007fced760000 - 0x000007fced76a000 	C:\Windows\SYSTEM32\CRYPTBASE.dll
0x000007fced700000 - 0x000007fced75c000 	C:\Windows\SYSTEM32\bcryptPrimitives.dll
0x0000000057f40000 - 0x0000000057f4d000 	C:\Program Files\Java\jdk1.8.0_65\jre\bin\management.dll
0x000007fcdaea0000 - 0x000007fcdb003000 	C:\Windows\SYSTEM32\dbghelp.dll

VM Arguments:
jvm_args: -XX:MaxPermSize=256m -XX:+HeapDumpOnOutOfMemoryError -Xmx1024m -Dfile.encoding=windows-1252 -Duser.country=US -Duser.language=en -Duser.variant 
java_command: org.gradle.launcher.daemon.bootstrap.GradleDaemon 2.4 C:\Users\john\.gradle C:\Users\john\.gradle\daemon 10800000 c501b6aa-c98d-4c93-986b-d1368231c1e5 -XX:MaxPermSize=256m -XX:+HeapDumpOnOutOfMemoryError -Xmx1024m -Dfile.encoding=windows-1252 -Duser.country=US -Duser.language=en -Duser.variant
java_class_path (initial): C:\Users\john\.gradle\wrapper\dists\gradle-2.4-all\6r4uqcc6ovnq6ac6s0txzcpc0\gradle-2.4\lib\gradle-launcher-2.4.jar
Launcher Type: SUN_STANDARD

Environment Variables:
PATH=C:\ProgramData\Oracle\Java\javapath;C:\Windows\system32;C:\Windows;C:\Windows\System32\Wbem;C:\Windows\System32\WindowsPowerShell\v1.0\
USERNAME=john
OS=Windows_NT
PROCESSOR_IDENTIFIER=Intel64 Family 6 Model 58 Stepping 9, GenuineIntel



---------------  S Y S T E M  ---------------

OS: Windows 8 , 64 bit Build 9200 (6.2.9200.16384)

CPU:total 4 (2 cores per cpu, 2 threads per core) family 6 model 58 stepping 9, cmov, cx8, fxsr, mmx, sse, sse2, sse3, ssse3, sse4.1, sse4.2, popcnt, avx, clmul, erms, ht, tsc, tscinvbit, tscinv

Memory: 4k page, physical 8079884k(4471080k free), swap 16206348k(12126276k free)

vm_info: Java HotSpot(TM) 64-Bit Server VM (25.65-b01) for windows-amd64 JRE (1.8.0_65-b17), built on Oct  6 2015 16:39:20 by "java_re" with MS VC++ 10.0 (VS2010)

time: Thu Dec 24 16:09:13 2015
elapsed time: 1183 seconds (0d 0h 19m 43s)

