#
# A fatal error has been detected by the Java Runtime Environment:
#
#  EXCEPTION_ACCESS_VIOLATION (0xc0000005) at pc=0x0000000002d827b6, pid=948, tid=3024
#
# JRE version: Java(TM) SE Runtime Environment (8.0_65-b17) (build 1.8.0_65-b17)
# Java VM: Java HotSpot(TM) 64-Bit Server VM (25.65-b01 mixed mode windows-amd64 compressed oops)
# Problematic frame:
# j  java.security.Provider.getService(Ljava/lang/String;Ljava/lang/String;)Ljava/security/Provider$Service;+79
#
# Failed to write core dump. Minidumps are not enabled by default on client versions of Windows
#
# If you would like to submit a bug report, please visit:
#   http://bugreport.java.com/bugreport/crash.jsp
#

---------------  T H R E A D  ---------------

Current thread (0x0000000002c60800):  JavaThread "main" [_thread_in_Java, id=3024, stack(0x0000000002880000,0x0000000002980000)]

siginfo: ExceptionCode=0xc0000005, reading address 0x00000000ef6725e8

Registers:
RAX=0x0000000100007118, RBX=0x0000000000000002, RCX=0x00000000ef6725e0, RDX=0x0000000070000002
RSP=0x000000000297f240, RBP=0x000000000297f2a8, RSI=0x0000000014ddf088, RDI=0x0000000000000138
R8 =0x0000000000000031, R9 =0x00000000ef1dddd0, R10=0x0000000071ed20f0, R11=0x0000000000000000
R12=0x0000000000000000, R13=0x0000000014dc4e0f, R14=0x000000000297f2d8, R15=0x0000000002c60800
RIP=0x0000000002d827b6, EFLAGS=0x0000000000010246

Top of Stack: (sp=0x000000000297f240)
0x000000000297f240:   0000000002d67b44 00000000eb2f92a8
0x000000000297f250:   00000000ef6725e0 0000000000000011
0x000000000297f260:   00000000ef25c938 000000000297f258
0x000000000297f270:   0000000014dc4e0f 000000000297f2d8
0x000000000297f280:   0000000014dc63c8 0000000000000000
0x000000000297f290:   0000000014dc4e30 0000000000000000
0x000000000297f2a0:   000000000297f2c8 000000000297f320
0x000000000297f2b0:   0000000002d67a70 0000000000000000
0x000000000297f2c0:   00000000eb2f92a8 00000000ef264f58
0x000000000297f2d0:   00000000ef251688 00000000ef25c938
0x000000000297f2e0:   000000000297f2e0 0000000014dbe566
0x000000000297f2f0:   000000000297f358 0000000014dbea48
0x000000000297f300:   0000000000000000 0000000014dbe588
0x000000000297f310:   000000000297f2c8 000000000297f348
0x000000000297f320:   000000000297f3a0 0000000002d67a70
0x000000000297f330:   0000000000000000 00000000ef25c938 

Instructions: (pc=0x0000000002d827b6)
0x0000000002d82796:   d8 41 83 ed 04 41 c1 e5 03 49 03 d5 48 89 55 e0
0x0000000002d827a6:   4c 8d 6c 24 08 4c 89 6d f0 ff 63 50 4c 8b 75 d0
0x0000000002d827b6:   8b 51 08 48 c1 e2 03 4c 8b 6d e0 4d 85 ed 0f 84
0x0000000002d827c6:   97 00 00 00 4d 8b 75 10 4c 3b f2 0f 85 0f 00 00 


Register to memory mapping:

RAX=0x0000000100007118 is pointing into metadata
RBX=0x0000000000000002 is an unknown value
RCX=0x00000000ef6725e0 is an unallocated location in the heap
RDX=0x0000000070000002 is an unknown value
RSP=0x000000000297f240 is pointing into the stack for thread: 0x0000000002c60800
RBP=0x000000000297f2a8 is pointing into the stack for thread: 0x0000000002c60800
RSI=0x0000000014ddf088 is pointing into metadata
RDI=0x0000000000000138 is an unknown value
R8 =0x0000000000000031 is an unknown value
R9 =0x00000000ef1dddd0 is an oop
java.lang.Class 
 - klass: 'java/lang/Class'
R10=0x0000000071ed20f0 is an unknown value
R11=0x0000000000000000 is an unknown value
R12=0x0000000000000000 is an unknown value
R13=0x0000000014dc4e0f is pointing into metadata
R14=0x000000000297f2d8 is pointing into the stack for thread: 0x0000000002c60800
R15=0x0000000002c60800 is a thread


Stack: [0x0000000002880000,0x0000000002980000],  sp=0x000000000297f240,  free space=1020k
Native frames: (J=compiled Java code, j=interpreted, Vv=VM code, C=native code)
C  0x0000000002d827b6


---------------  P R O C E S S  ---------------

Java Threads: ( => current thread )
  0x0000000015434800 JavaThread "Service Thread" daemon [_thread_blocked, id=3472, stack(0x0000000017170000,0x0000000017270000)]
  0x0000000015432800 JavaThread "C1 CompilerThread2" daemon [_thread_blocked, id=4028, stack(0x0000000016c70000,0x0000000016d70000)]
  0x000000001542f800 JavaThread "C2 CompilerThread1" daemon [_thread_in_native, id=3972, stack(0x0000000016b70000,0x0000000016c70000)]
  0x000000001542d000 JavaThread "C2 CompilerThread0" daemon [_thread_in_native, id=2952, stack(0x0000000016a70000,0x0000000016b70000)]
  0x0000000015437000 JavaThread "Attach Listener" daemon [_thread_blocked, id=1736, stack(0x0000000016970000,0x0000000016a70000)]
  0x0000000015436000 JavaThread "Signal Dispatcher" daemon [_thread_blocked, id=800, stack(0x0000000016870000,0x0000000016970000)]
  0x0000000002d57800 JavaThread "Finalizer" daemon [_thread_blocked, id=2292, stack(0x00000000166a0000,0x00000000167a0000)]
  0x0000000002d4f000 JavaThread "Reference Handler" daemon [_thread_blocked, id=3276, stack(0x00000000165a0000,0x00000000166a0000)]
=>0x0000000002c60800 JavaThread "main" [_thread_in_Java, id=3024, stack(0x0000000002880000,0x0000000002980000)]

Other Threads:
  0x00000000153f7800 VMThread [stack: 0x00000000164a0000,0x00000000165a0000] [id=3112]
  0x0000000016dbd000 WatcherThread [stack: 0x0000000017270000,0x0000000017370000] [id=4072]

VM state:not at safepoint (normal execution)

VM Mutex/Monitor currently owned by a thread: None

Heap:
 PSYoungGen      total 68608K, used 13923K [0x00000000eab00000, 0x00000000ef300000, 0x0000000100000000)
  eden space 63488K, 13% used [0x00000000eab00000,0x00000000eb3a0aa8,0x00000000ee900000)
  from space 5120K, 99% used [0x00000000eee00000,0x00000000ef2f8418,0x00000000ef300000)
  to   space 5120K, 0% used [0x00000000ee900000,0x00000000ee900000,0x00000000eee00000)
 ParOldGen       total 84992K, used 11456K [0x00000000c0000000, 0x00000000c5300000, 0x00000000eab00000)
  object space 84992K, 13% used [0x00000000c0000000,0x00000000c0b30178,0x00000000c5300000)
 Metaspace       used 7075K, capacity 7736K, committed 7936K, reserved 1056768K
  class space    used 722K, capacity 752K, committed 768K, reserved 1048576K

Card table byte_map: [0x0000000012120000,0x0000000012330000] byte_map_base: 0x0000000011b20000

Marking Bits: (ParMarkBitMap*) 0x0000000071eea5b0
 Begin Bits: [0x0000000012890000, 0x0000000013890000)
 End Bits:   [0x0000000013890000, 0x0000000014890000)

Polling page: 0x0000000000f90000

CodeCache: size=245760Kb used=5666Kb max_used=5666Kb free=240093Kb
 bounds [0x0000000002d60000, 0x00000000032f0000, 0x0000000011d60000]
 total_blobs=2079 nmethods=1794 adapters=198
 compilation: enabled

Compilation events (10 events):
Event: 0.980 Thread 0x0000000015432800 1819       2       com.android.dx.io.instructions.InstructionCodec$7::encode (23 bytes)
Event: 0.980 Thread 0x0000000015432800 nmethod 1819 0x00000000032ea750 code [0x00000000032ea8c0, 0x00000000032eab28]
Event: 0.989 Thread 0x0000000015432800 1821       2       com.android.dx.io.instructions.InstructionCodec$23::decode (87 bytes)
Event: 0.990 Thread 0x0000000015432800 nmethod 1821 0x00000000032ed890 code [0x00000000032eda60, 0x00000000032ee018]
Event: 0.990 Thread 0x0000000015432800 1822       2       com.android.dx.io.instructions.InstructionCodec$23::encode (37 bytes)
Event: 0.990 Thread 0x0000000015432800 nmethod 1822 0x00000000032ed150 code [0x00000000032ed2e0, 0x00000000032ed598]
Event: 0.995 Thread 0x0000000015432800 1824       2       com.android.dx.io.instructions.InstructionCodec$22::decode (37 bytes)
Event: 0.995 Thread 0x0000000015432800 nmethod 1824 0x00000000032ee750 code [0x00000000032ee900, 0x00000000032eed88]
Event: 0.995 Thread 0x0000000015432800 1825       2       com.android.dx.io.instructions.InstructionCodec$22::encode (31 bytes)
Event: 0.996 Thread 0x0000000015432800 nmethod 1825 0x00000000032ef290 code [0x00000000032ef420, 0x00000000032ef6e8]

GC Heap History (4 events):
Event: 0.620 GC heap before
{Heap before GC invocations=1 (full 0):
 PSYoungGen      total 36864K, used 31744K [0x00000000eab00000, 0x00000000ed400000, 0x0000000100000000)
  eden space 31744K, 100% used [0x00000000eab00000,0x00000000eca00000,0x00000000eca00000)
  from space 5120K, 0% used [0x00000000ecf00000,0x00000000ecf00000,0x00000000ed400000)
  to   space 5120K, 0% used [0x00000000eca00000,0x00000000eca00000,0x00000000ecf00000)
 ParOldGen       total 84992K, used 0K [0x00000000c0000000, 0x00000000c5300000, 0x00000000eab00000)
  object space 84992K, 0% used [0x00000000c0000000,0x00000000c0000000,0x00000000c5300000)
 Metaspace       used 6558K, capacity 7224K, committed 7424K, reserved 1056768K
  class space    used 670K, capacity 688K, committed 768K, reserved 1048576K
Event: 0.627 GC heap after
Heap after GC invocations=1 (full 0):
 PSYoungGen      total 36864K, used 5113K [0x00000000eab00000, 0x00000000ef300000, 0x0000000100000000)
  eden space 31744K, 0% used [0x00000000eab00000,0x00000000eab00000,0x00000000eca00000)
  from space 5120K, 99% used [0x00000000eca00000,0x00000000ecefe770,0x00000000ecf00000)
  to   space 5120K, 0% used [0x00000000eee00000,0x00000000eee00000,0x00000000ef300000)
 ParOldGen       total 84992K, used 10089K [0x00000000c0000000, 0x00000000c5300000, 0x00000000eab00000)
  object space 84992K, 11% used [0x00000000c0000000,0x00000000c09da590,0x00000000c5300000)
 Metaspace       used 6558K, capacity 7224K, committed 7424K, reserved 1056768K
  class space    used 670K, capacity 688K, committed 768K, reserved 1048576K
}
Event: 0.942 GC heap before
{Heap before GC invocations=2 (full 0):
 PSYoungGen      total 36864K, used 36857K [0x00000000eab00000, 0x00000000ef300000, 0x0000000100000000)
  eden space 31744K, 100% used [0x00000000eab00000,0x00000000eca00000,0x00000000eca00000)
  from space 5120K, 99% used [0x00000000eca00000,0x00000000ecefe770,0x00000000ecf00000)
  to   space 5120K, 0% used [0x00000000eee00000,0x00000000eee00000,0x00000000ef300000)
 ParOldGen       total 84992K, used 10089K [0x00000000c0000000, 0x00000000c5300000, 0x00000000eab00000)
  object space 84992K, 11% used [0x00000000c0000000,0x00000000c09da590,0x00000000c5300000)
 Metaspace       used 7066K, capacity 7736K, committed 7936K, reserved 1056768K
  class space    used 722K, capacity 752K, committed 768K, reserved 1048576K
Event: 0.950 GC heap after
Heap after GC invocations=2 (full 0):
 PSYoungGen      total 68608K, used 5089K [0x00000000eab00000, 0x00000000ef300000, 0x0000000100000000)
  eden space 63488K, 0% used [0x00000000eab00000,0x00000000eab00000,0x00000000ee900000)
  from space 5120K, 99% used [0x00000000eee00000,0x00000000ef2f8418,0x00000000ef300000)
  to   space 5120K, 0% used [0x00000000ee900000,0x00000000ee900000,0x00000000eee00000)
 ParOldGen       total 84992K, used 11456K [0x00000000c0000000, 0x00000000c5300000, 0x00000000eab00000)
  object space 84992K, 13% used [0x00000000c0000000,0x00000000c0b30178,0x00000000c5300000)
 Metaspace       used 7066K, capacity 7736K, committed 7936K, reserved 1056768K
  class space    used 722K, capacity 752K, committed 768K, reserved 1048576K
}

Deoptimization events (10 events):
Event: 0.784 Thread 0x0000000002c60800 Uncommon trap: reason=predicate action=maybe_recompile pc=0x000000000322396c method=com.android.dex.Leb128.readUnsignedLeb128(Lcom/android/dex/util/ByteInput;)I @ 41
Event: 0.788 Thread 0x0000000002c60800 Uncommon trap: reason=class_check action=maybe_recompile pc=0x00000000031d531c method=com.android.dx.merge.DexMerger$IdMerger$UnsortedValue.compareTo(Lcom/android/dx/merge/DexMerger$IdMerger$UnsortedValue;)I @ 8
Event: 0.788 Thread 0x0000000002c60800 Uncommon trap: reason=class_check action=maybe_recompile pc=0x00000000031d531c method=com.android.dx.merge.DexMerger$IdMerger$UnsortedValue.compareTo(Lcom/android/dx/merge/DexMerger$IdMerger$UnsortedValue;)I @ 8
Event: 0.788 Thread 0x0000000002c60800 Uncommon trap: reason=class_check action=maybe_recompile pc=0x00000000031d531c method=com.android.dx.merge.DexMerger$IdMerger$UnsortedValue.compareTo(Lcom/android/dx/merge/DexMerger$IdMerger$UnsortedValue;)I @ 8
Event: 0.788 Thread 0x0000000002c60800 Uncommon trap: reason=class_check action=maybe_recompile pc=0x00000000031d531c method=com.android.dx.merge.DexMerger$IdMerger$UnsortedValue.compareTo(Lcom/android/dx/merge/DexMerger$IdMerger$UnsortedValue;)I @ 8
Event: 0.788 Thread 0x0000000002c60800 Uncommon trap: reason=class_check action=maybe_recompile pc=0x00000000031d8d38 method=com.android.dx.merge.DexMerger$IdMerger$UnsortedValue.compareTo(Lcom/android/dx/merge/DexMerger$IdMerger$UnsortedValue;)I @ 8
Event: 0.802 Thread 0x0000000002c60800 Uncommon trap: reason=unstable_if action=reinterpret pc=0x0000000003171444 method=java.util.HashMap.putVal(ILjava/lang/Object;Ljava/lang/Object;ZZ)Ljava/lang/Object; @ 162
Event: 0.802 Thread 0x0000000002c60800 Uncommon trap: reason=unstable_if action=reinterpret pc=0x000000000316c95c method=java.util.HashMap.putVal(ILjava/lang/Object;Ljava/lang/Object;ZZ)Ljava/lang/Object; @ 162
Event: 0.848 Thread 0x0000000002c60800 Uncommon trap: reason=unstable_if action=reinterpret pc=0x00000000031ee2f4 method=com.android.dx.merge.IndexMap.adjustString(I)I @ 2
Event: 0.852 Thread 0x0000000002c60800 Uncommon trap: reason=unstable_if action=reinterpret pc=0x00000000030f4184 method=java.util.HashMap.getNode(ILjava/lang/Object;)Ljava/util/HashMap$Node; @ 84

Internal exceptions (2 events):
Event: 0.029 Thread 0x0000000002c60800 Exception <a 'java/lang/NoSuchMethodError': Method sun.misc.Unsafe.defineClass(Ljava/lang/String;[BII)Ljava/lang/Class; name or signature does not match> (0x00000000eab0d708) thrown at [C:\workspace\8-2-build-windows-amd64-cygwin\jdk8u65\4987\hotspot\src\sÌpFQœ4ž?
Event: 0.029 Thread 0x0000000002c60800 Exception <a 'java/lang/NoSuchMethodError': Method sun.misc.Unsafe.prefetchRead(Ljava/lang/Object;J)V name or signature does not match> (0x00000000eab0d9f0) thrown at [C:\workspace\8-2-build-windows-amd64-cygwin\jdk8u65\4987\hotspot\src\share\vm\prims\jni.

Events (10 events):
Event: 0.954 Thread 0x0000000002c60800 DEOPT PACKING pc=0x00000000032ab809 sp=0x000000000297f200
Event: 0.954 Thread 0x0000000002c60800 DEOPT UNPACKING pc=0x0000000002da787f sp=0x000000000297eef8 mode 0
Event: 0.958 Thread 0x0000000002c60800 DEOPT PACKING pc=0x00000000031c95a5 sp=0x000000000297f1a0
Event: 0.958 Thread 0x0000000002c60800 DEOPT UNPACKING pc=0x0000000002da787f sp=0x000000000297eed0 mode 0
Event: 0.959 Thread 0x0000000002c60800 DEOPT PACKING pc=0x000000000327d9c6 sp=0x000000000297f1b0
Event: 0.959 Thread 0x0000000002c60800 DEOPT UNPACKING pc=0x0000000002da787f sp=0x000000000297eed0 mode 0
Event: 0.962 Thread 0x0000000002c60800 DEOPT PACKING pc=0x000000000327d9c6 sp=0x000000000297f1b0
Event: 0.962 Thread 0x0000000002c60800 DEOPT UNPACKING pc=0x0000000002da787f sp=0x000000000297eed0 mode 0
Event: 0.965 Thread 0x0000000002c60800 DEOPT PACKING pc=0x000000000327d9c6 sp=0x000000000297f1b0
Event: 0.965 Thread 0x0000000002c60800 DEOPT UNPACKING pc=0x0000000002da787f sp=0x000000000297eed0 mode 0


Dynamic libraries:
0x000007f79e8d0000 - 0x000007f79e907000 	C:\Program Files\Java\jdk1.8.0_65\bin\java.exe
0x000007fdd57d0000 - 0x000007fdd598e000 	C:\Windows\SYSTEM32\ntdll.dll
0x000007fdd5540000 - 0x000007fdd5676000 	C:\Windows\system32\KERNEL32.DLL
0x000007fdd2930000 - 0x000007fdd2a23000 	C:\Windows\system32\KERNELBASE.dll
0x000007fdd2de0000 - 0x000007fdd2ebe000 	C:\Windows\system32\ADVAPI32.dll
0x000007fdd4ad0000 - 0x000007fdd4c1c000 	C:\Windows\system32\USER32.dll
0x000007fdce980000 - 0x000007fdcebe9000 	C:\Windows\WinSxS\amd64_microsoft.windows.common-controls_6595b64144ccf1df_6.0.9200.16384_none_418c2a697189c07f\COMCTL32.dll
0x000007fdd47c0000 - 0x000007fdd4865000 	C:\Windows\system32\msvcrt.dll
0x000007fdd4f00000 - 0x000007fdd4f48000 	C:\Windows\SYSTEM32\sechost.dll
0x000007fdd5690000 - 0x000007fdd57d0000 	C:\Windows\system32\RPCRT4.dll
0x000007fdd2ef0000 - 0x000007fdd3030000 	C:\Windows\system32\GDI32.dll
0x000007fdd4f50000 - 0x000007fdd4f89000 	C:\Windows\system32\IMM32.DLL
0x000007fdd3030000 - 0x000007fdd3144000 	C:\Windows\system32\MSCTF.dll
0x0000000071600000 - 0x00000000716d2000 	C:\Program Files\Java\jdk1.8.0_65\jre\bin\msvcr100.dll
0x00000000716e0000 - 0x0000000071f69000 	C:\Program Files\Java\jdk1.8.0_65\jre\bin\server\jvm.dll
0x000007fdd0a70000 - 0x000007fdd0a79000 	C:\Windows\SYSTEM32\WSOCK32.dll
0x000007fdceda0000 - 0x000007fdcedc0000 	C:\Windows\SYSTEM32\WINMM.dll
0x000007fdcd6f0000 - 0x000007fdcd6f9000 	C:\Windows\SYSTEM32\VERSION.dll
0x000007fdd4940000 - 0x000007fdd4947000 	C:\Windows\system32\PSAPI.DLL
0x000007fdd54e0000 - 0x000007fdd5538000 	C:\Windows\system32\WS2_32.dll
0x000007fdced60000 - 0x000007fdced92000 	C:\Windows\SYSTEM32\WINMMBASE.dll
0x000007fdd5680000 - 0x000007fdd5689000 	C:\Windows\system32\NSI.dll
0x00000000715f0000 - 0x00000000715ff000 	C:\Program Files\Java\jdk1.8.0_65\jre\bin\verify.dll
0x00000000715c0000 - 0x00000000715e9000 	C:\Program Files\Java\jdk1.8.0_65\jre\bin\java.dll
0x00000000715a0000 - 0x00000000715b6000 	C:\Program Files\Java\jdk1.8.0_65\jre\bin\zip.dll
0x000007fdd34d0000 - 0x000007fdd47b5000 	C:\Windows\system32\SHELL32.dll
0x000007fdd3150000 - 0x000007fdd3300000 	C:\Windows\SYSTEM32\combase.dll
0x000007fdd5040000 - 0x000007fdd5090000 	C:\Windows\system32\SHLWAPI.dll
0x000007fdd0950000 - 0x000007fdd09e6000 	C:\Windows\SYSTEM32\SHCORE.dll
0x000007fdd2700000 - 0x000007fdd2715000 	C:\Windows\SYSTEM32\profapi.dll
0x000007fdc5e80000 - 0x000007fdc5fe3000 	C:\Windows\SYSTEM32\dbghelp.dll

VM Arguments:
jvm_args: -Xmx1024M -Dfile.encoding=windows-1252 -Duser.country=US -Duser.language=en -Duser.variant 
java_command: com.android.dx.command.Main --dex --num-threads=4 --output D:\AndroidStudioProjects\CineWhoop\app\build\intermediates\dex\debug D:\AndroidStudioProjects\CineWhoop\app\build\intermediates\classes\debug D:\AndroidStudioProjects\CineWhoop\app\build\intermediates\pre-dexed\debug\support-annotations-23.1.1-de9297d24b91e3b52234124b442d205914f3ac99.jar D:\AndroidStudioProjects\CineWhoop\app\build\intermediates\pre-dexed\debug\classes-8421a8087a7ff0c2b066b1dafc45b9a47c7a1e18.jar D:\AndroidStudioProjects\CineWhoop\app\build\intermediates\pre-dexed\debug\classes-789ef35446f6900dda063b74e0f7d1b13c00810f.jar D:\AndroidStudioProjects\CineWhoop\app\build\intermediates\pre-dexed\debug\internal_impl-23.1.1-24782f1cecd3b544bffe0bc393eb7dcda78bffaa.jar D:\AndroidStudioProjects\CineWhoop\app\build\intermediates\pre-dexed\debug\classes-bb4dbe7c994d82e9814c531fc5b4e7f32061a107.jar D:\AndroidStudioProjects\CineWhoop\app\build\intermediates\pre-dexed\debug\classes-b2ca53c85ebf811cfcdc81d6c57cd7f900e01657.jar D:\AndroidStudioProjects\CineWhoop\app\build\intermediates\pre-dexed\debug\classes-668405221ceaba26f7d42bc4ac8b6de325ceddb5.jar
java_class_path (initial): D:\sdkandroid\build-tools\23.0.2\lib\dx.jar
Launcher Type: SUN_STANDARD

Environment Variables:
PATH=C:\ProgramData\Oracle\Java\javapath;C:\Windows\system32;C:\Windows;C:\Windows\System32\Wbem;C:\Windows\System32\WindowsPowerShell\v1.0\
USERNAME=john
OS=Windows_NT
PROCESSOR_IDENTIFIER=Intel64 Family 6 Model 58 Stepping 9, GenuineIntel



---------------  S Y S T E M  ---------------

OS: Windows 8 , 64 bit Build 9200 (6.2.9200.16384)

CPU:total 4 (2 cores per cpu, 2 threads per core) family 6 model 58 stepping 9, cmov, cx8, fxsr, mmx, sse, sse2, sse3, ssse3, sse4.1, sse4.2, popcnt, avx, clmul, erms, ht, tsc, tscinvbit, tscinv

Memory: 4k page, physical 8079884k(3159484k free), swap 16206348k(10609868k free)

vm_info: Java HotSpot(TM) 64-Bit Server VM (25.65-b01) for windows-amd64 JRE (1.8.0_65-b17), built on Oct  6 2015 16:39:20 by "java_re" with MS VC++ 10.0 (VS2010)

time: Mon Dec 28 12:47:36 2015
elapsed time: 1 seconds (0d 0h 0m 1s)

