JvmtiExport can_access_local_variables 0
JvmtiExport can_hotswap_or_post_breakpoint 0
JvmtiExport can_post_on_exceptions 0
# 328 ciObject found
ciMethod java/lang/Object <init> ()V 4097 1 651652 0 0
ciMethod java/lang/System arraycopy (Ljava/lang/Object;ILjava/lang/Object;II)V 5121 1 640 0 -1
ciMethod java/lang/NullPointerException <init> (Ljava/lang/String;)V 0 0 1 0 -1
ciMethod java/util/ArrayList <init> ()V 137 1 56006 0 -1
ciMethod java/util/ArrayList add (Ljava/lang/Object;)Z 641 1 191056 0 -1
ciMethodData java/lang/Object <init> ()V 2 651652 orig 264 216 160 182 97 0 0 0 0 128 4 223 20 0 0 0 0 32 1 0 0 0 0 0 0 0 0 0 0 0 0 0 0 0 0 0 0 0 0 0 0 0 0 0 0 0 0 0 0 0 0 0 0 0 0 0 0 0 0 0 0 0 0 0 0 0 0 0 0 0 0 0 0 0 0 0 0 0 0 0 0 77 68 79 32 101 120 116 114 97 32 100 97 116 97 32 108 111 99 107 0 0 0 0 0 0 0 0 0 0 0 0 0 0 0 0 0 0 0 0 0 0 0 0 0 0 0 0 0 0 0 0 0 0 0 0 0 0 0 0 0 0 0 0 0 0 0 0 0 0 0 0 0 0 0 0 0 0 0 0 0 0 0 0 0 0 0 0 0 0 0 0 0 0 0 0 0 0 0 0 0 0 0 0 0 1 0 0 0 0 0 0 0 1 0 0 0 0 0 0 0 1 0 0 0 0 0 0 0 0 0 0 0 0 0 0 0 0 2 0 0 33 124 79 0 1 0 0 0 0 0 0 0 0 0 0 0 2 0 0 0 0 0 3 0 1 0 0 0 0 0 0 0 255 255 255 255 0 0 0 0 0 0 0 0 data 0 oops 0
ciMethod com/android/dx/rop/cst/ConstantPool get (I)Lcom/android/dx/rop/cst/Constant; 0 0 1 0 -1
ciMethod com/android/dx/util/ByteArray getByte (I)I 65 1 252 0 0
ciMethod com/android/dx/util/ByteArray getShort (I)I 337 1 678 0 0
ciMethod com/android/dx/util/ByteArray getInt (I)I 1337 1 4412 0 0
ciMethod com/android/dx/util/ByteArray getUnsignedByte (I)I 2177 1 42068 0 224
ciMethod com/android/dx/util/ByteArray getUnsignedShort (I)I 2049 1 29579 0 288
ciMethod com/android/dx/util/ByteArray checkOffsets (II)V 2121 1 7468 0 128
ciMethod com/android/dx/util/ByteArray getByte0 (I)I 2313 1 5344 0 0
ciMethod com/android/dx/util/ByteArray getUnsignedByte0 (I)I 2169 1 120624 0 96
ciMethod com/android/dx/cf/code/BytecodeArray$Visitor visitInvalid (III)V 0 0 1 0 -1
ciMethod com/android/dx/cf/code/BytecodeArray$Visitor visitNoArgs (IIILcom/android/dx/rop/type/Type;)V 0 0 1 0 -1
ciMethod com/android/dx/cf/code/BytecodeArray$Visitor visitLocal (IIIILcom/android/dx/rop/type/Type;I)V 0 0 1 0 -1
ciMethod com/android/dx/cf/code/BytecodeArray$Visitor visitConstant (IIILcom/android/dx/rop/cst/Constant;I)V 0 0 1 0 -1
ciMethod com/android/dx/cf/code/BytecodeArray$Visitor visitBranch (IIII)V 0 0 1 0 -1
ciMethod com/android/dx/cf/code/BytecodeArray$Visitor visitSwitch (IIILcom/android/dx/cf/code/SwitchList;I)V 0 0 1 0 -1
ciMethod com/android/dx/cf/code/BytecodeArray$Visitor visitNewarray (IILcom/android/dx/rop/cst/CstType;Ljava/util/ArrayList;)V 0 0 1 0 -1
ciMethod com/android/dx/cf/code/BytecodeArray$Visitor getPreviousOffset ()I 0 0 1 0 -1
ciMethod com/android/dx/rop/cst/CstInteger make (I)Lcom/android/dx/rop/cst/CstInteger; 129 1 1860 0 -1
ciMethod com/android/dx/rop/cst/CstInteger <init> (I)V 233 1 80 0 -1
ciMethod com/android/dx/rop/cst/CstInteger getValue ()I 3153 1 5317 0 -1
ciMethod com/android/dx/rop/cst/CstLiteral32 getIntBits ()I 2585 1 323 0 -1
ciMethod com/android/dx/rop/cst/CstFieldRef getType ()Lcom/android/dx/rop/type/Type; 1281 1 2660 0 -1
ciMethod com/android/dx/rop/cst/CstBaseMethodRef getPrototype (Z)Lcom/android/dx/rop/type/Prototype; 2553 1 2995 0 -1
ciMethod com/android/dx/rop/cst/CstInterfaceMethodRef toMethodRef ()Lcom/android/dx/rop/cst/CstMethodRef; 161 1 69 0 -1
ciMethod com/android/dx/rop/cst/StdConstantPool get (I)Lcom/android/dx/rop/cst/Constant; 3081 1 11313 0 128
ciMethod com/android/dx/rop/cst/StdConstantPool throwInvalid (I)Lcom/android/dx/rop/cst/Constant; 0 0 1 0 -1
ciMethod com/android/dx/util/MutabilityControl <init> (Z)V 2249 1 38343 0 32
ciMethod com/android/dx/util/MutabilityControl setImmutable ()V 3121 1 115937 0 0
ciMethod com/android/dx/util/MutabilityControl throwIfImmutable ()V 2049 1 223378 0 64
ciMethod com/android/dx/rop/type/Type getBasicFrameType ()I 4097 1 1862 0 -1
ciMethod com/android/dx/rop/type/Type isCategory1 ()Z 57 1 21 0 -1
ciMethod com/android/dx/rop/type/Type isCategory2 ()Z 4097 1 3559 0 -1
ciMethod com/android/dx/rop/type/Type isArrayOrKnownNull ()Z 41 1 7 0 -1
ciMethod com/android/dx/rop/type/Type getComponentType ()Lcom/android/dx/rop/type/Type; 0 0 96 0 -1
ciMethod com/android/dx/rop/type/Prototype internInts (Lcom/android/dx/rop/type/Type;I)Lcom/android/dx/rop/type/Prototype; 0 0 1 0 -1
ciMethod com/android/dx/util/FixedSizeList <init> (I)V 3177 1 6541 0 256
ciMethod com/android/dx/util/FixedSizeList size ()I 3217 1 274797 0 0
ciMethod com/android/dx/util/FixedSizeList get0 (I)Ljava/lang/Object; 2129 1 11461 0 128
ciMethod com/android/dx/util/FixedSizeList set0 (ILjava/lang/Object;)V 2817 1 102721 0 -1
ciMethod com/android/dx/util/FixedSizeList throwIndex (I)Ljava/lang/Object; 0 0 1 0 -1
ciMethodData com/android/dx/util/ByteArray getUnsignedByte0 (I)I 2 120624 orig 264 216 160 182 97 0 0 0 0 40 158 34 21 0 0 0 0 40 1 0 0 0 0 0 0 0 0 0 0 0 0 0 0 0 0 0 0 0 0 0 0 0 0 0 0 0 0 0 0 0 0 0 0 0 0 0 0 0 0 0 0 0 0 0 0 0 0 0 0 0 0 0 0 0 0 0 0 0 0 0 0 77 68 79 32 101 120 116 114 97 32 100 97 116 97 32 108 111 99 107 0 0 0 0 0 0 0 0 0 0 0 0 0 0 0 0 0 0 0 0 0 0 0 0 0 0 0 0 0 0 0 0 0 0 0 0 0 0 0 0 0 0 0 0 0 0 0 0 0 0 0 0 0 0 0 0 0 0 0 0 0 0 0 0 0 0 0 0 0 0 0 0 0 0 0 0 0 0 0 0 0 0 0 0 0 1 0 0 0 0 0 0 0 0 0 0 0 0 0 0 0 1 0 0 0 0 0 0 0 0 0 0 0 0 0 0 0 15 1 0 0 9 177 14 0 1 0 0 0 0 0 0 0 0 0 0 0 2 0 0 0 0 0 3 0 1 0 0 0 0 0 0 0 255 255 255 255 0 0 0 0 0 0 0 0 data 0 oops 0
ciMethodData com/android/dx/util/ByteArray checkOffsets (II)V 2 7468 orig 264 216 160 182 97 0 0 0 0 160 156 34 21 0 0 0 0 40 3 0 0 64 0 0 0 0 0 0 0 0 0 0 0 0 0 0 0 0 0 0 0 0 0 0 0 0 0 0 0 0 0 0 0 0 0 0 0 0 0 0 0 0 0 0 0 0 0 0 0 0 0 0 0 0 0 0 0 0 0 0 0 77 68 79 32 101 120 116 114 97 32 100 97 116 97 32 108 111 99 107 0 0 0 0 0 0 0 0 0 0 0 0 0 0 0 0 0 0 0 0 0 0 0 0 0 0 0 0 0 0 0 0 0 0 0 0 0 0 0 0 0 0 0 0 0 0 0 0 0 0 0 0 0 0 0 0 0 0 0 0 0 0 0 0 0 0 0 0 0 0 0 0 0 0 0 0 0 0 0 0 0 0 0 0 0 25 0 0 0 0 0 0 0 0 0 0 0 0 0 0 0 1 0 0 0 0 0 0 0 0 0 0 0 0 0 0 0 9 1 0 0 25 225 0 0 1 0 0 0 0 0 0 0 0 0 0 0 2 0 0 0 0 0 10 0 2 0 0 0 208 1 0 0 255 255 255 255 7 0 1 0 0 0 0 0 data 58 0x10007 0x0 0x60 0x1c23 0x60007 0x0 0x40 0x1c23 0xe0007 0x1c23 0x190 0x0 0x190002 0x0 0x1e0005 0x0 0x0 0x0 0x0 0x0 0x220005 0x0 0x0 0x0 0x0 0x0 0x270005 0x0 0x0 0x0 0x0 0x0 0x2b0005 0x0 0x0 0x0 0x0 0x0 0x300005 0x0 0x0 0x0 0x0 0x0 0x370005 0x0 0x0 0x0 0x0 0x0 0x3a0005 0x0 0x0 0x0 0x0 0x0 0x3d0002 0x0 oops 0
ciMethodData com/android/dx/util/ByteArray getUnsignedByte (I)I 2 42068 orig 264 216 160 182 97 0 0 0 0 224 153 34 21 0 0 0 0 72 1 0 0 0 0 0 0 0 0 0 0 0 0 0 0 0 0 0 0 0 0 0 0 0 0 0 0 0 0 0 0 0 0 0 0 0 0 0 0 0 0 0 0 0 0 0 0 0 0 0 0 0 0 0 0 0 0 0 0 0 0 0 0 77 68 79 32 101 120 116 114 97 32 100 97 116 97 32 108 111 99 107 0 0 0 0 0 0 0 0 0 0 0 0 0 0 0 0 0 0 0 0 0 0 0 0 0 0 0 0 0 0 0 0 0 0 0 0 0 0 0 0 0 0 0 0 0 0 0 0 0 0 0 0 0 0 0 0 0 0 0 0 0 0 0 0 0 0 0 0 0 0 0 0 0 0 0 0 0 0 0 0 0 0 0 0 0 17 0 0 0 0 0 0 0 0 0 0 0 0 0 0 0 1 0 0 0 0 0 0 0 0 0 0 0 0 0 0 0 16 1 0 0 33 26 5 0 1 0 0 0 0 0 0 0 0 0 0 0 2 0 0 0 0 0 3 0 2 0 0 0 32 0 0 0 255 255 255 255 2 0 5 0 0 0 0 0 data 4 0x50002 0xa344 0xa0002 0xa343 oops 0
ciMethod com/android/dx/cf/code/BytecodeArray parseInstruction (ILcom/android/dx/cf/code/BytecodeArray$Visitor;)I 72825 1 14789 0 -1
ciMethod com/android/dx/cf/code/BytecodeArray parseTableswitch (ILcom/android/dx/cf/code/BytecodeArray$Visitor;)I 1 1 19 0 0
ciMethod com/android/dx/cf/code/BytecodeArray parseLookupswitch (ILcom/android/dx/cf/code/BytecodeArray$Visitor;)I 17 129 16 0 0
ciMethod com/android/dx/cf/code/BytecodeArray parseNewarray (ILcom/android/dx/cf/code/BytecodeArray$Visitor;)I 1 1 8 0 0
ciMethod com/android/dx/cf/code/BytecodeArray parseWide (ILcom/android/dx/cf/code/BytecodeArray$Visitor;)I 0 0 1 0 0
ciMethod com/android/dx/cf/code/ByteCatchList <init> (I)V 9 1 122 0 0
ciMethod com/android/dx/cf/code/ByteCatchList get (I)Lcom/android/dx/cf/code/ByteCatchList$Item; 0 0 1232 0 0
ciMethod com/android/dx/cf/code/ByteCatchList set (ILcom/android/dx/cf/code/ByteCatchList$Item;)V 0 0 142 0 0
ciMethod com/android/dx/cf/code/ByteCatchList listFor (I)Lcom/android/dx/cf/code/ByteCatchList; 4097 1 5275 0 0
ciMethod com/android/dx/cf/code/ByteCatchList typeNotFound (Lcom/android/dx/cf/code/ByteCatchList$Item;[Lcom/android/dx/cf/code/ByteCatchList$Item;I)Z 1 1 142 0 0
ciMethod com/android/dx/cf/code/ByteCatchList toTargetList (I)Lcom/android/dx/util/IntList; 4097 1 5274 0 0
ciMethod com/android/dx/cf/code/LocalVariableList pcAndIndexToLocal (II)Lcom/android/dx/cf/code/LocalVariableList$Item; 4097 4161 6338 0 -1
ciMethod com/android/dx/cf/code/LocalVariableList$Item getLocalItem ()Lcom/android/dx/rop/code/LocalItem; 2449 1 1827 0 -1
ciMethod com/android/dx/cf/code/LocalVariableList$Item getType ()Lcom/android/dx/rop/type/Type; 4073 1 4863 0 -1
ciMethod com/android/dx/cf/attrib/AttCode getCatches ()Lcom/android/dx/cf/code/ByteCatchList; 2921 1 365 0 0
ciMethodData com/android/dx/util/ByteArray getUnsignedShort (I)I 2 29579 orig 264 216 160 182 97 0 0 0 0 168 154 34 21 0 0 0 0 88 1 0 0 0 0 0 0 0 0 0 0 0 0 0 0 0 0 0 0 0 0 0 0 0 0 0 0 0 0 0 0 0 0 0 0 0 0 0 0 0 0 0 0 0 0 0 0 0 0 0 0 0 0 0 0 0 0 0 0 0 0 0 0 77 68 79 32 101 120 116 114 97 32 100 97 116 97 32 108 111 99 107 0 0 0 0 0 0 0 0 0 0 0 0 0 0 0 0 0 0 0 0 0 0 0 0 0 0 0 0 0 0 0 0 0 0 0 0 0 0 0 0 0 0 0 0 0 0 0 0 0 0 0 0 0 0 0 0 0 0 0 0 0 0 0 0 0 0 0 0 0 0 0 0 0 0 0 0 0 0 0 0 0 0 0 0 0 17 0 0 0 0 0 0 0 0 0 0 0 0 0 0 0 1 0 0 0 0 0 0 0 0 0 0 0 0 0 0 0 0 1 0 0 89 148 3 0 1 0 0 0 0 0 0 0 0 0 0 0 2 0 0 0 0 0 3 0 2 0 0 0 48 0 0 0 255 255 255 255 2 0 5 0 0 0 0 0 data 6 0x50002 0x728b 0xa0002 0x728b 0x140002 0x728b oops 0
ciMethodData com/android/dx/util/MutabilityControl throwIfImmutable ()V 2 223378 orig 264 216 160 182 97 0 0 0 0 104 127 35 21 0 0 0 0 80 1 0 0 0 0 0 0 0 0 0 0 0 0 0 0 0 0 0 0 0 0 0 0 0 0 0 0 0 0 0 0 0 0 0 0 0 0 0 0 0 0 0 0 0 0 0 0 0 0 0 0 0 0 0 0 0 0 0 0 0 0 0 0 77 68 79 32 101 120 116 114 97 32 100 97 116 97 32 108 111 99 107 0 0 0 0 0 0 0 0 0 0 0 0 0 0 0 0 0 0 0 0 0 0 0 0 0 0 0 0 0 0 0 0 0 0 0 0 0 0 0 0 0 0 0 0 0 0 0 0 0 0 0 0 0 0 0 0 0 0 0 0 0 0 0 0 0 0 0 0 0 0 0 0 0 0 0 0 0 0 0 0 0 0 0 0 0 25 0 0 0 0 0 0 0 0 0 0 0 0 0 0 0 1 0 0 0 0 0 0 0 0 0 0 0 0 0 0 0 0 1 0 0 145 60 27 0 1 0 0 0 0 0 0 0 0 0 0 0 2 0 0 0 0 0 5 0 2 0 0 0 48 0 0 0 255 255 255 255 7 0 4 0 0 0 0 0 data 6 0x40007 0x36795 0x30 0x0 0xd0002 0x0 oops 0
ciMethod com/android/dx/cf/code/ConcreteMethod getCatches ()Lcom/android/dx/cf/code/ByteCatchList; 4097 1 11382 0 0
ciMethod com/android/dx/cf/code/Machine clearArgs ()V 0 0 1 0 -1
ciMethod com/android/dx/cf/code/Machine popArgs (Lcom/android/dx/cf/code/Frame;I)V 0 0 1 0 -1
ciMethod com/android/dx/cf/code/Machine popArgs (Lcom/android/dx/cf/code/Frame;Lcom/android/dx/rop/type/Prototype;)V 0 0 1 0 -1
ciMethod com/android/dx/cf/code/Machine popArgs (Lcom/android/dx/cf/code/Frame;Lcom/android/dx/rop/type/Type;)V 0 0 1 0 -1
ciMethod com/android/dx/cf/code/Machine popArgs (Lcom/android/dx/cf/code/Frame;Lcom/android/dx/rop/type/Type;Lcom/android/dx/rop/type/Type;)V 0 0 1 0 -1
ciMethod com/android/dx/cf/code/Machine popArgs (Lcom/android/dx/cf/code/Frame;Lcom/android/dx/rop/type/Type;Lcom/android/dx/rop/type/Type;Lcom/android/dx/rop/type/Type;)V 0 0 1 0 -1
ciMethod com/android/dx/cf/code/Machine localArg (Lcom/android/dx/cf/code/Frame;I)V 0 0 1 0 -1
ciMethod com/android/dx/cf/code/Machine localInfo (Z)V 0 0 1 0 -1
ciMethod com/android/dx/cf/code/Machine auxType (Lcom/android/dx/rop/type/Type;)V 0 0 1 0 -1
ciMethod com/android/dx/cf/code/Machine auxIntArg (I)V 0 0 1 0 -1
ciMethod com/android/dx/cf/code/Machine auxCstArg (Lcom/android/dx/rop/cst/Constant;)V 0 0 1 0 -1
ciMethod com/android/dx/cf/code/Machine auxTargetArg (I)V 0 0 1 0 -1
ciMethod com/android/dx/cf/code/Machine localTarget (ILcom/android/dx/rop/type/Type;Lcom/android/dx/rop/code/LocalItem;)V 0 0 1 0 -1
ciMethod com/android/dx/cf/code/Machine run (Lcom/android/dx/cf/code/Frame;II)V 0 0 1 0 -1
ciMethodData com/android/dx/util/FixedSizeList set0 (ILjava/lang/Object;)V 2 103681 orig 264 216 160 182 97 0 0 0 0 64 53 36 21 0 0 0 0 224 1 0 0 0 0 0 0 0 0 0 0 0 0 0 0 0 0 0 0 0 0 0 0 0 0 0 0 0 0 0 0 0 0 0 0 0 0 0 0 0 0 0 0 0 0 0 0 0 0 0 0 0 0 0 0 0 0 0 0 0 0 0 0 77 68 79 32 101 120 116 114 97 32 100 97 116 97 32 108 111 99 107 0 0 0 0 0 0 0 0 0 0 0 0 0 0 0 0 0 0 0 0 0 0 0 0 0 0 0 0 0 0 0 0 0 0 0 0 0 0 0 0 0 0 0 0 0 0 0 0 0 0 0 0 0 0 0 0 0 0 0 0 0 0 0 0 0 0 0 0 0 0 0 0 0 0 0 0 0 0 0 0 0 0 0 0 0 17 0 0 0 0 0 0 0 0 0 0 0 0 0 0 0 0 0 0 0 0 0 0 0 0 0 0 0 0 0 0 0 96 1 0 0 249 156 12 0 1 0 0 0 0 0 0 0 0 0 0 0 2 0 0 0 0 0 11 0 2 0 0 0 136 0 0 0 255 255 255 255 5 0 1 0 0 0 0 0 data 17 0x10005 0x1a8cf 0x17a204b0 0xd81 0x17a20560 0xbad 0xa0104 0x0 0x17a20610 0xd81 0x17a206c0 0x2dc 0xb0003 0x1c1fa 0x28 0x110002 0x0 oops 4 2 com/android/dx/cf/code/LineNumberList 4 com/android/dx/cf/iface/StdAttributeList 8 com/android/dx/cf/code/LineNumberList$Item 10 com/android/dx/cf/attrib/AttLineNumberTable
ciMethod com/android/dx/cf/code/BasicBlocker visitNoArgs (IIILcom/android/dx/rop/type/Type;)V 2049 1 882 0 0
ciMethod com/android/dx/cf/code/BasicBlocker visitLocal (IIIILcom/android/dx/rop/type/Type;I)V 4097 1 3122 0 0
ciMethod com/android/dx/cf/code/BasicBlocker visitConstant (IIILcom/android/dx/rop/cst/Constant;I)V 4097 1 3875 0 0
ciMethod com/android/dx/cf/code/BasicBlocker visitBranch (IIII)V 2113 1 612 0 0
ciMethod com/android/dx/cf/code/BasicBlocker addWorkIfNecessary (IZ)V 4097 1 9743 0 256
ciMethod com/android/dx/cf/code/BasicBlocker visitCommon (IIZ)V 4097 1 8512 0 0
ciMethod com/android/dx/cf/code/BasicBlocker visitThrowing (IIZ)V 4097 1 5275 0 0
ciMethod com/android/dx/util/Bits get ([II)Z 4097 1 44543 0 0
ciMethod com/android/dx/util/Bits set ([II)V 4097 1 49646 0 128
ciMethod com/android/dx/util/IntList makeImmutable (I)Lcom/android/dx/util/IntList; 4097 1 10349 0 0
ciMethod com/android/dx/util/IntList makeImmutable (II)Lcom/android/dx/util/IntList; 1369 1 774 0 0
ciMethod com/android/dx/util/IntList <init> (I)V 2049 1 5438 0 256
ciMethod com/android/dx/util/IntList add (I)V 2073 1 6455 0 832
ciMethod com/android/dx/util/IntList growIfNeeded ()V 2073 1 6455 0 576
ciMethod com/android/dx/cf/code/ByteOps opInfo (I)I 4097 1 7527 0 0
ciMethodData com/android/dx/util/ByteArray getInt (I)I 2 4412 orig 264 216 160 182 97 0 0 0 0 248 151 34 21 0 0 0 0 120 1 0 0 0 0 0 0 0 0 0 0 0 0 0 0 0 0 0 0 0 0 0 0 0 0 0 0 0 0 0 0 0 0 0 0 0 0 0 0 0 0 0 0 0 0 0 0 0 0 0 0 0 0 0 0 0 0 0 0 0 0 0 0 77 68 79 32 101 120 116 114 97 32 100 97 116 97 32 108 111 99 107 0 0 0 0 0 0 0 0 0 0 0 0 0 0 0 0 0 0 0 0 0 0 0 0 0 0 0 0 0 0 0 0 0 0 0 0 0 0 0 0 0 0 0 0 0 0 0 0 0 0 0 0 0 0 0 0 0 0 0 0 0 0 0 0 0 0 0 0 0 0 0 0 0 0 0 0 0 0 0 0 0 0 0 0 0 17 0 0 0 0 0 0 0 0 0 0 0 0 0 0 0 1 0 0 0 0 0 0 0 0 0 0 0 0 0 0 0 167 0 0 0 169 132 0 0 1 0 0 0 0 0 0 0 0 0 0 0 2 0 0 0 0 0 3 0 2 0 0 0 80 0 0 0 255 255 255 255 2 0 5 0 0 0 0 0 data 10 0x50002 0x1095 0xa0002 0x1095 0x140002 0x1095 0x1f0002 0x1095 0x2a0002 0x1095 oops 0
ciMethodData com/android/dx/rop/cst/CstInteger make (I)Lcom/android/dx/rop/cst/CstInteger; 2 1871 orig 264 216 160 182 97 0 0 0 0 136 252 34 21 0 0 0 0 248 1 0 0 80 0 0 0 0 0 0 0 0 0 0 0 0 0 0 0 0 0 0 0 0 0 0 0 0 0 0 0 0 0 0 0 0 0 0 0 0 0 0 0 0 0 0 0 0 0 0 0 0 0 0 0 0 0 0 0 0 0 0 0 77 68 79 32 101 120 116 114 97 32 100 97 116 97 32 108 111 99 107 0 0 0 0 0 0 0 0 0 0 0 0 0 0 0 0 0 0 0 0 0 0 0 0 0 0 0 0 0 0 0 0 0 0 0 0 0 0 0 0 0 0 0 0 0 0 0 0 0 0 0 0 0 0 0 0 0 0 0 0 0 0 0 0 0 0 0 0 0 0 0 0 0 0 0 0 0 0 0 0 0 0 0 0 0 25 0 0 0 0 0 0 0 0 0 0 0 0 0 0 0 0 0 0 0 0 0 0 0 0 0 0 0 0 0 0 0 16 0 0 0 249 57 0 0 1 0 0 0 0 0 0 0 0 0 0 0 2 0 0 0 0 0 8 0 2 0 0 0 176 0 0 0 255 255 255 255 7 0 17 0 0 0 0 0 data 22 0x110007 0x38 0x70 0x708 0x150005 0x174 0x18ff37d0 0x594 0x0 0x0 0x190007 0xe 0x20 0x6fa 0x230002 0x46 0x2c0004 0x0 0x18ff37d0 0x46 0x0 0x0 oops 2 6 com/android/dx/rop/cst/CstInteger 18 com/android/dx/rop/cst/CstInteger
ciMethod com/android/dx/cf/code/ByteCatchList$Item getHandlerPc ()I 1073 1 134 0 0
ciMethod com/android/dx/cf/code/ByteCatchList$Item getExceptionClass ()Lcom/android/dx/rop/cst/CstType; 2185 1 475 0 -1
ciMethod com/android/dx/cf/code/ByteCatchList$Item covers (I)Z 2049 1 768 0 0
ciMethod com/android/dx/cf/code/BaseMachine throwLocalMismatch (Lcom/android/dx/rop/type/TypeBearer;Lcom/android/dx/rop/type/TypeBearer;)V 0 0 1 0 -1
ciMethodData com/android/dx/rop/cst/StdConstantPool get (I)Lcom/android/dx/rop/cst/Constant; 2 11313 orig 264 216 160 182 97 0 0 0 0 96 118 35 21 0 0 0 0 144 1 0 0 32 0 0 0 0 0 0 0 0 0 0 0 0 0 0 0 0 0 0 0 0 0 0 0 0 0 0 0 0 0 0 0 0 0 0 0 0 0 0 0 0 0 0 0 0 0 0 0 0 0 0 0 0 0 0 0 0 0 0 0 77 68 79 32 101 120 116 114 97 32 100 97 116 97 32 108 111 99 107 0 0 0 0 0 0 0 0 0 0 0 0 0 0 0 0 0 0 0 0 0 0 0 0 0 0 0 0 0 0 0 0 0 0 0 0 0 0 0 0 0 0 0 0 0 0 0 0 0 0 0 0 0 0 0 0 0 0 0 0 0 0 0 0 0 0 0 0 0 0 0 0 0 0 0 0 0 0 0 0 0 0 0 0 0 17 0 0 0 0 0 0 0 0 0 0 0 0 0 0 0 1 0 0 0 0 0 0 0 0 0 0 0 0 0 0 0 129 1 0 0 129 85 1 0 1 0 0 0 0 0 0 0 0 0 0 0 2 0 0 0 0 0 7 0 2 0 0 0 64 0 0 0 255 255 255 255 7 0 8 0 0 0 0 0 data 8 0x80007 0x2ab0 0x30 0x0 0xc0002 0x0 0x140002 0x0 oops 0
ciMethodData com/android/dx/util/FixedSizeList size ()I 2 274797 orig 264 216 160 182 97 0 0 0 0 240 48 36 21 0 0 0 0 32 1 0 0 0 0 0 0 0 0 0 0 0 0 0 0 0 0 0 0 0 0 0 0 0 0 0 0 0 0 0 0 0 0 0 0 0 0 0 0 0 0 0 0 0 0 0 0 0 0 0 0 0 0 0 0 0 0 0 0 0 0 0 0 77 68 79 32 101 120 116 114 97 32 100 97 116 97 32 108 111 99 107 0 0 0 0 0 0 0 0 0 0 0 0 0 0 0 0 0 0 0 0 0 0 0 0 0 0 0 0 0 0 0 0 0 0 0 0 0 0 0 0 0 0 0 0 0 0 0 0 0 0 0 0 0 0 0 0 0 0 0 0 0 0 0 0 0 0 0 0 0 0 0 0 0 0 0 0 0 0 0 0 0 0 0 0 0 1 0 0 0 0 0 0 0 0 0 0 0 0 0 0 0 1 0 0 0 0 0 0 0 0 0 0 0 0 0 0 0 146 1 0 0 217 126 33 0 1 0 0 0 0 0 0 0 0 0 0 0 2 0 0 0 0 0 3 0 1 0 0 0 0 0 0 0 255 255 255 255 0 0 0 0 0 0 0 0 data 0 oops 0
ciMethodData com/android/dx/util/MutabilityControl <init> (Z)V 2 38343 orig 264 216 160 182 97 0 0 0 0 176 124 35 21 0 0 0 0 56 1 0 0 0 0 0 0 0 0 0 0 0 0 0 0 0 0 0 0 0 0 0 0 0 0 0 0 0 0 0 0 0 0 0 0 0 0 0 0 0 0 0 0 0 0 0 0 0 0 0 0 0 0 0 0 0 0 0 0 0 0 0 0 77 68 79 32 101 120 116 114 97 32 100 97 116 97 32 108 111 99 107 0 0 0 0 0 0 0 0 0 0 0 0 0 0 0 0 0 0 0 0 0 0 0 0 0 0 0 0 0 0 0 0 0 0 0 0 0 0 0 0 0 0 0 0 0 0 0 0 0 0 0 0 0 0 0 0 0 0 0 0 0 0 0 0 0 0 0 0 0 0 0 0 0 0 0 0 0 0 0 0 0 0 0 0 0 0 0 0 0 0 0 0 0 0 0 0 0 0 0 0 0 0 0 0 0 0 0 0 0 0 0 0 0 0 0 0 0 25 1 0 0 113 165 4 0 1 0 0 0 0 0 0 0 0 0 0 0 2 0 0 0 0 0 3 0 2 0 0 0 16 0 0 0 255 255 255 255 2 0 1 0 0 0 0 0 data 2 0x10002 0x94b0 oops 0
ciMethodData com/android/dx/util/FixedSizeList get0 (I)Ljava/lang/Object; 2 11461 orig 264 216 160 182 97 0 0 0 0 136 51 36 21 0 0 0 0 48 2 0 0 192 0 0 0 0 0 0 0 0 0 0 0 0 0 0 0 0 0 0 0 0 0 0 0 0 0 0 0 0 0 0 0 0 0 0 0 0 0 0 0 0 0 0 0 0 0 0 0 0 0 0 0 0 0 0 0 0 0 0 0 77 68 79 32 101 120 116 114 97 32 100 97 116 97 32 108 111 99 107 0 0 0 0 0 0 0 0 0 0 0 0 0 0 0 0 0 0 0 0 0 0 0 0 0 0 0 0 0 0 0 0 0 0 0 0 0 0 0 0 0 0 0 0 0 0 0 0 0 0 0 0 0 0 0 0 0 0 0 0 0 0 0 0 0 0 0 0 0 0 0 0 0 0 0 0 0 0 0 0 0 0 0 0 0 25 0 0 0 0 0 0 0 0 0 0 0 0 0 0 0 1 0 0 0 0 0 0 0 0 0 0 0 0 0 0 0 10 1 0 0 217 93 1 0 1 0 0 0 0 0 0 0 0 0 0 0 2 0 0 0 0 0 9 0 2 0 0 0 224 0 0 0 255 255 255 255 7 0 8 0 0 0 0 0 data 28 0x80007 0x2bbf 0xd0 0x0 0x130002 0x0 0x180005 0x0 0x0 0x0 0x0 0x0 0x1c0005 0x0 0x0 0x0 0x0 0x0 0x1f0005 0x0 0x0 0x0 0x0 0x0 0x220002 0x0 0x2b0002 0x0 oops 0
ciMethodData com/android/dx/util/ByteArray getByte0 (I)I 2 5344 orig 264 216 160 182 97 0 0 0 0 112 157 34 21 0 0 0 0 40 1 0 0 0 0 0 0 0 0 0 0 0 0 0 0 0 0 0 0 0 0 0 0 0 0 0 0 0 0 0 0 0 0 0 0 0 0 0 0 0 0 0 0 0 0 0 0 0 0 0 0 0 0 0 0 0 0 0 0 0 0 0 0 77 68 79 32 101 120 116 114 97 32 100 97 116 97 32 108 111 99 107 0 0 0 0 0 0 0 0 0 0 0 0 0 0 0 0 0 0 0 0 0 0 0 0 0 0 0 0 0 0 0 0 0 0 0 0 0 0 0 0 0 0 0 0 0 0 0 0 0 0 0 0 0 0 0 0 0 0 0 0 0 0 0 0 0 0 0 0 0 0 0 0 0 0 0 0 0 0 0 0 0 0 0 0 0 1 0 0 0 0 0 0 0 0 0 0 0 0 0 0 0 1 0 0 0 0 0 0 0 0 0 0 0 0 0 0 0 33 1 0 0 249 157 0 0 1 0 0 0 0 0 0 0 0 0 0 0 2 0 0 0 0 0 3 0 1 0 0 0 0 0 0 0 255 255 255 255 0 0 0 0 0 0 0 0 data 0 oops 0
ciMethodData com/android/dx/util/FixedSizeList <init> (I)V 2 6541 orig 264 216 160 182 97 0 0 0 0 64 43 36 21 0 0 0 0 152 1 0 0 56 0 0 0 0 0 0 0 0 0 0 0 0 0 0 0 0 0 0 0 0 0 0 0 0 0 0 0 0 0 0 0 0 0 0 0 0 0 0 0 0 0 0 0 0 0 0 0 0 0 0 0 0 0 0 0 0 0 0 0 77 68 79 32 101 120 116 114 97 32 100 97 116 97 32 108 111 99 107 0 0 0 0 0 0 0 0 0 0 0 0 0 0 0 0 0 0 0 0 0 0 0 0 0 0 0 0 0 0 0 0 0 0 0 0 0 0 0 0 0 0 0 0 0 0 0 0 0 0 0 0 0 0 0 0 0 0 0 0 0 0 0 0 0 0 0 0 0 0 0 0 0 0 0 0 0 0 0 0 0 0 0 0 0 0 0 0 0 0 0 0 0 0 0 0 0 0 0 0 0 0 0 0 0 0 0 0 0 0 0 0 0 0 0 0 0 141 1 0 0 1 192 0 0 1 0 0 0 0 0 0 0 0 0 0 0 2 0 0 0 0 0 10 0 2 0 0 0 112 0 0 0 255 255 255 255 7 0 2 0 0 0 0 0 data 14 0x20007 0x8b7 0x38 0xf4c 0x60003 0xf4b 0x18 0xa0002 0x1803 0x150003 0x1803 0x28 0x1f0002 0x0 oops 0
ciMethodData com/android/dx/util/MutabilityControl setImmutable ()V 2 115937 orig 264 216 160 182 97 0 0 0 0 88 125 35 21 0 0 0 0 32 1 0 0 0 0 0 0 0 0 0 0 0 0 0 0 0 0 0 0 0 0 0 0 0 0 0 0 0 0 0 0 0 0 0 0 0 0 0 0 0 0 0 0 0 0 0 0 0 0 0 0 0 0 0 0 0 0 0 0 0 0 0 0 77 68 79 32 101 120 116 114 97 32 100 97 116 97 32 108 111 99 107 0 0 0 0 0 0 0 0 0 0 0 0 0 0 0 0 0 0 0 0 0 0 0 0 0 0 0 0 0 0 0 0 0 0 0 0 0 0 0 0 0 0 0 0 0 0 0 0 0 0 0 0 0 0 0 0 0 0 0 0 0 0 0 0 0 0 0 0 0 0 0 0 0 0 0 0 0 0 0 0 0 0 0 0 0 0 0 0 0 0 0 0 0 0 0 0 0 0 0 0 0 0 0 0 0 0 0 0 0 0 0 0 0 0 0 0 0 134 1 0 0 217 26 14 0 1 0 0 0 0 0 0 0 0 0 0 0 2 0 0 0 0 0 3 0 1 0 0 0 0 0 0 0 255 255 255 255 0 0 0 0 0 0 0 0 data 0 oops 0
ciMethod com/android/dx/cf/code/Simulator access$100 ()Lcom/android/dx/cf/code/SimException; 0 0 1 0 -1
ciMethod com/android/dx/cf/code/Simulator access$200 (Lcom/android/dx/rop/type/Type;Lcom/android/dx/rop/type/Type;)Lcom/android/dx/rop/type/Type; 49 1 31 0 -1
ciMethod com/android/dx/cf/code/Simulator access$300 (Lcom/android/dx/cf/code/Simulator;)Lcom/android/dx/cf/code/LocalVariableList; 1113 1 139 0 -1
ciMethod com/android/dx/cf/code/Simulator$SimVisitor visitInvalid (III)V 0 0 1 0 -1
ciMethod com/android/dx/cf/code/Simulator$SimVisitor visitNoArgs (IIILcom/android/dx/rop/type/Type;)V 2049 1 1406 0 0
ciMethod com/android/dx/cf/code/Simulator$SimVisitor checkReturnType (Lcom/android/dx/rop/type/Type;)V 1361 1 787 0 -1
ciMethod com/android/dx/cf/code/Simulator$SimVisitor visitLocal (IIIILcom/android/dx/rop/type/Type;I)V 4097 1 4926 0 0
ciMethod com/android/dx/cf/code/Simulator$SimVisitor visitConstant (IIILcom/android/dx/rop/cst/Constant;I)V 4097 1 5805 0 0
ciMethod com/android/dx/cf/code/Simulator$SimVisitor visitBranch (IIII)V 3073 1 984 0 -1
ciMethod com/android/dx/cf/code/Frame getStack ()Lcom/android/dx/cf/code/ExecutionStack; 3753 1 469 0 -1
ciMethod com/android/dx/cf/code/ExecutionStack peekLocal (I)Z 25 1 15 0 -1
ciMethod com/android/dx/cf/code/ExecutionStack peekType (I)Lcom/android/dx/rop/type/Type; 1121 1 771 0 -1
ciMethodData com/android/dx/util/IntList add (I)V 2 6455 orig 264 216 160 182 97 0 0 0 0 32 96 41 21 0 0 0 0 8 2 0 0 0 0 0 0 0 0 0 0 0 0 0 0 0 0 0 0 0 0 0 0 0 0 0 0 0 0 0 0 0 0 0 0 0 0 0 0 0 0 0 0 0 0 0 0 0 0 0 0 0 0 0 0 0 0 0 0 0 0 0 0 77 68 79 32 101 120 116 114 97 32 100 97 116 97 32 108 111 99 107 0 0 0 0 0 0 0 0 0 0 0 0 0 0 0 0 0 0 0 0 0 0 0 0 0 0 0 0 0 0 0 0 0 0 0 0 0 0 0 0 0 0 0 0 0 0 0 0 0 0 0 0 0 0 0 0 0 0 0 0 0 0 0 0 0 0 0 0 0 0 0 0 0 0 0 0 0 0 0 0 0 0 0 0 0 0 0 0 0 0 0 0 0 0 0 0 0 0 0 0 0 0 0 0 0 0 0 0 0 0 0 0 0 0 0 0 0 3 1 0 0 161 193 0 0 1 0 0 0 0 0 0 0 0 0 0 0 2 0 0 0 0 0 14 0 2 0 0 0 184 0 0 0 255 255 255 255 5 0 1 0 0 0 0 0 data 23 0x10005 0x0 0x186b2450 0x1834 0x0 0x0 0x50002 0x1836 0x1d0007 0x87c 0x78 0xfb9 0x250007 0x991 0x58 0x628 0x350007 0x31 0x38 0x5f7 0x390003 0x5f7 0x18 oops 1 2 com/android/dx/util/IntList
ciMethodData com/android/dx/util/IntList growIfNeeded ()V 2 6455 orig 264 216 160 182 97 0 0 0 0 112 99 41 21 0 0 0 0 120 1 0 0 0 0 0 0 0 0 0 0 0 0 0 0 0 0 0 0 0 0 0 0 0 0 0 0 0 0 0 0 0 0 0 0 0 0 0 0 0 0 0 0 0 0 0 0 0 0 0 0 0 0 0 0 0 0 0 0 0 0 0 0 77 68 79 32 101 120 116 114 97 32 100 97 116 97 32 108 111 99 107 0 0 0 0 0 0 0 0 0 0 0 0 0 0 0 0 0 0 0 0 0 0 0 0 0 0 0 0 0 0 0 0 0 0 0 0 0 0 0 0 0 0 0 0 0 0 0 0 0 0 0 0 0 0 0 0 0 0 0 0 0 0 0 0 0 0 0 0 0 0 0 0 0 0 0 0 0 0 0 0 0 0 0 0 0 0 0 0 0 0 0 0 0 0 0 0 0 0 0 0 0 0 0 0 0 0 0 0 0 0 0 0 0 0 0 0 0 3 1 0 0 161 193 0 0 1 0 0 0 0 0 0 0 0 0 0 0 2 0 0 0 0 0 6 0 2 0 0 0 48 0 0 0 255 255 255 255 7 0 9 0 0 0 0 0 data 6 0x90007 0x1759 0x30 0xdb 0x250002 0xdb oops 0
ciMethodData com/android/dx/util/IntList <init> (I)V 2 5438 orig 264 216 160 182 97 0 0 0 0 248 88 41 21 0 0 0 0 96 1 0 0 0 0 0 0 0 0 0 0 0 0 0 0 0 0 0 0 0 0 0 0 0 0 0 0 0 0 0 0 0 0 0 0 0 0 0 0 0 0 0 0 0 0 0 0 0 0 0 0 0 0 0 0 0 0 0 0 0 0 0 0 77 68 79 32 101 120 116 114 97 32 100 97 116 97 32 108 111 99 107 0 0 0 0 0 0 0 0 0 0 0 0 0 0 0 0 0 0 0 0 0 0 0 0 0 0 0 0 0 0 0 0 0 0 0 0 0 0 0 0 0 0 0 0 0 0 0 0 0 0 0 0 0 0 0 0 0 0 0 0 0 0 0 0 0 0 0 0 0 0 0 0 0 0 0 0 0 0 0 0 0 0 0 0 0 0 0 0 0 0 0 0 0 0 0 0 0 0 0 0 0 0 0 0 0 0 0 0 0 0 0 0 0 0 0 0 0 0 1 0 0 241 161 0 0 1 0 0 0 0 0 0 0 0 0 0 0 2 0 0 0 0 0 7 0 2 0 0 0 56 0 0 0 255 255 255 255 2 0 2 0 0 0 0 0 data 7 0x20002 0x143e 0xc0003 0x143e 0x28 0x160002 0x0 oops 0
ciMethodData com/android/dx/util/Bits set ([II)V 2 49646 orig 264 216 160 182 97 0 0 0 0 72 67 41 21 0 0 0 0 40 1 0 0 0 0 0 0 0 0 0 0 0 0 0 0 0 0 0 0 0 0 0 0 0 0 0 0 0 0 0 0 0 0 0 0 0 0 0 0 0 0 0 0 0 0 0 0 0 0 0 0 0 0 0 0 0 0 0 0 0 0 0 0 77 68 79 32 101 120 116 114 97 32 100 97 116 97 32 108 111 99 107 0 0 0 0 0 0 0 0 0 0 0 0 0 0 0 0 0 0 0 0 0 0 0 0 0 0 0 0 0 0 0 0 0 0 0 0 0 0 0 0 0 0 0 0 0 0 0 0 0 0 0 0 0 0 0 0 0 0 0 0 0 0 0 0 0 0 0 0 0 0 0 0 0 0 0 0 0 0 0 0 0 0 0 0 0 0 0 0 0 0 0 0 0 0 0 0 0 0 0 0 0 0 0 0 0 0 0 0 0 0 0 0 0 0 0 0 0 0 2 0 0 113 255 5 0 1 0 0 0 0 0 0 0 0 0 0 0 2 0 0 0 0 0 3 0 1 0 0 0 0 0 0 0 255 255 255 255 0 0 0 0 0 0 0 0 data 0 oops 0
ciMethodData com/android/dx/util/Bits get ([II)Z 2 44543 orig 264 216 160 182 97 0 0 0 0 72 65 41 21 0 0 0 0 96 1 0 0 0 0 0 0 0 0 0 0 0 0 0 0 0 0 0 0 0 0 0 0 0 0 0 0 0 0 0 0 0 0 0 0 0 0 0 0 0 0 0 0 0 0 0 0 0 0 0 0 0 0 0 0 0 0 0 0 0 0 0 0 77 68 79 32 101 120 116 114 97 32 100 97 116 97 32 108 111 99 107 0 0 0 0 0 0 0 0 0 0 0 0 0 0 0 0 0 0 0 0 0 0 0 0 0 0 0 0 0 0 0 0 0 0 0 0 0 0 0 0 0 0 0 0 0 0 0 0 0 0 0 0 0 0 0 0 0 0 0 0 0 0 0 0 0 0 0 0 0 0 0 0 0 0 0 0 0 0 0 0 0 0 0 0 0 0 0 0 0 0 0 0 0 0 0 0 0 0 0 0 0 0 0 0 0 0 0 0 0 0 0 0 0 0 0 0 0 0 2 0 0 249 95 5 0 1 0 0 0 0 0 0 0 0 0 0 0 2 0 0 0 0 0 6 0 2 0 0 0 56 0 0 0 255 255 255 255 7 0 16 0 0 0 0 0 data 7 0x100007 0x62a9 0x38 0x495a 0x140003 0x495a 0x18 oops 0
ciMethod com/android/dx/cf/code/SwitchList <init> (I)V 281 1 35 0 -1
ciMethod com/android/dx/cf/code/SwitchList setImmutable ()V 281 1 35 0 -1
ciMethod com/android/dx/cf/code/SwitchList setDefaultTarget (I)V 281 1 35 0 -1
ciMethod com/android/dx/cf/code/SwitchList add (II)V 1369 1 171 0 -1
ciMethod com/android/dx/cf/code/SwitchList removeSuperfluousDefaults ()V 281 1369 35 0 -1
ciMethodData com/android/dx/cf/code/ByteOps opInfo (I)I 2 7527 orig 264 216 160 182 97 0 0 0 0 88 144 41 21 0 0 0 0 32 1 0 0 0 0 0 0 0 0 0 0 0 0 0 0 0 0 0 0 0 0 0 0 0 0 0 0 0 0 0 0 0 0 0 0 0 0 0 0 0 0 0 0 0 0 0 0 0 0 0 0 0 0 0 0 0 0 0 0 0 0 0 0 77 68 79 32 101 120 116 114 97 32 100 97 116 97 32 108 111 99 107 0 0 0 0 0 0 0 0 0 0 0 0 0 0 0 0 0 0 0 0 0 0 0 0 0 0 0 0 0 0 0 0 0 0 0 0 0 0 0 0 0 0 0 0 0 0 0 0 0 0 0 0 0 0 0 0 0 0 0 0 0 0 0 0 0 0 0 0 0 0 0 0 0 0 0 0 0 0 0 0 0 0 0 0 0 0 0 0 0 0 0 0 0 0 0 0 0 0 0 0 0 0 0 0 0 0 0 0 0 0 0 0 0 0 0 0 0 0 2 0 0 57 219 0 0 1 0 0 0 0 0 0 0 0 0 0 0 2 0 0 0 0 0 3 0 1 0 0 0 0 0 0 0 255 255 255 255 0 0 0 0 0 0 0 0 data 0 oops 0
ciMethodData com/android/dx/cf/code/BytecodeArray parseInstruction (ILcom/android/dx/cf/code/BytecodeArray$Visitor;)I 2 14789 orig 264 216 160 182 97 0 0 0 0 56 245 36 21 0 0 0 0 0 40 0 0 40 18 0 0 0 0 0 0 0 0 0 0 0 0 0 0 0 0 0 0 0 0 0 0 0 0 0 0 0 0 0 0 0 0 0 0 0 0 0 0 0 0 0 0 0 0 0 0 0 0 0 0 0 0 0 0 0 0 0 0 77 68 79 32 101 120 116 114 97 32 100 97 116 97 32 108 111 99 107 0 0 0 0 0 0 0 0 0 0 0 0 0 0 0 0 0 0 0 0 0 0 0 0 0 0 0 0 0 0 0 0 0 0 0 0 0 0 0 0 0 0 0 0 0 1 0 0 0 0 0 0 0 0 0 0 0 0 0 0 0 0 0 0 0 0 0 0 7 0 0 0 0 0 0 0 0 0 0 0 0 0 0 0 0 0 0 0 0 0 0 0 0 0 0 0 0 0 0 0 0 0 0 0 0 0 0 0 0 0 0 0 0 0 0 0 0 0 2 0 0 65 219 0 0 1 0 0 0 0 0 0 0 0 0 0 0 2 0 0 0 0 0 140 0 2 0 0 0 40 38 0 0 255 255 255 255 7 0 1 0 0 0 0 0 data 1221 0x10007 0x1b68 0x20 0x0 0xd0005 0x22e 0x18ff3460 0x193b 0x0 0x0 0x120002 0x1b68 0x1f0008 0x196 0x0 0x23c8 0x0 0xcc0 0x9 0xcf0 0x1 0xd20 0x7 0xd50 0x9 0xd80 0x2 0xdb0 0x2 0xde0 0x0 0xe10 0x0 0xe40 0x0 0xe70 0x0 0xea0 0xc 0xed0 0x14 0xf00 0x0 0xf30 0x0 0xf60 0x0 0xf90 0x2 0xfc0 0x0 0x1030 0x23 0x10a0 0x0 0x11f8 0x6 0x1350 0x8 0x13e0 0x0 0x1440 0x2 0x14a0 0x0 0x1500 0x1c 0x1560 0x3 0x15c0 0x0 0x15c0 0x8 0x15c0 0x4 0x15c0 0x0 0x15f0 0x0 0x15f0 0x0 0x15f0 0x0 0x15f0 0x0 0x1620 0x6 0x1620 0x6 0x1620 0x2 0x1620 0x0 0x1650 0x0 0x1650 0x0 0x1650 0x0 0x1650 0x26 0x1680 0x1f 0x1680 0x4 0x1680 0x16 0x1680 0x0 0x16b0 0x0 0x16e0 0x0 0x1710 0x0 0x1740 0x0 0x1770 0x0 0x17a0 0x0 0x17d0 0x0 0x1800 0x4 0x1830 0x0 0x1890 0x0 0x18f0 0x0 0x1950 0xa 0x19b0 0x1 0x1a10 0x0 0x1a10 0x1 0x1a10 0x0 0x1a10 0x0 0x1a40 0x0 0x1a40 0x0 0x1a40 0x0 0x1a40 0x0 0x1a70 0x0 0x1a70 0x0 0x1a70 0x0 0x1a70 0x0 0x1aa0 0x0 0x1aa0 0x0 0x1aa0 0x0 0x1aa0 0x0 0x1ad0 0x1 0x1ad0 0x0 0x1ad0 0x2 0x1ad0 0x0 0x1b00 0x0 0x1b30 0x0 0x1b60 0x0 0x1b90 0x0 0x1bc0 0x0 0x1bf0 0x0 0x1c20 0x0 0x1c50 0xb 0x1c80 0x0 0x1c80 0xd 0x1c80 0x0 0x1c80 0x0 0x1c80 0x0 0x1c80 0x0 0x1c80 0x0 0x1c80 0x0 0x1c80 0x0 0x1cb0 0x0 0x1ce0 0x0 0x1d10 0x0 0x1d40 0x0 0x1cb0 0x0 0x1ce0 0x0 0x1d10 0x0 0x1d40 0x0 0x1cb0 0x0 0x1ce0 0x0 0x1d10 0x0 0x1d40 0x0 0x1cb0 0x0 0x1ce0 0x0 0x1d10 0x0 0x1d40 0x0 0x1cb0 0x0 0x1ce0 0x0 0x1d10 0x0 0x1d40 0x0 0x1cb0 0x0 0x1ce0 0x0 0x1d10 0x0 0x1d40 0x1 0x1cb0 0x0 0x1ce0 0x0 0x1cb0 0x0 0x1ce0 0x0 0x1cb0 0x0 0x1ce0 0x1 0x1cb0 0x0 0x1ce0 0x0 0x1cb0 0x0 0x1ce0 0x1 0x1cb0 0x0 0x1ce0 0x0 0x1d70 0x0 0x1e00 0x0 0x1e30 0x0 0x1e60 0x0 0x1e90 0x0 0x1e30 0x0 0x1e60 0x0 0x1e90 0x0 0x1e00 0x0 0x1e60 0x0 0x1e90 0x0 0x1e00 0x0 0x1e30 0x0 0x1e90 0x0 0x1e90 0x0 0x1e90 0x0 0x1e90 0x0 0x1e90 0x0 0x1e90 0x0 0x1e90 0x0 0x1e90 0x4 0x1ec0 0x6 0x1ec0 0x0 0x1ec0 0x2 0x1ec0 0x0 0x1ec0 0x1 0x1ec0 0x0 0x1ec0 0x0 0x1ec0 0x0 0x1ec0 0x0 0x1ec0 0x0 0x1ec0 0x3 0x1ec0 0x0 0x1ec0 0x0 0x1ec0 0x9 0x1ec0 0x0 0x1ec0 0x0 0x1f20 0x2 0x1f80 0x1 0x1f90 0x0 0x1fa0 0x0 0x1fd0 0x0 0x2000 0x0 0x2030 0x1e 0x2060 0x8 0x2090 0x8 0x20c0 0x2 0x20c0 0x20 0x20c0 0x6 0x20c0 0x48 0x20c0 0x11 0x20c0 0x15 0x20c0 0x0 0x2150 0x0 0x2240 0xd 0x20c0 0x1 0x2250 0x0 0x20c0 0x0 0x1e90 0x0 0x2090 0x0 0x20c0 0x0 0x20c0 0x0 0x2090 0x0 0x2090 0x0 0x2260 0x0 0x2270 0x6 0x1ec0 0x0 0x1ec0 0x0 0x2330 0x0 0x2330 0x35b0005 0x0 0x0 0x0 0x0 0x0 0x36b0005 0x0 0x18ff3510 0x29 0x18ff35c0 0x29 0x37b0005 0x0 0x18ff35c0 0x6 0x18ff3510 0x5 0x38b7005 0x2 0x18ff3510 0x31 0x18ff35c0 0x31 0x39b7005 0x2 0x18ff35c0 0x26 0x18ff3510 0x24 0x3ab0005 0x2 0x18ff3510 0x1 0x18ff35c0 0x1 0x3bb7005 0x2 0x18ff3510 0x1 0x18ff35c0 0x2 0x3cb0005 0x0 0x18ff3510 0x1 0x18ff35c0 0x1 0x3db0005 0x0 0x18ff3510 0x1 0x18ff35c0 0x1 0x3eb0005 0x0 0x0 0x0 0x0 0x0 0x3fb0005 0x0 0x0 0x0 0x0 0x0 0x40b0005 0x0 0x18ff3510 0xb 0x18ff35c0 0xb 0x41b0005 0x0 0x18ff3510 0xd 0x18ff35c0 0xd 0x42b0005 0x0 0x18ff3510 0x2 0x18ff35c0 0x2 0x43b0005 0x0 0x0 0x0 0x0 0x0 0x44b0005 0x0 0x0 0x0 0x0 0x0 0x4590005 0x2 0x18ff3460 0x32 0x0 0x0 0x4650002 0x34 0x46a0005 0x0 0x18ff3510 0x1a 0x18ff35c0 0x1a 0x4780005 0x0 0x18ff3460 0x2 0x0 0x0 0x4840002 0x2 0x4890005 0x0 0x18ff3510 0x1 0x18ff35c0 0x1 0x4970005 0x23 0x18ff3460 0xca 0x0 0x0 0x4a20005 0x0 0x18ff3670 0xed 0x0 0x0 0x4ab0004 0xffffffffffffff25 0x18ff3720 0x13 0x18ff37d0 0x12 0x4ae0007 0xdb 0x98 0x12 0x4b30004 0x0 0x18ff37d0 0x12 0x0 0x0 0x4b60005 0x4 0x18ff37d0 0xe 0x0 0x0 0x4b90003 0x12 0x18 0x4c8f005 0x6 0x18ff3510 0x72 0x18ff35c0 0x77 0x4d60005 0x0 0x0 0x0 0x0 0x0 0x4e10005 0x0 0x0 0x0 0x0 0x0 0x4ea0004 0x0 0x0 0x0 0x0 0x0 0x4ed0007 0x0 0x98 0x0 0x4f20004 0x0 0x0 0x0 0x0 0x0 0x4f50005 0x0 0x0 0x0 0x0 0x0 0x4f80003 0x0 0x18 0x5070005 0x0 0x0 0x0 0x0 0x0 0x5150005 0x6 0x0 0x0 0x0 0x0 0x5200005 0x0 0x18ff3670 0x6 0x0 0x0 0x52f0005 0x0 0x18ff3510 0x3 0x18ff35c0 0x3 0x53d0005 0x8 0x18ff3460 0xa6 0x0 0x0 0x54d0005 0x0 0x18ff3510 0x57 0x18ff35c0 0x57 0x55b0005 0x0 0x0 0x0 0x0 0x0 0x56b0005 0x0 0x0 0x0 0x0 0x0 0x5790005 0x2 0x0 0x0 0x0 0x0 0x5890005 0x0 0x18ff3510 0x1 0x18ff35c0 0x1 0x5970005 0x0 0x0 0x0 0x0 0x0 0x5a70005 0x0 0x0 0x0 0x0 0x0 0x5b50005 0x1c 0x18ff3460 0x1b0 0x0 0x0 0x5c50005 0x0 0x18ff3510 0xe6 0x18ff35c0 0xe6 0x5dd0005 0x0 0x18ff35c0 0x5e 0x18ff3510 0x59 0x5f50005 0x0 0x0 0x0 0x0 0x0 0x60d0005 0x0 0x18ff3510 0xf 0x18ff35c0 0xf 0x6250005 0x0 0x0 0x0 0x0 0x0 0x63d0005 0x0 0x18ff3510 0x30c 0x18ff35c0 0x312 0x64c0005 0x0 0x0 0x0 0x0 0x0 0x65b0005 0x0 0x0 0x0 0x0 0x0 0x66a0005 0x0 0x0 0x0 0x0 0x0 0x6790005 0x0 0x0 0x0 0x0 0x0 0x6880005 0x0 0x18ff3510 0x3 0x18ff35c0 0x3 0x6970005 0x0 0x0 0x0 0x0 0x0 0x6a60005 0x0 0x0 0x0 0x0 0x0 0x6b50005 0x0 0x0 0x0 0x0 0x0 0x6c30005 0x4 0x18ff3460 0x38 0x0 0x0 0x6d30005 0x0 0x18ff3510 0x1e 0x18ff35c0 0x1e 0x6e10005 0x0 0x0 0x0 0x0 0x0 0x6f10005 0x0 0x0 0x0 0x0 0x0 0x6ff0005 0x0 0x0 0x0 0x0 0x0 0x70f0005 0x0 0x0 0x0 0x0 0x0 0x71d0005 0x0 0x0 0x0 0x0 0x0 0x72d0005 0x0 0x0 0x0 0x0 0x0 0x73b0005 0xa 0x18ff3460 0x8c 0x0 0x0 0x74b0005 0x0 0x18ff3510 0x4b 0x18ff35c0 0x4b 0x7630005 0x0 0x18ff35c0 0x8 0x18ff3510 0x6 0x77b0005 0x0 0x0 0x0 0x0 0x0 0x7930005 0x0 0x18ff3510 0x3 0x18ff35c0 0x3 0x7ab0005 0x0 0x0 0x0 0x0 0x0 0x7c30005 0x0 0x18ff35c0 0x2b 0x18ff3510 0x2a 0x7d20005 0x0 0x18ff3510 0x1 0x18ff35c0 0x1 0x7e10005 0x0 0x0 0x0 0x0 0x0 0x7f00005 0x0 0x0 0x0 0x0 0x0 0x7ff0005 0x0 0x0 0x0 0x0 0x0 0x80e0005 0x0 0x18ff3510 0x2 0x18ff35c0 0x2 0x81d0005 0x0 0x0 0x0 0x0 0x0 0x82c0005 0x0 0x0 0x0 0x0 0x0 0x83b0005 0x0 0x0 0x0 0x0 0x0 0x8490005 0x0 0x18ff3510 0x6f 0x18ff35c0 0x75 0x8577005 0x2 0x18ff35c0 0x9 0x18ff3510 0x6 0x8670005 0x0 0x0 0x0 0x0 0x0 0x8770005 0x0 0x18ff3510 0x7 0x18ff35c0 0x7 0x8870005 0x0 0x0 0x0 0x0 0x0 0x8950005 0x0 0x18ff3460 0x16 0x0 0x0 0x8a10005 0x0 0x18ff3460 0x16 0x0 0x0 0x8b10005 0x0 0x18ff3510 0xb 0x18ff35c0 0xb 0x8bf0005 0x0 0x0 0x0 0x0 0x0 0x8cd0005 0x0 0x18ff3510 0x3 0x18ff35c0 0x3 0x8db0005 0x0 0x0 0x0 0x0 0x0 0x8e90005 0x6 0x18ff3510 0x6 0x18ff3880 0x2 0x8f80005 0x1f 0x18ff3460 0x258 0x0 0x0 0x9040005 0x0 0x18ff3510 0x139 0x18ff35c0 0x13e 0x9120005 0x0 0x0 0x0 0x0 0x0 0x9210005 0x0 0x0 0x0 0x0 0x0 0x92b0002 0xe 0x9320002 0x3 0x93f0005 0x0 0x18ff3510 0x1d 0x18ff35c0 0x1d 0x94f0005 0x0 0x0 0x0 0x0 0x0 0x95f0005 0x0 0x18ff3510 0x1 0x18ff35c0 0x1 0x96f0005 0x0 0x0 0x0 0x0 0x0 0x97f0005 0x0 0x18ff3510 0x5b 0x18ff35c0 0x5b 0x98d0005 0x0 0x18ff3510 0x4f 0x18ff35c0 0x4f 0x99b0005 0xab 0x18ff3460 0x83c 0x0 0x0 0x9a60005 0x0 0x18ff3670 0x8e7 0x0 0x0 0x9b40005 0x0 0x18ff3510 0x46f 0x18ff35c0 0x478 0x9c20005 0x0 0x18ff3460 0x12 0x0 0x0 0x9ce0005 0x0 0x18ff3460 0x12 0x0 0x0 0x9da0005 0x0 0x18ff3460 0x12 0x0 0x0 0x9e50005 0x0 0x18ff3670 0x12 0x0 0x0 0x9fa0005 0x0 0x18ff3510 0x9 0x18ff35c0 0x9 0xa070002 0x0 0xa0e0002 0x3 0xa150002 0x0 0xa200005 0x0 0x0 0x0 0x0 0x0 0xa2c0005 0x0 0x0 0x0 0x0 0x0 0xa370005 0x0 0x0 0x0 0x0 0x0 0xa460005 0x0 0x0 0x0 0x0 0x0 0xa550005 0x0 0x0 0x0 0x0 0x0 0xa5f0007 0x0 0x38 0x0 0xa650003 0x0 0x18 0xa740005 0x0 0x0 0x0 0x0 0x0 0xa7f0005 0x0 0x0 0x0 0x0 0x0 0xa8c0002 0x0 0xa910005 0x0 0x0 0x0 0x0 0x0 0xa950002 0x0 0xa980005 0x0 0x0 0x0 0x0 0x0 0xa9b0005 0x0 0x0 0x0 0x0 0x0 0xa9e0005 0x0 0x0 0x0 0x0 0x0 0xaa90002 0x0 0xab40002 0x0 0xab90005 0x0 0x0 0x0 0x0 0x0 0xabd0002 0x0 0xac00005 0x0 0x0 0x0 0x0 0x0 0xac30005 0x0 0x0 0x0 0x0 0x0 0xac60005 0x0 0x0 0x0 0x0 0x0 oops 107 6 com/android/dx/util/ByteArray 428 com/android/dx/cf/code/BasicBlocker 430 com/android/dx/cf/code/Simulator$SimVisitor 434 com/android/dx/cf/code/Simulator$SimVisitor 436 com/android/dx/cf/code/BasicBlocker 440 com/android/dx/cf/code/BasicBlocker 442 com/android/dx/cf/code/Simulator$SimVisitor 446 com/android/dx/cf/code/Simulator$SimVisitor 448 com/android/dx/cf/code/BasicBlocker 452 com/android/dx/cf/code/BasicBlocker 454 com/android/dx/cf/code/Simulator$SimVisitor 458 com/android/dx/cf/code/BasicBlocker 460 com/android/dx/cf/code/Simulator$SimVisitor 464 com/android/dx/cf/code/BasicBlocker 466 com/android/dx/cf/code/Simulator$SimVisitor 470 com/android/dx/cf/code/BasicBlocker 472 com/android/dx/cf/code/Simulator$SimVisitor 488 com/android/dx/cf/code/BasicBlocker 490 com/android/dx/cf/code/Simulator$SimVisitor 494 com/android/dx/cf/code/BasicBlocker 496 com/android/dx/cf/code/Simulator$SimVisitor 500 com/android/dx/cf/code/BasicBlocker 502 com/android/dx/cf/code/Simulator$SimVisitor 518 com/android/dx/util/ByteArray 526 com/android/dx/cf/code/BasicBlocker 528 com/android/dx/cf/code/Simulator$SimVisitor 532 com/android/dx/util/ByteArray 540 com/android/dx/cf/code/BasicBlocker 542 com/android/dx/cf/code/Simulator$SimVisitor 546 com/android/dx/util/ByteArray 552 com/android/dx/rop/cst/StdConstantPool 558 com/android/dx/rop/cst/CstString 560 com/android/dx/rop/cst/CstInteger 568 com/android/dx/rop/cst/CstInteger 574 com/android/dx/rop/cst/CstInteger 583 com/android/dx/cf/code/BasicBlocker 585 com/android/dx/cf/code/Simulator$SimVisitor 638 com/android/dx/rop/cst/StdConstantPool 644 com/android/dx/cf/code/BasicBlocker 646 com/android/dx/cf/code/Simulator$SimVisitor 650 com/android/dx/util/ByteArray 656 com/android/dx/cf/code/BasicBlocker 658 com/android/dx/cf/code/Simulator$SimVisitor 680 com/android/dx/cf/code/BasicBlocker 682 com/android/dx/cf/code/Simulator$SimVisitor 698 com/android/dx/util/ByteArray 704 com/android/dx/cf/code/BasicBlocker 706 com/android/dx/cf/code/Simulator$SimVisitor 710 com/android/dx/cf/code/Simulator$SimVisitor 712 com/android/dx/cf/code/BasicBlocker 722 com/android/dx/cf/code/BasicBlocker 724 com/android/dx/cf/code/Simulator$SimVisitor 734 com/android/dx/cf/code/BasicBlocker 736 com/android/dx/cf/code/Simulator$SimVisitor 764 com/android/dx/cf/code/BasicBlocker 766 com/android/dx/cf/code/Simulator$SimVisitor 788 com/android/dx/util/ByteArray 794 com/android/dx/cf/code/BasicBlocker 796 com/android/dx/cf/code/Simulator$SimVisitor 836 com/android/dx/util/ByteArray 842 com/android/dx/cf/code/BasicBlocker 844 com/android/dx/cf/code/Simulator$SimVisitor 848 com/android/dx/cf/code/Simulator$SimVisitor 850 com/android/dx/cf/code/BasicBlocker 860 com/android/dx/cf/code/BasicBlocker 862 com/android/dx/cf/code/Simulator$SimVisitor 872 com/android/dx/cf/code/Simulator$SimVisitor 874 com/android/dx/cf/code/BasicBlocker 878 com/android/dx/cf/code/BasicBlocker 880 com/android/dx/cf/code/Simulator$SimVisitor 902 com/android/dx/cf/code/BasicBlocker 904 com/android/dx/cf/code/Simulator$SimVisitor 926 com/android/dx/cf/code/BasicBlocker 928 com/android/dx/cf/code/Simulator$SimVisitor 932 com/android/dx/cf/code/Simulator$SimVisitor 934 com/android/dx/cf/code/BasicBlocker 944 com/android/dx/cf/code/BasicBlocker 946 com/android/dx/cf/code/Simulator$SimVisitor 956 com/android/dx/util/ByteArray 962 com/android/dx/util/ByteArray 968 com/android/dx/cf/code/BasicBlocker 970 com/android/dx/cf/code/Simulator$SimVisitor 980 com/android/dx/cf/code/BasicBlocker 982 com/android/dx/cf/code/Simulator$SimVisitor 992 com/android/dx/cf/code/BasicBlocker 994 com/android/dx/cf/code/BytecodeArray$ConstantParserVisitor 998 com/android/dx/util/ByteArray 1004 com/android/dx/cf/code/BasicBlocker 1006 com/android/dx/cf/code/Simulator$SimVisitor 1026 com/android/dx/cf/code/BasicBlocker 1028 com/android/dx/cf/code/Simulator$SimVisitor 1038 com/android/dx/cf/code/BasicBlocker 1040 com/android/dx/cf/code/Simulator$SimVisitor 1050 com/android/dx/cf/code/BasicBlocker 1052 com/android/dx/cf/code/Simulator$SimVisitor 1056 com/android/dx/cf/code/BasicBlocker 1058 com/android/dx/cf/code/Simulator$SimVisitor 1062 com/android/dx/util/ByteArray 1068 com/android/dx/rop/cst/StdConstantPool 1074 com/android/dx/cf/code/BasicBlocker 1076 com/android/dx/cf/code/Simulator$SimVisitor 1080 com/android/dx/util/ByteArray 1086 com/android/dx/util/ByteArray 1092 com/android/dx/util/ByteArray 1098 com/android/dx/rop/cst/StdConstantPool 1104 com/android/dx/cf/code/BasicBlocker 1106 com/android/dx/cf/code/Simulator$SimVisitor
ciMethodData com/android/dx/util/ByteArray getByte (I)I 1 252 orig 264 216 160 182 97 0 0 0 0 88 150 34 21 0 0 0 0 72 1 0 0 0 0 0 0 0 0 0 0 0 0 0 0 0 0 0 0 0 0 0 0 0 0 0 0 0 0 0 0 0 0 0 0 0 0 0 0 0 0 0 0 0 0 0 0 0 0 0 0 0 0 0 0 0 0 0 0 0 0 0 0 77 68 79 32 101 120 116 114 97 32 100 97 116 97 32 108 111 99 107 0 0 0 0 0 0 0 0 0 0 0 0 0 0 0 0 0 0 0 0 0 0 0 0 0 0 0 0 0 0 0 0 0 0 0 0 0 0 0 0 0 0 0 0 0 0 0 0 0 0 0 0 0 0 0 0 0 0 0 0 0 0 0 0 0 0 0 0 0 0 0 0 0 0 0 0 0 0 0 0 0 0 0 0 0 17 0 0 0 0 0 0 0 0 0 0 0 0 0 0 0 1 0 0 0 0 0 0 0 0 0 0 0 0 0 0 0 8 0 0 0 161 7 0 0 1 0 0 0 0 0 0 0 0 0 0 0 2 0 0 0 0 0 0 0 0 0 0 0 32 0 0 0 255 255 255 255 2 0 5 0 0 0 0 0 data 4 0x50002 0xf4 0xa0002 0xf4 oops 0
ciMethodData com/android/dx/util/ByteArray getShort (I)I 1 678 orig 264 216 160 182 97 0 0 0 0 32 151 34 21 0 0 0 0 88 1 0 0 0 0 0 0 0 0 0 0 0 0 0 0 0 0 0 0 0 0 0 0 0 0 0 0 0 0 0 0 0 0 0 0 0 0 0 0 0 0 0 0 0 0 0 0 0 0 0 0 0 0 0 0 0 0 0 0 0 0 0 0 77 68 79 32 101 120 116 114 97 32 100 97 116 97 32 108 111 99 107 0 0 0 0 0 0 0 0 0 0 0 0 0 0 0 0 0 0 0 0 0 0 0 0 0 0 0 0 0 0 0 0 0 0 0 0 0 0 0 0 0 0 0 0 0 0 0 0 0 0 0 0 0 0 0 0 0 0 0 0 0 0 0 0 0 0 0 0 0 0 0 0 0 0 0 0 0 0 0 0 0 0 0 0 0 17 0 0 0 0 0 0 0 0 0 0 0 0 0 0 0 1 0 0 0 0 0 0 0 0 0 0 0 0 0 0 0 42 0 0 0 225 19 0 0 1 0 0 0 0 0 0 0 0 0 0 0 2 0 0 0 0 0 0 0 0 0 0 0 48 0 0 0 255 255 255 255 2 0 5 0 0 0 0 0 data 6 0x50002 0x27c 0xa0002 0x27c 0x140002 0x27c oops 0
ciMethodData com/android/dx/rop/cst/CstInteger getValue ()I 2 5374 orig 264 216 160 182 97 0 0 0 0 176 0 35 21 0 0 0 0 120 1 0 0 0 0 0 0 0 0 0 0 0 0 0 0 0 0 0 0 0 0 0 0 0 0 0 0 0 0 0 0 0 0 0 0 0 0 0 0 0 0 0 0 0 0 0 0 0 0 0 0 0 0 0 0 0 0 0 0 0 0 0 0 77 68 79 32 101 120 116 114 97 32 100 97 116 97 32 108 111 99 107 0 0 0 0 0 0 0 0 0 0 0 0 0 0 0 0 0 0 0 0 0 0 0 0 0 0 0 0 0 0 0 0 0 0 0 0 0 0 0 0 0 0 0 0 0 0 0 0 0 0 0 0 0 0 0 0 0 0 0 0 0 0 0 0 0 0 0 0 0 0 0 0 0 0 0 0 0 0 0 0 0 0 0 0 0 1 0 0 0 0 0 0 0 0 0 0 0 0 0 0 0 1 0 0 0 0 0 0 0 0 0 0 0 0 0 0 0 138 1 0 0 161 155 0 0 1 0 0 0 0 0 0 0 0 0 0 0 2 0 0 0 0 0 3 0 2 0 0 0 48 0 0 0 255 255 255 255 5 0 1 0 0 0 0 0 data 6 0x10005 0x212 0x18ff37d0 0x1162 0x0 0x0 oops 1 2 com/android/dx/rop/cst/CstInteger
ciMethodData com/android/dx/cf/code/BytecodeArray parseTableswitch (ILcom/android/dx/cf/code/BytecodeArray$Visitor;)I 1 147 orig 264 216 160 182 97 0 0 0 0 248 247 36 21 0 0 0 0 232 3 0 0 40 1 0 0 0 0 0 0 0 0 0 0 0 0 0 0 0 0 0 0 0 0 0 0 0 0 0 0 0 0 0 0 0 0 0 0 0 0 0 0 0 0 0 0 0 0 0 0 0 0 0 0 0 0 0 0 0 0 0 0 77 68 79 32 101 120 116 114 97 32 100 97 116 97 32 108 111 99 107 0 0 0 0 0 0 0 0 0 0 0 0 0 0 0 0 0 0 0 0 0 0 0 0 0 0 0 0 0 0 0 0 0 0 0 0 0 0 0 0 0 0 0 0 0 0 0 0 0 0 0 0 0 0 0 0 0 0 0 0 0 0 0 0 0 0 0 0 0 0 0 0 0 0 0 0 0 0 0 0 0 0 0 0 0 0 0 0 0 0 0 0 0 0 0 0 0 0 0 0 0 0 0 0 0 0 0 0 0 0 0 0 0 0 0 0 0 0 0 0 0 153 0 0 0 153 4 0 0 0 0 0 0 0 0 0 0 2 0 0 0 0 0 0 0 0 0 0 0 144 2 0 0 255 255 255 255 7 0 18 0 0 0 0 0 data 82 0x120007 0x13 0x68 0x1b 0x200005 0x1b 0x0 0x0 0x0 0x0 0x290003 0x1b 0xffffffffffffffb0 0x320005 0x13 0x0 0x0 0x0 0x0 0x3f0005 0x13 0x0 0x0 0x0 0x0 0x4c0005 0x13 0x0 0x0 0x0 0x0 0x610007 0x13 0x30 0x0 0x6a0002 0x0 0x740002 0x13 0x800007 0x13 0x98 0x79 0x890005 0x79 0x0 0x0 0x0 0x0 0x9b0005 0x79 0x0 0x0 0x0 0x0 0xa10003 0x79 0xffffffffffffff80 0xa80005 0x13 0x0 0x0 0x0 0x0 0xad0005 0x13 0x0 0x0 0x0 0x0 0xb20005 0x13 0x0 0x0 0x0 0x0 0xc50005 0x0 0x18ff3510 0xa 0x18ff35c0 0x9 oops 2 78 com/android/dx/cf/code/BasicBlocker 80 com/android/dx/cf/code/Simulator$SimVisitor
ciMethodData com/android/dx/cf/code/BytecodeArray parseLookupswitch (ILcom/android/dx/cf/code/BytecodeArray$Visitor;)I 1 88 orig 264 216 160 182 97 0 0 0 0 32 250 36 21 0 0 0 0 184 3 0 0 200 0 0 0 0 0 0 0 0 0 0 0 0 0 0 0 0 0 0 0 0 0 0 0 0 0 0 0 0 0 0 0 0 0 0 0 0 0 0 0 0 0 0 0 0 0 0 0 0 0 0 0 0 0 0 0 0 0 0 0 77 68 79 32 101 120 116 114 97 32 100 97 116 97 32 108 111 99 107 0 0 0 0 0 0 0 0 0 0 0 0 0 0 0 0 0 0 0 0 0 0 0 0 0 0 0 0 0 0 0 0 0 0 0 0 0 0 0 0 0 0 0 0 0 0 0 0 0 0 0 0 0 0 0 0 0 0 0 0 0 0 0 0 0 0 0 0 0 0 0 0 0 0 0 0 0 0 0 0 0 0 0 0 0 0 0 0 0 0 0 0 0 0 0 0 0 0 0 0 0 0 0 0 0 0 0 0 0 0 0 0 0 0 0 0 0 16 0 0 0 113 0 0 0 65 2 0 0 0 0 0 0 0 0 0 0 2 0 0 0 0 0 0 0 0 0 0 0 96 2 0 0 255 255 255 255 7 0 18 0 0 0 0 0 data 76 0x120007 0xe 0x68 0x20 0x200005 0x20 0x0 0x0 0x0 0x0 0x290003 0x20 0xffffffffffffffb0 0x320005 0xe 0x0 0x0 0x0 0x0 0x3f0005 0xe 0x0 0x0 0x0 0x0 0x4d0002 0xe 0x590007 0xe 0xc8 0x28 0x610005 0x28 0x0 0x0 0x0 0x0 0x6e0005 0x28 0x0 0x0 0x0 0x0 0x7d0005 0x28 0x0 0x0 0x0 0x0 0x830003 0x28 0xffffffffffffff50 0x8a0005 0xe 0x0 0x0 0x0 0x0 0x8f0005 0xe 0x0 0x0 0x0 0x0 0x940005 0xe 0x0 0x0 0x0 0x0 0xa70005 0x0 0x18ff3510 0x7 0x18ff35c0 0x7 oops 2 72 com/android/dx/cf/code/BasicBlocker 74 com/android/dx/cf/code/Simulator$SimVisitor
ciMethodData com/android/dx/cf/code/BytecodeArray parseNewarray (ILcom/android/dx/cf/code/BytecodeArray$Visitor;)I 1 8 orig 264 216 160 182 97 0 0 0 0 40 254 36 21 0 0 0 0 72 10 0 0 144 8 0 0 0 0 0 0 0 0 0 0 0 0 0 0 0 0 0 0 0 0 0 0 0 0 0 0 0 0 0 0 0 0 0 0 0 0 0 0 0 0 0 0 0 0 0 0 0 0 0 0 0 0 0 0 0 0 0 0 77 68 79 32 101 120 116 114 97 32 100 97 116 97 32 108 111 99 107 0 0 0 0 0 0 0 0 0 0 0 0 0 0 0 0 0 0 0 0 0 0 0 0 0 0 0 0 0 0 0 0 0 0 0 0 0 0 0 0 0 0 0 0 0 0 0 0 0 0 0 0 0 0 0 0 0 0 0 0 0 0 0 0 0 0 0 0 0 0 0 0 0 0 0 0 0 0 0 0 0 0 0 0 0 0 0 0 0 0 0 0 0 0 0 0 0 0 0 0 0 0 0 0 0 0 0 0 0 0 0 0 0 0 0 0 0 0 0 0 0 65 0 0 0 57 0 0 0 0 0 0 0 0 0 0 0 2 0 0 0 0 0 0 0 0 0 0 0 240 8 0 0 255 255 255 255 5 0 7 0 0 0 0 0 data 286 0x70005 0x8 0x0 0x0 0x0 0x0 0xc0008 0x12 0x0 0x160 0x0 0xa0 0x0 0xb8 0x0 0xe8 0x0 0xd0 0x0 0x100 0x0 0x118 0x8 0x130 0x0 0x148 0x410003 0x0 0x180 0x490003 0x0 0x168 0x510003 0x0 0x150 0x590003 0x0 0x138 0x610003 0x0 0x120 0x690003 0x0 0x108 0x710003 0x8 0xf0 0x790003 0x0 0xd8 0x840002 0x0 0x890005 0x0 0x0 0x0 0x0 0x0 0x8d0002 0x0 0x900005 0x0 0x0 0x0 0x0 0x0 0x930005 0x0 0x0 0x0 0x0 0x0 0x960002 0x0 0x9b0005 0x0 0x18ff3510 0x4 0x18ff35c0 0x4 0xa70002 0x8 0xb10007 0x0 0xc0 0x8 0xb90005 0x8 0x0 0x0 0x0 0x0 0xc20104 0x0 0x18ff37d0 0x4 0x0 0x0 0xc50007 0x4 0x40 0x4 0xd10007 0x0 0x20 0x4 0xeb0002 0x8 0xf20007 0x4 0x4f0 0x4 0x1010005 0xc 0x0 0x0 0x0 0x0 0x10a0007 0x8 0x38 0x4 0x10d0003 0x4 0x480 0x1150005 0x8 0x0 0x0 0x0 0x0 0x11e0007 0x0 0x438 0x8 0x1260004 0x0 0x18ff37d0 0x8 0x0 0x0 0x1290007 0x0 0x3e8 0x8 0x1330007 0x8 0x38 0x0 0x1360003 0x0 0x3a8 0x1480005 0x8 0x0 0x0 0x0 0x0 0x1510007 0x0 0x360 0x8 0x1590004 0x0 0x18ff37d0 0x8 0x0 0x0 0x15c0007 0x8 0x38 0x0 0x15f0003 0x0 0x2f0 0x1730005 0x0 0x17a66b90 0x8 0x0 0x0 0x1800005 0x8 0x0 0x0 0x0 0x0 0x1860008 0x12 0x0 0x228 0x0 0xa0 0x0 0xd8 0x0 0x148 0x0 0x110 0x0 0xa0 0x0 0x180 0x8 0x1b8 0x0 0x1f0 0x1b80007 0x0 0x188 0x0 0x1be0003 0x0 0x168 0x1c50007 0x0 0x150 0x0 0x1cb0003 0x0 0x130 0x1d20007 0x0 0x118 0x0 0x1d80003 0x0 0xf8 0x1df0007 0x0 0xe0 0x0 0x1e50003 0x0 0xc0 0x1ec0007 0x0 0xa8 0x0 0x1f20003 0x0 0x88 0x1f90007 0x8 0x70 0x0 0x1ff0003 0x0 0x50 0x2060007 0x0 0x38 0x0 0x20c0003 0x0 0x18 0x2140007 0x8 0x38 0x0 0x2170003 0x0 0x30 0x2210003 0x8 0xfffffffffffffb48 0x2270007 0x6 0x40 0x2 0x22e0007 0x2 0x50 0x0 0x2370005 0x0 0x18ff3510 0x3 0x18ff35c0 0x3 0x2480005 0x0 0x18ff3510 0x1 0x18ff35c0 0x1 oops 10 76 com/android/dx/cf/code/BasicBlocker 78 com/android/dx/cf/code/Simulator$SimVisitor 94 com/android/dx/rop/cst/CstInteger 137 com/android/dx/rop/cst/CstInteger 164 com/android/dx/rop/cst/CstInteger 177 java/util/ArrayList 276 com/android/dx/cf/code/BasicBlocker 278 com/android/dx/cf/code/Simulator$SimVisitor 282 com/android/dx/cf/code/BasicBlocker 284 com/android/dx/cf/code/Simulator$SimVisitor
ciMethodData com/android/dx/cf/code/BytecodeArray parseWide (ILcom/android/dx/cf/code/BytecodeArray$Visitor;)I 1 0 orig 264 216 160 182 97 0 0 0 0 240 0 37 21 0 0 0 0 56 5 0 0 128 3 0 0 0 0 0 0 0 0 0 0 0 0 0 0 0 0 0 0 0 0 0 0 0 0 0 0 0 0 0 0 0 0 0 0 0 0 0 0 0 0 0 0 0 0 0 0 0 0 0 0 0 0 0 0 0 0 0 0 77 68 79 32 101 120 116 114 97 32 100 97 116 97 32 108 111 99 107 0 0 0 0 0 0 0 0 0 0 0 0 0 0 0 0 0 0 0 0 0 0 0 0 0 0 0 0 0 0 0 0 0 0 0 0 0 0 0 0 0 0 0 0 0 0 0 0 0 0 0 0 0 0 0 0 0 0 0 0 0 0 0 0 0 0 0 0 0 0 0 0 0 0 0 0 0 0 0 0 0 0 0 0 0 0 0 0 0 0 0 0 0 0 0 0 0 0 0 0 0 0 0 0 0 0 0 0 0 0 0 0 0 0 0 0 0 0 0 0 0 1 0 0 0 1 0 0 0 0 0 0 0 0 0 0 0 2 0 0 0 0 0 0 0 0 0 0 0 224 3 0 0 255 255 255 255 5 0 7 0 0 0 0 0 data 124 0x70005 0x0 0x0 0x0 0x0 0x0 0x120005 0x0 0x0 0x0 0x0 0x0 0x180008 0x1a 0x0 0x350 0x0 0xe0 0x0 0x110 0x0 0x140 0x0 0x170 0x0 0x1a0 0x0 0x1d0 0x0 0x200 0x0 0x230 0x0 0x260 0x0 0x290 0x0 0x2f0 0x0 0x2c0 0x8f0005 0x0 0x0 0x0 0x0 0x0 0xa10005 0x0 0x0 0x0 0x0 0x0 0xb30005 0x0 0x0 0x0 0x0 0x0 0xc50005 0x0 0x0 0x0 0x0 0x0 0xd70005 0x0 0x0 0x0 0x0 0x0 0xe90005 0x0 0x0 0x0 0x0 0x0 0xfb0005 0x0 0x0 0x0 0x0 0x0 0x10d0005 0x0 0x0 0x0 0x0 0x0 0x11f0005 0x0 0x0 0x0 0x0 0x0 0x1310005 0x0 0x0 0x0 0x0 0x0 0x1420005 0x0 0x0 0x0 0x0 0x0 0x1500005 0x0 0x0 0x0 0x0 0x0 0x1610005 0x0 0x0 0x0 0x0 0x0 0x16f0005 0x0 0x0 0x0 0x0 0x0 oops 0
ciMethodData com/android/dx/cf/code/ConcreteMethod getCatches ()Lcom/android/dx/cf/code/ByteCatchList; 2 11382 orig 264 216 160 182 97 0 0 0 0 216 243 39 21 0 0 0 0 120 1 0 0 0 0 0 0 0 0 0 0 0 0 0 0 0 0 0 0 0 0 0 0 0 0 0 0 0 0 0 0 0 0 0 0 0 0 0 0 0 0 0 0 0 0 0 0 0 0 0 0 0 0 0 0 0 0 0 0 0 0 0 0 77 68 79 32 101 120 116 114 97 32 100 97 116 97 32 108 111 99 107 0 0 0 0 0 0 0 0 0 0 0 0 0 0 0 0 0 0 0 0 0 0 0 0 0 0 0 0 0 0 0 0 0 0 0 0 0 0 0 0 0 0 0 0 0 0 0 0 0 0 0 0 0 0 0 0 0 0 0 0 0 0 0 0 0 0 0 0 0 0 0 0 0 0 0 0 0 0 0 0 0 0 0 0 0 0 0 0 0 0 0 0 0 0 0 0 0 0 0 0 0 0 0 0 0 0 0 0 0 0 0 0 0 0 0 0 0 0 2 0 0 177 83 1 0 1 0 0 0 0 0 0 0 0 0 0 0 2 0 0 0 0 0 3 0 2 0 0 0 48 0 0 0 255 255 255 255 5 0 4 0 0 0 0 0 data 6 0x40005 0x1d2 0x190955d0 0x28a6 0x0 0x0 oops 1 2 com/android/dx/cf/attrib/AttCode
ciMethodData com/android/dx/cf/code/BasicBlocker addWorkIfNecessary (IZ)V 2 9743 orig 264 216 160 182 97 0 0 0 0 16 45 41 21 0 0 0 0 200 1 0 0 48 0 0 0 0 0 0 0 0 0 0 0 0 0 0 0 0 0 0 0 0 0 0 0 0 0 0 0 0 0 0 0 0 0 0 0 0 0 0 0 0 0 0 0 0 0 0 0 0 0 0 0 0 0 0 0 0 0 0 0 77 68 79 32 101 120 116 114 97 32 100 97 116 97 32 108 111 99 107 0 0 0 0 0 0 0 0 0 0 0 0 0 0 0 0 0 0 0 0 0 0 0 0 0 0 0 0 0 0 0 0 0 0 0 0 0 0 0 0 0 0 0 0 0 0 0 0 0 0 0 0 0 0 0 0 0 0 0 0 0 0 0 0 0 0 0 0 0 0 0 0 0 0 0 0 0 0 0 0 0 0 0 0 0 17 0 0 0 0 0 0 0 0 0 0 0 0 0 0 0 1 0 0 0 0 0 0 0 0 0 0 0 0 0 0 0 0 2 0 0 121 32 1 0 1 0 0 0 0 0 0 0 0 0 0 0 2 0 0 0 0 0 13 0 2 0 0 0 112 0 0 0 255 255 255 255 2 0 5 0 0 0 0 0 data 14 0x50002 0x240f 0x80007 0x1b 0x30 0x23f4 0x100002 0x23f4 0x140007 0xbf0 0x30 0x181f 0x1c0002 0x181f oops 0
ciMethodData com/android/dx/cf/code/BasicBlocker visitCommon (IIZ)V 2 8512 orig 264 216 160 182 97 0 0 0 0 16 46 41 21 0 0 0 0 200 1 0 0 64 0 0 0 0 0 0 0 0 0 0 0 0 0 0 0 0 0 0 0 0 0 0 0 0 0 0 0 0 0 0 0 0 0 0 0 0 0 0 0 0 0 0 0 0 0 0 0 0 0 0 0 0 0 0 0 0 0 0 0 77 68 79 32 101 120 116 114 97 32 100 97 116 97 32 108 111 99 107 0 0 0 0 0 0 0 0 0 0 0 0 0 0 0 0 0 0 0 0 0 0 0 0 0 0 0 0 0 0 0 0 0 0 0 0 0 0 0 0 0 0 0 0 0 0 0 0 0 0 0 0 0 0 0 0 0 0 0 0 0 0 0 0 0 0 0 0 0 0 0 0 0 0 0 0 0 0 0 0 0 0 0 0 0 17 0 0 0 0 0 0 0 0 0 0 0 0 0 0 0 1 0 0 0 0 0 0 0 0 0 0 0 0 0 0 0 0 2 0 0 1 250 0 0 1 0 0 0 0 0 0 0 0 0 0 0 2 0 0 0 0 0 15 0 2 0 0 0 104 0 0 0 255 255 255 255 2 0 5 0 0 0 0 0 data 13 0x50002 0x1f40 0x90007 0x239 0x48 0x1d07 0x110002 0x1d07 0x140003 0x1d08 0x28 0x1e0002 0x239 oops 0
ciMethodData com/android/dx/util/IntList makeImmutable (I)Lcom/android/dx/util/IntList; 2 10349 orig 264 216 160 182 97 0 0 0 0 144 86 41 21 0 0 0 0 184 1 0 0 0 0 0 0 0 0 0 0 0 0 0 0 0 0 0 0 0 0 0 0 0 0 0 0 0 0 0 0 0 0 0 0 0 0 0 0 0 0 0 0 0 0 0 0 0 0 0 0 0 0 0 0 0 0 0 0 0 0 0 0 77 68 79 32 101 120 116 114 97 32 100 97 116 97 32 108 111 99 107 0 0 0 0 0 0 0 0 0 0 0 0 0 0 0 0 0 0 0 0 0 0 0 0 0 0 0 0 0 0 0 0 0 0 0 0 0 0 0 0 0 0 0 0 0 0 0 0 0 0 0 0 0 0 0 0 0 0 0 0 0 0 0 0 0 0 0 0 0 0 0 0 0 0 0 0 0 0 0 0 0 0 0 0 0 0 0 0 0 0 0 0 0 0 0 0 0 0 0 0 0 0 0 0 0 0 0 0 0 0 0 0 0 0 0 0 0 0 2 0 0 105 51 1 0 1 0 0 0 0 0 0 0 0 0 0 0 2 0 0 0 0 0 3 0 2 0 0 0 112 0 0 0 255 255 255 255 2 0 5 0 0 0 0 0 data 14 0x50002 0x266e 0xb0005 0x1d5 0x186b2450 0x2499 0x0 0x0 0xf0005 0x0 0x186b2450 0x266e 0x0 0x0 oops 2 4 com/android/dx/util/IntList 10 com/android/dx/util/IntList
ciMethod com/android/dx/cf/code/BytecodeArray$ConstantParserVisitor <init> (Lcom/android/dx/cf/code/BytecodeArray;)V 65 1 8 0 -1
ciMethodData com/android/dx/cf/code/BasicBlocker visitConstant (IIILcom/android/dx/rop/cst/Constant;I)V 2 3875 orig 264 216 160 182 97 0 0 0 0 40 36 41 21 0 0 0 0 128 2 0 0 224 0 0 0 0 0 0 0 0 0 0 0 0 0 0 0 0 0 0 0 0 0 0 0 0 0 0 0 0 0 0 0 0 0 0 0 0 0 0 0 0 0 0 0 0 0 0 0 0 0 0 0 0 0 0 0 0 0 0 0 77 68 79 32 101 120 116 114 97 32 100 97 116 97 32 108 111 99 107 0 0 0 0 0 0 0 0 0 0 0 0 0 0 0 0 0 0 0 0 0 0 0 0 0 0 0 0 0 0 0 0 0 0 0 0 0 0 0 0 0 0 0 0 0 0 0 0 0 0 0 0 0 0 0 0 0 0 0 0 0 0 0 0 0 0 0 0 0 0 0 0 0 0 0 0 0 0 0 0 0 0 0 0 0 17 0 0 0 0 0 0 0 0 0 0 0 0 0 0 0 17 0 0 0 0 0 0 0 0 0 0 0 0 0 0 0 0 2 0 0 25 105 0 0 1 0 0 0 0 0 0 0 0 0 0 0 2 0 0 0 0 0 14 0 2 0 0 0 16 1 0 0 255 255 255 255 2 0 4 0 0 0 0 0 data 34 0x40002 0xd23 0x90004 0xfffffffffffffaf9 0x190907d0 0x452 0x18ff3720 0xe 0xc0007 0x81c 0xc0 0x507 0x110004 0xfffffffffffffbe1 0x18ff3720 0xe 0x18ff37d0 0x11 0x140007 0xe8 0x70 0x41e 0x190004 0xfffffffffffffd42 0x18ff3720 0x160 0x18ff37d0 0x11 0x1c0007 0x2be 0x30 0x160 0x230002 0xa64 oops 6 4 com/android/dx/rop/cst/CstMethodRef 6 com/android/dx/rop/cst/CstString 14 com/android/dx/rop/cst/CstString 16 com/android/dx/rop/cst/CstInteger 24 com/android/dx/rop/cst/CstString 26 com/android/dx/rop/cst/CstInteger
ciMethodData com/android/dx/cf/code/Simulator$SimVisitor visitConstant (IIILcom/android/dx/rop/cst/Constant;I)V 2 5874 orig 264 216 160 182 97 0 0 0 0 216 63 44 21 0 0 0 0 104 7 0 0 56 5 0 0 0 0 0 0 0 0 0 0 0 0 0 0 0 0 0 0 0 0 0 0 0 0 0 0 0 0 0 0 0 0 0 0 0 0 0 0 0 0 0 0 0 0 0 0 0 0 0 0 0 0 0 0 0 0 0 0 77 68 79 32 101 120 116 114 97 32 100 97 116 97 32 108 111 99 107 0 0 0 0 0 0 0 0 0 0 0 0 0 0 0 0 0 0 0 0 0 0 0 0 0 0 0 0 0 0 0 0 0 0 0 0 0 0 0 0 0 0 0 0 0 0 0 0 0 0 0 0 0 0 0 0 0 0 0 0 0 0 0 0 0 0 0 0 0 0 0 0 0 0 0 0 0 0 0 0 0 0 0 0 0 0 0 0 0 0 0 0 0 0 0 0 0 0 0 0 0 0 0 0 0 0 0 0 0 0 0 0 0 0 0 0 0 0 2 0 0 145 167 0 0 1 0 0 0 0 0 0 0 0 0 0 0 2 0 0 0 0 0 23 0 2 0 0 0 248 5 0 0 255 255 255 255 8 0 1 0 0 0 0 0 data 191 0x10008 0x28 0x2 0x538 0x0 0x198 0x0 0x240 0x0 0x288 0x0 0x390 0x2 0x390 0x1 0x438 0x0 0x330 0x0 0x538 0x2 0x538 0x0 0x538 0x0 0x150 0x0 0x538 0x0 0x538 0x0 0x240 0x0 0x240 0x0 0x538 0x0 0x538 0x0 0x538 0x0 0x4e0 0x670005 0x0 0x183ef0f0 0xc 0x0 0x0 0x6c0003 0xc 0x3e8 0x710004 0x0 0x19090050 0x11 0x0 0x0 0x740005 0x0 0x19090050 0x11 0x0 0x0 0x830005 0x0 0x183ef0f0 0x11 0x0 0x0 0x880003 0x11 0x340 0x960005 0x0 0x183ef0f0 0x561 0x0 0x0 0x9b0003 0x561 0x2f8 0xa00004 0x0 0x19090050 0x1c9 0x0 0x0 0xa30005 0x0 0x19090050 0x1c9 0x0 0x0 0xb50005 0x0 0x183ef0f0 0x1c9 0x0 0x0 0xba0003 0x1c9 0x250 0xbf0004 0x0 0x19090ea0 0x1c 0x0 0x0 0xc20005 0x0 0x19090ea0 0x1c 0x0 0x0 0xc90004 0x0 0x190907d0 0x78d 0x0 0x0 0xcd0005 0x2 0x190907d0 0x78b 0x0 0x0 0xdc0005 0x0 0x183ef0f0 0x78c 0x0 0x0 0xe10003 0x78c 0x148 0xe60004 0x0 0x190907d0 0xc4 0x0 0x0 0xea0005 0x1 0x190907d0 0xc3 0x0 0x0 0xf90005 0x0 0x183ef0f0 0xc4 0x0 0x0 0xfe0003 0xc4 0xa0 0x1060002 0x0 0x1150005 0x0 0x0 0x0 0x0 0x0 0x11a0003 0x0 0x48 0x1210005 0x0 0x183ef0f0 0x55b 0x0 0x0 0x12c0005 0x0 0x183ef0f0 0x14f2 0x0 0x0 0x1370005 0x0 0x183ef0f0 0x14f2 0x0 0x0 0x1460005 0x0 0x183ef0f0 0x14f0 0x0 0x0 oops 20 44 com/android/dx/cf/code/RopperMachine 53 com/android/dx/rop/cst/CstFieldRef 59 com/android/dx/rop/cst/CstFieldRef 65 com/android/dx/cf/code/RopperMachine 74 com/android/dx/cf/code/RopperMachine 83 com/android/dx/rop/cst/CstFieldRef 89 com/android/dx/rop/cst/CstFieldRef 95 com/android/dx/cf/code/RopperMachine 104 com/android/dx/rop/cst/CstInterfaceMethodRef 110 com/android/dx/rop/cst/CstInterfaceMethodRef 116 com/android/dx/rop/cst/CstMethodRef 122 com/android/dx/rop/cst/CstMethodRef 128 com/android/dx/cf/code/RopperMachine 137 com/android/dx/rop/cst/CstMethodRef 143 com/android/dx/rop/cst/CstMethodRef 149 com/android/dx/cf/code/RopperMachine 169 com/android/dx/cf/code/RopperMachine 175 com/android/dx/cf/code/RopperMachine 181 com/android/dx/cf/code/RopperMachine 187 com/android/dx/cf/code/RopperMachine
ciMethodData com/android/dx/cf/code/BasicBlocker visitThrowing (IIZ)V 2 5275 orig 264 216 160 182 97 0 0 0 0 64 47 41 21 0 0 0 0 184 2 0 0 248 0 0 0 0 0 0 0 0 0 0 0 0 0 0 0 0 0 0 0 0 0 0 0 0 0 0 0 0 0 0 0 0 0 0 0 0 0 0 0 0 0 0 0 0 0 0 0 0 0 0 0 0 0 0 0 0 0 0 0 77 68 79 32 101 120 116 114 97 32 100 97 116 97 32 108 111 99 107 0 0 0 0 0 0 0 0 0 0 0 0 0 0 0 0 0 0 0 0 0 0 0 0 0 0 0 0 0 0 0 0 0 0 0 0 0 0 0 0 0 0 0 0 0 0 0 0 0 0 0 0 0 0 0 0 0 0 0 0 0 0 0 0 0 0 0 0 0 0 0 0 0 0 0 0 0 0 0 0 0 0 0 0 0 17 0 0 0 0 0 0 0 0 0 0 0 0 0 0 0 1 0 0 0 0 0 0 0 0 0 0 0 0 0 0 0 0 2 0 0 217 148 0 0 1 0 0 0 0 0 0 0 0 0 0 0 2 0 0 0 0 0 18 0 2 0 0 0 88 1 0 0 255 255 255 255 7 0 6 0 0 0 0 0 data 43 0x60007 0x37 0x30 0x1264 0xd0002 0x1264 0x140005 0x40 0x19012110 0x125b 0x0 0x0 0x180005 0x40 0x190123a0 0x125c 0x0 0x0 0x240004 0x0 0x190123a0 0x129b 0x0 0x0 0x2d0007 0x37 0x38 0x1264 0x320003 0x1264 0x18 0x360005 0x40 0x190123a0 0x125b 0x0 0x0 0x390004 0x0 0x186b2450 0x129b 0x0 0x0 oops 5 8 com/android/dx/cf/code/ConcreteMethod 14 com/android/dx/cf/code/ByteCatchList 20 com/android/dx/cf/code/ByteCatchList 33 com/android/dx/cf/code/ByteCatchList 39 com/android/dx/util/IntList
ciMethodData com/android/dx/cf/code/ByteCatchList listFor (I)Lcom/android/dx/cf/code/ByteCatchList; 2 5275 orig 264 216 160 182 97 0 0 0 0 32 51 37 21 0 0 0 0 96 3 0 0 104 1 0 0 0 0 0 0 0 0 0 0 0 0 0 0 0 0 0 0 0 0 0 0 0 0 0 0 0 0 0 0 0 0 0 0 0 0 0 0 0 0 0 0 0 0 0 0 0 0 0 0 0 0 0 0 0 0 0 0 77 68 79 32 101 120 116 114 97 32 100 97 116 97 32 108 111 99 107 0 0 0 0 0 0 0 0 0 0 0 0 0 0 0 0 0 0 0 0 0 0 0 0 0 0 0 0 0 0 0 0 0 0 0 0 0 0 0 0 0 0 0 0 0 0 0 0 0 0 0 0 0 0 0 0 0 0 0 0 0 0 0 0 0 0 0 0 0 0 0 0 0 0 0 0 0 0 0 0 0 0 0 0 0 0 0 0 0 0 0 0 0 0 0 0 0 0 0 0 0 0 0 0 0 0 0 0 0 0 0 0 0 0 0 0 0 0 2 0 0 217 148 0 0 113 28 0 0 0 0 0 0 0 0 0 0 2 0 0 0 2 0 28 0 2 0 0 0 16 2 0 0 255 255 255 255 5 0 1 0 0 0 0 0 data 66 0x10005 0x4b 0x190123a0 0x1250 0x0 0x0 0x130007 0x129a 0x118 0x300 0x190005 0x0 0x190123a0 0x300 0x0 0x0 0x210005 0x0 0x18a45f80 0x300 0x0 0x0 0x240007 0x272 0x80 0x8e 0x2c0002 0x8e 0x2f0007 0x0 0x50 0x8e 0x370004 0x0 0x18a45f80 0x8e 0x0 0x0 0x3e0003 0x300 0xffffffffffffff00 0x430007 0x6a 0x20 0x1230 0x500002 0x6a 0x5c0007 0x6a 0x68 0x8e 0x670005 0x0 0x190123a0 0x8e 0x0 0x0 0x6d0003 0x8e 0xffffffffffffffb0 0x720005 0x0 0x190123a0 0x6a 0x0 0x0 oops 6 2 com/android/dx/cf/code/ByteCatchList 12 com/android/dx/cf/code/ByteCatchList 18 com/android/dx/cf/code/ByteCatchList$Item 34 com/android/dx/cf/code/ByteCatchList$Item 53 com/android/dx/cf/code/ByteCatchList 62 com/android/dx/cf/code/ByteCatchList
ciMethodData com/android/dx/cf/code/ByteCatchList toTargetList (I)Lcom/android/dx/util/IntList; 2 5274 orig 264 216 160 182 97 0 0 0 0 224 53 37 21 0 0 0 0 200 3 0 0 24 2 0 0 0 0 0 0 0 0 0 0 0 0 0 0 0 0 0 0 0 0 0 0 0 0 0 0 0 0 0 0 0 0 0 0 0 0 0 0 0 0 0 0 0 0 0 0 0 0 0 0 0 0 0 0 0 0 0 0 77 68 79 32 101 120 116 114 97 32 100 97 116 97 32 108 111 99 107 0 0 0 0 0 0 0 0 0 0 0 0 0 0 0 0 0 0 0 0 0 0 0 0 0 0 0 0 0 0 0 0 0 0 0 0 0 0 0 0 0 0 0 0 0 0 0 0 0 0 0 0 0 0 0 0 0 0 0 0 0 0 0 0 0 0 0 0 0 0 0 0 0 0 0 0 0 0 0 0 0 0 0 0 0 0 0 0 0 0 0 0 0 0 0 0 0 0 0 0 0 0 0 0 0 0 0 0 0 0 0 0 0 0 0 0 0 0 2 0 0 209 148 0 0 113 4 0 0 0 0 0 0 0 0 0 0 2 0 0 0 1 0 21 0 2 0 0 0 120 2 0 0 255 255 255 255 7 0 2 0 0 0 0 0 data 79 0x20007 0x129a 0x30 0x0 0xb0002 0x0 0x100007 0x37 0x38 0x1263 0x140003 0x1264 0x18 0x1a0005 0x4c 0x190123a0 0x124f 0x0 0x0 0x1f0007 0x6a 0x50 0x1230 0x230007 0x37 0x30 0x11fa 0x270002 0x11fa 0x350007 0x0 0x38 0x6a 0x390003 0x6a 0x18 0x3e0002 0x6a 0x490007 0x6a 0xc8 0x8e 0x510005 0x0 0x190123a0 0x8e 0x0 0x0 0x540005 0x0 0x18a45f80 0x8e 0x0 0x0 0x570005 0x0 0x186b2450 0x8e 0x0 0x0 0x5d0003 0x8e 0xffffffffffffff50 0x610007 0x0 0x50 0x6a 0x670005 0x0 0x186b2450 0x6a 0x0 0x0 0x6c0005 0x0 0x186b2450 0x6a 0x0 0x0 oops 6 15 com/android/dx/cf/code/ByteCatchList 44 com/android/dx/cf/code/ByteCatchList 50 com/android/dx/cf/code/ByteCatchList$Item 56 com/android/dx/util/IntList 69 com/android/dx/util/IntList 75 com/android/dx/util/IntList
ciMethodData com/android/dx/cf/code/BasicBlocker visitLocal (IIIILcom/android/dx/rop/type/Type;I)V 2 3122 orig 264 216 160 182 97 0 0 0 0 8 35 41 21 0 0 0 0 0 2 0 0 96 0 0 0 0 0 0 0 0 0 0 0 0 0 0 0 0 0 0 0 0 0 0 0 0 0 0 0 0 0 0 0 0 0 0 0 0 0 0 0 0 0 0 0 0 0 0 0 0 0 0 0 0 0 0 0 0 0 0 0 77 68 79 32 101 120 116 114 97 32 100 97 116 97 32 108 111 99 107 0 0 0 0 0 0 0 0 0 0 0 0 0 0 0 0 0 0 0 0 0 0 0 0 0 0 0 0 0 0 0 0 0 0 0 0 0 0 0 0 0 0 0 0 0 0 0 0 0 0 0 0 0 0 0 0 0 0 0 0 0 0 0 0 0 0 0 0 0 0 0 0 0 0 0 0 0 0 0 0 0 0 0 0 0 17 0 0 0 0 0 0 0 32 0 0 0 0 0 0 0 33 0 0 0 0 0 0 0 0 0 0 0 0 0 0 0 0 2 0 0 145 81 0 0 1 0 0 0 0 0 0 0 0 0 0 0 2 0 0 0 0 0 11 0 2 0 0 0 136 0 0 0 255 255 255 255 7 0 4 0 0 0 0 0 data 17 0x40007 0xa32 0x78 0x0 0xb0002 0x0 0x160004 0x0 0x0 0x0 0x0 0x0 0x170003 0x0 0x28 0x1e0002 0xa32 oops 0
ciMethodData com/android/dx/cf/code/ByteCatchList get (I)Lcom/android/dx/cf/code/ByteCatchList$Item; 2 1232 orig 264 216 160 182 97 0 0 0 0 184 47 37 21 0 0 0 0 176 1 0 0 0 0 0 0 0 0 0 0 0 0 0 0 0 0 0 0 0 0 0 0 0 0 0 0 0 0 0 0 0 0 0 0 0 0 0 0 0 0 0 0 0 0 0 0 0 0 0 0 0 0 0 0 0 0 0 0 0 0 0 0 77 68 79 32 101 120 116 114 97 32 100 97 116 97 32 108 111 99 107 0 0 0 0 0 0 0 0 0 0 0 0 0 0 0 0 0 0 0 0 0 0 0 0 0 0 0 0 0 0 0 0 0 0 0 0 0 0 0 0 0 0 0 0 0 0 0 0 0 0 0 0 0 0 0 0 0 0 0 0 0 0 0 0 0 0 0 0 0 0 0 0 0 0 0 0 0 0 0 0 0 0 0 0 0 0 0 0 0 0 0 0 0 0 0 0 0 0 0 0 0 0 0 0 0 0 0 0 0 0 0 0 0 0 0 0 0 0 0 0 0 129 38 0 0 1 0 0 0 0 0 0 0 0 0 0 0 2 0 0 0 0 0 0 0 0 0 0 0 96 0 0 0 255 255 255 255 5 0 2 0 0 0 0 0 data 12 0x20005 0x26 0x190123a0 0x4aa 0x0 0x0 0x50004 0x0 0x18a45f80 0x4d0 0x0 0x0 oops 2 2 com/android/dx/cf/code/ByteCatchList 8 com/android/dx/cf/code/ByteCatchList$Item
ciMethodData com/android/dx/cf/code/ByteCatchList typeNotFound (Lcom/android/dx/cf/code/ByteCatchList$Item;[Lcom/android/dx/cf/code/ByteCatchList$Item;I)Z 1 142 orig 264 216 160 182 97 0 0 0 0 96 52 37 21 0 0 0 0 48 2 0 0 0 0 0 0 0 0 0 0 0 0 0 0 0 0 0 0 0 0 0 0 0 0 0 0 0 0 0 0 0 0 0 0 0 0 0 0 0 0 0 0 0 0 0 0 0 0 0 0 0 0 0 0 0 0 0 0 0 0 0 0 77 68 79 32 101 120 116 114 97 32 100 97 116 97 32 108 111 99 107 0 0 0 0 0 0 0 0 0 0 0 0 0 0 0 0 0 0 0 0 0 0 0 0 0 0 0 0 0 0 0 0 0 0 0 0 0 0 0 0 0 0 0 0 0 0 0 0 0 0 0 0 0 0 0 0 0 0 0 0 0 0 0 0 0 0 0 0 0 0 0 0 0 0 0 0 0 0 0 0 0 0 0 0 0 0 0 0 0 0 0 0 0 0 0 0 0 0 0 0 0 0 0 0 0 0 0 0 0 0 0 0 0 0 0 0 0 0 0 0 0 113 4 0 0 129 1 0 0 0 0 0 0 0 0 0 0 2 0 0 0 0 0 0 0 0 0 0 0 216 0 0 0 255 255 255 255 5 0 1 0 0 0 0 0 data 27 0x10005 0x0 0x18a45f80 0x8e 0x0 0x0 0xb0007 0x8e 0xa8 0x31 0x120005 0x0 0x18a45f80 0x31 0x0 0x0 0x1a0007 0x0 0x40 0x31 0x220007 0x31 0x20 0x0 0x2a0003 0x31 0xffffffffffffff70 oops 2 2 com/android/dx/cf/code/ByteCatchList$Item 12 com/android/dx/cf/code/ByteCatchList$Item
ciMethodData com/android/dx/cf/code/ByteCatchList <init> (I)V 1 122 orig 264 216 160 182 97 0 0 0 0 96 46 37 21 0 0 0 0 56 1 0 0 0 0 0 0 0 0 0 0 0 0 0 0 0 0 0 0 0 0 0 0 0 0 0 0 0 0 0 0 0 0 0 0 0 0 0 0 0 0 0 0 0 0 0 0 0 0 0 0 0 0 0 0 0 0 0 0 0 0 0 0 77 68 79 32 101 120 116 114 97 32 100 97 116 97 32 108 111 99 107 0 0 0 0 0 0 0 0 0 0 0 0 0 0 0 0 0 0 0 0 0 0 0 0 0 0 0 0 0 0 0 0 0 0 0 0 0 0 0 0 0 0 0 0 0 0 0 0 0 0 0 0 0 0 0 0 0 0 0 0 0 0 0 0 0 0 0 0 0 0 0 0 0 0 0 0 0 0 0 0 0 0 0 0 0 0 0 0 0 0 0 0 0 0 0 0 0 0 0 0 0 0 0 0 0 0 0 0 0 0 0 0 0 0 0 0 0 1 0 0 0 201 3 0 0 1 0 0 0 0 0 0 0 0 0 0 0 2 0 0 0 0 0 0 0 0 0 0 0 16 0 0 0 255 255 255 255 2 0 2 0 0 0 0 0 data 2 0x20002 0x79 oops 0
ciMethodData com/android/dx/cf/code/ByteCatchList set (ILcom/android/dx/cf/code/ByteCatchList$Item;)V 1 142 orig 264 216 160 182 97 0 0 0 0 136 48 37 21 0 0 0 0 184 1 0 0 32 0 0 0 0 0 0 0 0 0 0 0 0 0 0 0 0 0 0 0 0 0 0 0 0 0 0 0 0 0 0 0 0 0 0 0 0 0 0 0 0 0 0 0 0 0 0 0 0 0 0 0 0 0 0 0 0 0 0 0 77 68 79 32 101 120 116 114 97 32 100 97 116 97 32 108 111 99 107 0 0 0 0 0 0 0 0 0 0 0 0 0 0 0 0 0 0 0 0 0 0 0 0 0 0 0 0 0 0 0 0 0 0 0 0 0 0 0 0 0 0 0 0 0 0 0 0 0 0 0 0 0 0 0 0 0 0 0 0 0 0 0 0 0 0 0 0 0 0 0 0 0 0 0 0 0 0 0 0 0 0 0 0 0 0 0 0 0 0 0 0 0 0 0 0 0 0 0 0 0 0 0 0 0 0 0 0 0 0 0 0 0 0 0 0 0 0 0 0 0 113 4 0 0 1 0 0 0 0 0 0 0 0 0 0 0 2 0 0 0 0 0 0 0 0 0 0 0 96 0 0 0 255 255 255 255 7 0 1 0 0 0 0 0 data 12 0x10007 0x8e 0x30 0x0 0xa0002 0x0 0x110005 0x0 0x190123a0 0x8e 0x0 0x0 oops 1 8 com/android/dx/cf/code/ByteCatchList
ciMethodData com/android/dx/cf/code/Simulator$SimVisitor visitLocal (IIIILcom/android/dx/rop/type/Type;I)V 2 4965 orig 264 216 160 182 97 0 0 0 0 8 61 44 21 0 0 0 0 0 7 0 0 40 5 0 0 0 0 0 0 0 0 0 0 0 0 0 0 0 0 0 0 0 0 0 0 0 0 0 0 0 0 0 0 0 0 0 0 0 0 0 0 0 0 0 0 0 0 0 0 0 0 0 0 0 0 0 0 0 0 0 0 77 68 79 32 101 120 116 114 97 32 100 97 116 97 32 108 111 99 107 0 0 0 0 0 0 0 0 0 0 0 0 0 0 0 0 0 0 0 0 0 0 0 0 0 0 0 0 0 0 0 0 0 0 0 0 0 0 0 0 0 0 0 0 0 0 0 0 0 0 0 0 0 0 0 0 0 0 0 0 0 0 0 0 0 0 0 0 0 0 0 0 0 0 0 0 0 0 0 0 0 0 0 0 0 0 0 0 0 0 0 0 0 0 0 0 0 0 0 0 0 0 0 0 0 0 0 0 0 0 0 0 0 0 0 0 0 0 2 0 0 41 139 0 0 1 0 0 0 0 0 0 0 0 0 0 0 2 0 0 0 0 0 41 0 2 0 0 0 136 5 0 0 255 255 255 255 7 0 3 0 0 0 0 0 data 177 0x30007 0xfef 0x38 0x176 0x90003 0x176 0x18 0x130002 0x1166 0x1a0005 0x3 0x18417930 0x1165 0x0 0x0 0x210007 0x3c 0xe0 0x112b 0x260005 0x0 0x18417b80 0x112b 0x0 0x0 0x2d0005 0x3 0x1744c6e0 0x1128 0x0 0x0 0x320005 0x3 0x1744c6e0 0x1128 0x0 0x0 0x350007 0x112b 0x30 0x0 0x3c0002 0x0 0x450008 0xa 0x0 0x3d0 0x3 0x60 0x0 0x140 0x0 0x250 0x0 0x60 0x7a0005 0x0 0x183ef0f0 0xfb9 0x0 0x0 0x850007 0x34 0x38 0xf84 0x890003 0xf84 0x18 0x8d0005 0x0 0x183ef0f0 0xfb8 0x0 0x0 0x980005 0x0 0x183ef0f0 0xfb8 0x0 0x0 0x9d0003 0xfb8 0x2d8 0xa20007 0x16e 0x38 0x8 0xa60003 0x8 0x48 0xab0005 0x0 0x18417b80 0x16e 0x0 0x0 0xba0005 0x0 0x183ef0f0 0x176 0x0 0x0 0xc50005 0x0 0x183ef0f0 0x176 0x0 0x0 0xd40005 0x0 0x183ef0f0 0x176 0x0 0x0 0xd90003 0x176 0x1c8 0xde0007 0x38 0x38 0x0 0xe20003 0x0 0x48 0xe70005 0x0 0x18417b80 0x38 0x0 0x0 0xf60005 0x0 0x183ef0f0 0x38 0x0 0x0 0x1050005 0x0 0x183ef0f0 0x38 0x0 0x0 0x1100005 0x0 0x183ef0f0 0x38 0x0 0x0 0x11b0005 0x0 0x183ef0f0 0x38 0x0 0x0 0x1260002 0x38 0x1290005 0x0 0x183ef0f0 0x38 0x0 0x0 0x12e0003 0x38 0x48 0x1350005 0x0 0x0 0x0 0x0 0x0 0x1430005 0x0 0x183ef0f0 0x1165 0x0 0x0 oops 18 11 com/android/dx/cf/code/LocalVariableList 21 com/android/dx/cf/code/LocalVariableList$Item 27 com/android/dx/rop/type/Type 33 com/android/dx/rop/type/Type 57 com/android/dx/cf/code/RopperMachine 70 com/android/dx/cf/code/RopperMachine 76 com/android/dx/cf/code/RopperMachine 92 com/android/dx/cf/code/LocalVariableList$Item 98 com/android/dx/cf/code/RopperMachine 104 com/android/dx/cf/code/RopperMachine 110 com/android/dx/cf/code/RopperMachine 126 com/android/dx/cf/code/LocalVariableList$Item 132 com/android/dx/cf/code/RopperMachine 138 com/android/dx/cf/code/RopperMachine 144 com/android/dx/cf/code/RopperMachine 150 com/android/dx/cf/code/RopperMachine 158 com/android/dx/cf/code/RopperMachine 173 com/android/dx/cf/code/RopperMachine
ciMethodData com/android/dx/cf/code/BasicBlocker visitNoArgs (IIILcom/android/dx/rop/type/Type;)V 1 882 orig 264 216 160 182 97 0 0 0 0 224 33 41 21 0 0 0 0 88 4 0 0 152 2 0 0 0 0 0 0 0 0 0 0 0 0 0 0 0 0 0 0 0 0 0 0 0 0 0 0 0 0 0 0 0 0 0 0 0 0 0 0 0 0 0 0 0 0 0 0 0 0 0 0 0 0 0 0 0 0 0 0 77 68 79 32 101 120 116 114 97 32 100 97 116 97 32 108 111 99 107 0 0 0 0 0 0 0 0 0 0 0 0 0 0 0 0 0 0 0 0 0 0 0 0 0 0 0 0 0 0 0 0 0 0 0 0 0 0 0 0 0 0 0 0 0 0 0 0 0 0 0 0 0 0 0 0 0 0 0 0 0 0 0 0 0 0 0 0 0 0 0 0 0 0 0 0 0 0 0 0 0 0 0 0 0 0 0 0 0 0 0 0 0 0 0 0 0 0 0 0 0 0 0 0 0 0 0 0 0 0 0 0 0 0 0 0 0 0 1 0 0 145 19 0 0 1 0 0 0 0 0 0 0 0 0 0 0 2 0 0 0 0 0 31 0 2 0 0 0 240 2 0 0 255 255 255 255 8 0 1 0 0 0 0 0 data 94 0x10008 0x32 0x0 0x2e0 0x0 0x230 0x0 0x230 0x0 0x230 0x0 0x230 0x0 0x230 0x0 0x230 0x0 0x230 0x0 0x230 0x0 0x230 0x0 0x230 0x0 0x230 0x0 0x230 0x0 0x230 0x0 0x230 0x0 0x230 0x0 0x230 0x0 0x268 0x0 0x268 0x0 0x1a0 0x0 0x1a0 0x0 0x230 0x0 0x1f8 0x0 0x230 0x0 0x230 0xd00002 0x123 0xdb0004 0x0 0x186b2450 0x123 0x0 0x0 0xdc0003 0x123 0x110 0xe30002 0x1c 0xea0002 0x1c 0xed0003 0x1c 0xd8 0xf40002 0x1b 0xfb0002 0x1b 0xfe0003 0x1b 0xa0 0x1050002 0x0 0x10d0007 0x0 0x40 0x0 0x1150007 0x0 0x58 0x0 0x11c0002 0x0 0x11f0003 0x0 0x28 0x1260002 0x118 oops 1 56 com/android/dx/util/IntList
ciMethodData com/android/dx/cf/code/Simulator$SimVisitor visitNoArgs (IIILcom/android/dx/rop/type/Type;)V 2 1425 orig 264 216 160 182 97 0 0 0 0 152 56 44 21 0 0 0 0 144 42 0 0 120 40 0 0 0 0 0 0 0 0 0 0 0 0 0 0 0 0 0 0 0 0 0 0 0 0 0 0 0 0 0 0 0 0 0 0 0 0 0 0 0 0 0 0 0 0 0 0 0 0 0 0 0 0 0 0 0 0 0 0 77 68 79 32 101 120 116 114 97 32 100 97 116 97 32 108 111 99 107 0 0 0 0 0 0 0 0 0 0 0 0 0 0 0 0 0 0 0 0 0 0 0 0 0 0 0 0 0 0 0 0 0 0 0 0 0 0 0 0 0 0 0 0 0 0 0 0 0 0 0 0 0 0 0 0 0 0 0 0 0 0 0 0 0 0 0 0 0 0 0 0 0 0 0 0 0 0 0 0 0 0 0 0 0 0 0 0 0 0 0 0 0 0 0 0 0 0 0 0 0 0 0 0 0 0 0 0 0 0 0 0 0 0 0 0 0 0 1 0 0 137 36 0 0 1 0 0 0 0 0 0 0 0 0 0 0 2 0 0 0 0 0 116 0 2 0 0 0 8 41 0 0 255 255 255 255 8 0 1 0 0 0 0 0 data 1313 0x10008 0x18a 0x0 0x2878 0x0 0xc60 0x0 0x2878 0x0 0x2878 0x0 0x2878 0x0 0x2878 0x0 0x2878 0x0 0x2878 0x0 0x2878 0x0 0x2878 0x0 0x2878 0x0 0x2878 0x0 0x2878 0x0 0x2878 0x0 0x2878 0x0 0x2878 0x0 0x2878 0x0 0x2878 0x0 0x2878 0x0 0x2878 0x0 0x2878 0x0 0x2878 0x0 0x2878 0x0 0x2878 0x0 0x2878 0x0 0x2878 0x0 0x2878 0x0 0x2878 0x0 0x2878 0x0 0x2878 0x0 0x2878 0x0 0x2878 0x0 0x2878 0x0 0x2878 0x0 0x2878 0x0 0x2878 0x0 0x2878 0x0 0x2878 0x0 0x2878 0x0 0x2878 0x0 0x2878 0x0 0x2878 0x0 0x2878 0x0 0x2878 0x0 0x2878 0x0 0x2878 0x0 0x2878 0x0 0x1268 0x0 0x2878 0x0 0x2878 0x0 0x2878 0x0 0x2878 0x0 0x2878 0x0 0x2878 0x0 0x2878 0x0 0x2878 0x0 0x2878 0x0 0x2878 0x0 0x2878 0x0 0x2878 0x0 0x2878 0x0 0x2878 0x0 0x2878 0x0 0x2878 0x0 0x2878 0x0 0x2878 0x0 0x2878 0x0 0x2878 0x0 0x2878 0x0 0x2878 0x0 0x2878 0x0 0x2878 0x0 0x2878 0x0 0x2878 0x0 0x2878 0x0 0x2878 0x0 0x2878 0x0 0x2878 0x0 0x2878 0x0 0x2878 0x0 0x14b8 0x0 0x2878 0x0 0x2878 0x0 0x2878 0x0 0x2878 0x0 0x2878 0x0 0x2878 0x0 0x2878 0x0 0xf40 0x0 0x1658 0x0 0x1890 0x0 0x19c8 0x0 0x1b80 0x0 0x1658 0x0 0x1e40 0x0 0x2180 0x0 0x26c0 0x0 0x1350 0x0 0x2878 0x0 0x2878 0x0 0x2878 0x0 0x1350 0x0 0x2878 0x0 0x2878 0x0 0x2878 0x0 0x1350 0x0 0x2878 0x0 0x2878 0x0 0x2878 0x0 0x1350 0x0 0x2878 0x0 0x2878 0x0 0x2878 0x0 0x1350 0x0 0x2878 0x0 0x2878 0x0 0x2878 0x0 0xca8 0x0 0x2878 0x0 0x2878 0x0 0x2878 0x0 0x1398 0x0 0x2878 0x0 0x1398 0x0 0x2878 0x0 0x1398 0x0 0x2878 0x0 0x1350 0x0 0x2878 0x0 0x1350 0x0 0x2878 0x0 0x1350 0x0 0x2878 0x0 0x2878 0x0 0xcf0 0x0 0xcf0 0x0 0xcf0 0x0 0xd38 0x0 0xd38 0x0 0xd38 0x0 0xd80 0x0 0xd80 0x0 0xd80 0x0 0xdc8 0x0 0xdc8 0x0 0xdc8 0x0 0xcf0 0x0 0xcf0 0x0 0xcf0 0x0 0x13e0 0x0 0x1428 0x0 0x1428 0x0 0x1470 0x0 0x1470 0x0 0x2878 0x0 0x2878 0x0 0x2878 0x0 0x2878 0x0 0x2878 0x0 0x2878 0x0 0x2878 0x0 0x2878 0x0 0x2878 0x0 0x2878 0x0 0x2878 0x0 0x2878 0x0 0x2878 0x0 0x2878 0x0 0x2878 0x0 0x2878 0x0 0x2878 0x0 0x2878 0x0 0x2878 0x0 0xe68 0x0 0x2878 0x0 0x2878 0x0 0x2878 0x0 0x2878 0x0 0xe10 0x0 0x2878 0x0 0x2878 0x0 0x2878 0x0 0x2878 0x0 0x2878 0x0 0x2878 0x0 0x2878 0x0 0x2878 0x0 0x2878 0x0 0x2878 0x0 0x2878 0x0 0x2878 0x0 0x1048 0x0 0x1220 0x0 0x2878 0x0 0x2878 0x0 0x1220 0x0 0x1220 0x3240005 0x0 0x0 0x0 0x0 0x0 0x3290003 0x0 0x1c18 0x3360005 0x0 0x0 0x0 0x0 0x0 0x33b0003 0x0 0x1bd0 0x3490005 0x0 0x183ef0f0 0x1 0x0 0x0 0x34e0003 0x1 0x1b88 0x35c0005 0x0 0x0 0x0 0x0 0x0 0x3610003 0x0 0x1b40 0x36f0005 0x0 0x0 0x0 0x0 0x0 0x3740003 0x0 0x1af8 0x3820005 0x0 0x0 0x0 0x0 0x0 0x3870003 0x0 0x1ab0 0x38e0005 0x0 0x183ef0f0 0x152 0x0 0x0 0x3970002 0x152 0x39a0003 0x152 0x1a58 0x3a60007 0x67 0x80 0xb9 0x3ad0005 0x0 0x186aff70 0xb9 0x0 0x0 0x3b10005 0x0 0x17b40350 0xb9 0x0 0x0 0x3c00005 0x0 0x183ef0f0 0x11f 0x0 0x0 0x3c80002 0x11f 0x3cb0003 0x120 0x1980 0x3d20005 0x0 0x186aff70 0xac 0x0 0x0 0x3d60005 0x0 0x17b40350 0xac 0x0 0x0 0x3dd0005 0x0 0x1744c6e0 0xac 0x0 0x0 0x3e00007 0xac 0x30 0x0 0x3e30002 0x0 0x3f00005 0x0 0x183ef0f0 0xac 0x0 0x0 0x3f50003 0xac 0x1878 0x3fc0005 0x0 0x186aff70 0x2 0x0 0x0 0x4000005 0x0 0x17b40350 0x2 0x0 0x0 0x4070005 0x0 0x1744c6e0 0x2 0x0 0x0 0x40a0007 0x2 0x100 0x0 0x4150002 0x0 0x41a0005 0x0 0x0 0x0 0x0 0x0 0x41f0005 0x0 0x0 0x0 0x0 0x0 0x4220005 0x0 0x0 0x0 0x0 0x0 0x4250005 0x0 0x0 0x0 0x0 0x0 0x4280002 0x0 0x4370005 0x0 0x183ef0f0 0x2 0x0 0x0 0x43c0003 0x2 0x16a0 0x44a0005 0x0 0x183ef0f0 0x37 0x0 0x0 0x44f0003 0x37 0x1658 0x4560005 0x0 0x186aff70 0xd 0x0 0x0 0x45a0005 0x0 0x17b40350 0xd 0x0 0x0 0x4630002 0xd 0x46a0005 0x0 0x1744c6e0 0xd 0x0 0x0 0x47c0005 0x0 0x183ef0f0 0xd 0x0 0x0 0x4810003 0xd 0x1570 0x4900005 0x0 0x183ef0f0 0x1f 0x0 0x0 0x4950003 0x1f 0x1528 0x4a50005 0x0 0x183ef0f0 0x4 0x0 0x0 0x4aa0003 0x4 0x14e0 0x4bb0005 0x0 0x0 0x0 0x0 0x0 0x4c00003 0x0 0x1498 0x4d10005 0x0 0x0 0x0 0x0 0x0 0x4d60003 0x0 0x1450 0x4e70005 0x0 0x0 0x0 0x0 0x0 0x4ec0003 0x0 0x1408 0x4f30005 0x0 0x186aff70 0xc 0x0 0x0 0x4fa0005 0x0 0x1744c6e0 0xc 0x0 0x0 0x4fd0007 0x0 0x38 0xc 0x5010003 0xc 0x18 0x50b0005 0x0 0x17b40350 0xc 0x0 0x0 0x5140005 0x0 0x17b40350 0xc 0x0 0x0 0x51d0002 0xc 0x5240007 0xa 0x50 0x2 0x5290005 0x0 0x1744c6e0 0x2 0x0 0x0 0x53d0005 0x0 0x183ef0f0 0xc 0x0 0x0 0x5420003 0xc 0x1268 0x5490005 0x0 0x0 0x0 0x0 0x0 0x5510005 0x0 0x0 0x0 0x0 0x0 0x5540005 0x0 0x0 0x0 0x0 0x0 0x5570007 0x0 0x68 0x0 0x5630005 0x0 0x0 0x0 0x0 0x0 0x56c0003 0x0 0xf0 0x5720005 0x0 0x0 0x0 0x0 0x0 0x5750005 0x0 0x0 0x0 0x0 0x0 0x5780007 0x0 0x68 0x0 0x5840005 0x0 0x0 0x0 0x0 0x0 0x58e0003 0x0 0x28 0x5910002 0x0 0x5980007 0x0 0x1080 0x0 0x5a10005 0x0 0x0 0x0 0x0 0x0 0x5a60003 0x0 0x1030 0x5ad0005 0x0 0x186aff70 0xfb 0x0 0x0 0x5b10005 0x0 0x17b40350 0xfb 0x0 0x0 0x5b80005 0x0 0x1744c6e0 0xfb 0x0 0x0 0x5bb0007 0xfb 0x30 0x0 0x5be0002 0x0 0x5cb0005 0x0 0x183ef0f0 0xfb 0x0 0x0 0x5d60005 0x0 0x183ef0f0 0xfb 0x0 0x0 0x5db0003 0xfb 0xef8 0x5e20005 0x0 0x186aff70 0x3 0x0 0x0 0x5ea0005 0x0 0x17b40350 0x3 0x0 0x0 0x5ed0005 0x0 0x1744c6e0 0x3 0x0 0x0 0x5f00007 0x0 0xa0 0x3 0x5f60005 0x0 0x17b40350 0x3 0x0 0x0 0x5f90005 0x0 0x1744c6e0 0x3 0x0 0x0 0x5fc0007 0x3 0x30 0x0 0x5ff0002 0x0 0x60c0005 0x0 0x183ef0f0 0x3 0x0 0x0 0x6180005 0x0 0x183ef0f0 0x3 0x0 0x0 0x61d0003 0x3 0xd40 0x6240005 0x0 0x0 0x0 0x0 0x0 0x62c0005 0x0 0x0 0x0 0x0 0x0 0x62f0005 0x0 0x0 0x0 0x0 0x0 0x6320007 0x0 0x30 0x0 0x6350002 0x0 0x63c0005 0x0 0x0 0x0 0x0 0x0 0x63f0005 0x0 0x0 0x0 0x0 0x0 0x6420007 0x0 0x98 0x0 0x64e0005 0x0 0x0 0x0 0x0 0x0 0x65a0005 0x0 0x0 0x0 0x0 0x0 0x65f0003 0x0 0xb88 0x6650005 0x0 0x0 0x0 0x0 0x0 0x6680005 0x0 0x0 0x0 0x0 0x0 0x66b0007 0x0 0x98 0x0 0x6770005 0x0 0x0 0x0 0x0 0x0 0x6830005 0x0 0x0 0x0 0x0 0x0 0x6880003 0x0 0xa90 0x68b0002 0x0 0x6930005 0x0 0x0 0x0 0x0 0x0 0x69b0005 0x0 0x0 0x0 0x0 0x0 0x69e0005 0x0 0x0 0x0 0x0 0x0 0x6a10007 0x0 0x128 0x0 0x6a70005 0x0 0x0 0x0 0x0 0x0 0x6aa0005 0x0 0x0 0x0 0x0 0x0 0x6ad0007 0x0 0x30 0x0 0x6b00002 0x0 0x6bd0005 0x0 0x0 0x0 0x0 0x0 0x6c90005 0x0 0x0 0x0 0x0 0x0 0x6ce0003 0x0 0x8c8 0x6d40005 0x0 0x0 0x0 0x0 0x0 0x6d70005 0x0 0x0 0x0 0x0 0x0 0x6da0007 0x0 0xa0 0x0 0x6e00005 0x0 0x0 0x0 0x0 0x0 0x6e30005 0x0 0x0 0x0 0x0 0x0 0x6e60007 0x0 0x30 0x0 0x6e90002 0x0 0x6f60005 0x0 0x0 0x0 0x0 0x0 0x7010005 0x0 0x0 0x0 0x0 0x0 0x7060003 0x0 0x740 0x70d0005 0x0 0x0 0x0 0x0 0x0 0x7150005 0x0 0x0 0x0 0x0 0x0 0x7180005 0x0 0x0 0x0 0x0 0x0 0x71b0007 0x0 0x220 0x0 0x7210005 0x0 0x0 0x0 0x0 0x0 0x7240005 0x0 0x0 0x0 0x0 0x0 0x7270007 0x0 0x98 0x0 0x7330005 0x0 0x0 0x0 0x0 0x0 0x73f0005 0x0 0x0 0x0 0x0 0x0 0x7440003 0x0 0x598 0x74a0005 0x0 0x0 0x0 0x0 0x0 0x74d0005 0x0 0x0 0x0 0x0 0x0 0x7500007 0x0 0x98 0x0 0x75c0005 0x0 0x0 0x0 0x0 0x0 0x7680005 0x0 0x0 0x0 0x0 0x0 0x76d0003 0x0 0x4a0 0x7700002 0x0 0x7770005 0x0 0x0 0x0 0x0 0x0 0x77a0005 0x0 0x0 0x0 0x0 0x0 0x77d0007 0x0 0x220 0x0 0x7830005 0x0 0x0 0x0 0x0 0x0 0x7860005 0x0 0x0 0x0 0x0 0x0 0x7890007 0x0 0x98 0x0 0x7950005 0x0 0x0 0x0 0x0 0x0 0x7a00005 0x0 0x0 0x0 0x0 0x0 0x7a50003 0x0 0x318 0x7ab0005 0x0 0x0 0x0 0x0 0x0 0x7ae0005 0x0 0x0 0x0 0x0 0x0 0x7b10007 0x0 0x98 0x0 0x7bd0005 0x0 0x0 0x0 0x0 0x0 0x7c80005 0x0 0x0 0x0 0x0 0x0 0x7cd0003 0x0 0x220 0x7d00002 0x0 0x7d40002 0x0 0x7dc0005 0x0 0x0 0x0 0x0 0x0 0x7e40005 0x0 0x0 0x0 0x0 0x0 0x7e70005 0x0 0x0 0x0 0x0 0x0 0x7ea0007 0x0 0xa0 0x0 0x7f00005 0x0 0x0 0x0 0x0 0x0 0x7f30005 0x0 0x0 0x0 0x0 0x0 0x7f60007 0x0 0x30 0x0 0x7f90002 0x0 0x8060005 0x0 0x0 0x0 0x0 0x0 0x8110005 0x0 0x0 0x0 0x0 0x0 0x8160003 0x0 0x48 0x81d0005 0x0 0x0 0x0 0x0 0x0 0x8270005 0x0 0x183ef0f0 0x492 0x0 0x0 0x8360005 0x0 0x183ef0f0 0x492 0x0 0x0 oops 40 416 com/android/dx/cf/code/RopperMachine 452 com/android/dx/cf/code/RopperMachine 467 com/android/dx/cf/code/Frame 473 com/android/dx/cf/code/ExecutionStack 479 com/android/dx/cf/code/RopperMachine 490 com/android/dx/cf/code/Frame 496 com/android/dx/cf/code/ExecutionStack 502 com/android/dx/rop/type/Type 514 com/android/dx/cf/code/RopperMachine 523 com/android/dx/cf/code/Frame 529 com/android/dx/cf/code/ExecutionStack 535 com/android/dx/rop/type/Type 573 com/android/dx/cf/code/RopperMachine 582 com/android/dx/cf/code/RopperMachine 591 com/android/dx/cf/code/Frame 597 com/android/dx/cf/code/ExecutionStack 605 com/android/dx/rop/type/Type 611 com/android/dx/cf/code/RopperMachine 620 com/android/dx/cf/code/RopperMachine 629 com/android/dx/cf/code/RopperMachine 665 com/android/dx/cf/code/Frame 671 com/android/dx/rop/type/Type 684 com/android/dx/cf/code/ExecutionStack 690 com/android/dx/cf/code/ExecutionStack 702 com/android/dx/rop/type/Type 708 com/android/dx/cf/code/RopperMachine 788 com/android/dx/cf/code/Frame 794 com/android/dx/cf/code/ExecutionStack 800 com/android/dx/rop/type/Type 812 com/android/dx/cf/code/RopperMachine 818 com/android/dx/cf/code/RopperMachine 827 com/android/dx/cf/code/Frame 833 com/android/dx/cf/code/ExecutionStack 839 com/android/dx/rop/type/Type 849 com/android/dx/cf/code/ExecutionStack 855 com/android/dx/rop/type/Type 867 com/android/dx/cf/code/RopperMachine 873 com/android/dx/cf/code/RopperMachine 1303 com/android/dx/cf/code/RopperMachine 1309 com/android/dx/cf/code/RopperMachine
ciMethodData com/android/dx/cf/code/BasicBlocker visitBranch (IIII)V 1 612 orig 264 216 160 182 97 0 0 0 0 136 37 41 21 0 0 0 0 168 2 0 0 24 1 0 0 0 0 0 0 0 0 0 0 0 0 0 0 0 0 0 0 0 0 0 0 0 0 0 0 0 0 0 0 0 0 0 0 0 0 0 0 0 0 0 0 0 0 0 0 0 0 0 0 0 0 0 0 0 0 0 0 77 68 79 32 101 120 116 114 97 32 100 97 116 97 32 108 111 99 107 0 0 0 0 0 0 0 0 0 0 0 0 0 0 0 0 0 0 0 0 0 0 0 0 0 0 0 0 0 0 0 0 0 0 0 0 0 0 0 0 0 0 0 0 0 0 0 0 0 0 0 0 0 0 0 0 0 0 0 0 0 0 0 0 0 0 0 0 0 0 0 0 0 0 0 0 0 0 0 0 0 0 0 0 0 0 0 0 0 0 0 0 0 0 0 0 0 0 0 0 0 0 0 0 0 0 0 0 0 0 0 0 0 0 0 0 0 8 1 0 0 225 10 0 0 1 0 0 0 0 0 0 0 0 0 0 0 2 0 0 0 0 0 43 0 2 0 0 0 64 1 0 0 255 255 255 255 8 0 1 0 0 0 0 0 data 40 0x10008 0x6 0x0 0xb8 0x0 0x40 0x0 0xa8 0x200002 0x36 0x2a0002 0x36 0x2d0004 0x0 0x186b2450 0x36 0x0 0x0 0x2e0003 0x36 0xa0 0x340002 0x0 0x400002 0x126 0x470002 0x126 0x530002 0x126 0x560004 0x0 0x186b2450 0x126 0x0 0x0 0x570003 0x126 0x18 0x5e0002 0x15c oops 2 14 com/android/dx/util/IntList 31 com/android/dx/util/IntList
ciMethodData com/android/dx/util/IntList makeImmutable (II)Lcom/android/dx/util/IntList; 1 774 orig 264 216 160 182 97 0 0 0 0 96 87 41 21 0 0 0 0 240 1 0 0 0 0 0 0 0 0 0 0 0 0 0 0 0 0 0 0 0 0 0 0 0 0 0 0 0 0 0 0 0 0 0 0 0 0 0 0 0 0 0 0 0 0 0 0 0 0 0 0 0 0 0 0 0 0 0 0 0 0 0 0 77 68 79 32 101 120 116 114 97 32 100 97 116 97 32 108 111 99 107 0 0 0 0 0 0 0 0 0 0 0 0 0 0 0 0 0 0 0 0 0 0 0 0 0 0 0 0 0 0 0 0 0 0 0 0 0 0 0 0 0 0 0 0 0 0 0 0 0 0 0 0 0 0 0 0 0 0 0 0 0 0 0 0 0 0 0 0 0 0 0 0 0 0 0 0 0 0 0 0 0 0 0 0 0 29 0 0 0 0 0 0 0 0 0 0 0 0 0 0 0 0 0 0 0 0 0 0 0 0 0 0 0 0 0 0 0 171 0 0 0 217 18 0 0 1 0 0 0 0 0 0 0 0 0 0 0 2 0 0 0 0 0 3 0 2 0 0 0 160 0 0 0 255 255 255 255 2 0 5 0 0 0 0 0 data 20 0x50002 0x25b 0xb0005 0x55 0x186b2450 0x206 0x0 0x0 0x100005 0x55 0x186b2450 0x206 0x0 0x0 0x140005 0x0 0x186b2450 0x25b 0x0 0x0 oops 3 4 com/android/dx/util/IntList 10 com/android/dx/util/IntList 16 com/android/dx/util/IntList
ciMethodData com/android/dx/cf/code/Simulator$SimVisitor visitBranch (IIII)V 1 997 orig 264 216 160 182 97 0 0 0 0 40 66 44 21 0 0 0 0 144 6 0 0 152 4 0 0 0 0 0 0 0 0 0 0 0 0 0 0 0 0 0 0 0 0 0 0 0 0 0 0 0 0 0 0 0 0 0 0 0 0 0 0 0 0 0 0 0 0 0 0 0 0 0 0 0 0 0 0 0 0 0 0 77 68 79 32 101 120 116 114 97 32 100 97 116 97 32 108 111 99 107 0 0 0 0 0 0 0 0 0 0 0 0 0 0 0 0 0 0 0 0 0 0 0 0 0 0 0 0 0 0 0 0 0 0 0 0 0 0 0 0 0 0 0 0 0 0 0 0 0 0 0 0 0 0 0 0 0 0 0 0 0 0 0 0 0 0 0 0 0 0 0 0 0 0 0 0 0 0 0 0 0 0 0 0 0 0 0 0 0 0 0 0 0 0 0 0 0 0 0 0 0 0 0 0 0 0 0 0 0 0 0 0 0 0 0 0 0 128 1 0 0 41 19 0 0 1 0 0 0 0 0 0 0 0 0 0 0 2 0 0 0 0 0 16 0 2 0 0 0 40 5 0 0 255 255 255 255 8 0 1 0 0 0 0 0 data 165 0x10008 0x64 0x0 0x498 0x0 0x330 0x0 0x330 0x0 0x330 0x0 0x330 0x0 0x330 0x0 0x330 0x1 0x3c0 0x0 0x3c0 0x0 0x3c0 0x0 0x3c0 0x0 0x3c0 0x0 0x3c0 0x0 0x408 0x0 0x408 0x0 0x450 0x0 0x450 0x0 0x498 0x0 0x498 0x0 0x498 0x0 0x498 0x0 0x498 0x0 0x498 0x0 0x498 0x0 0x498 0x0 0x498 0x0 0x498 0x0 0x498 0x0 0x498 0x0 0x498 0x0 0x498 0x0 0x498 0x0 0x498 0x0 0x498 0x0 0x498 0x0 0x498 0x0 0x498 0x0 0x498 0x0 0x498 0x0 0x498 0x0 0x498 0x0 0x498 0x0 0x498 0x0 0x498 0x0 0x498 0x0 0x498 0x0 0x378 0x0 0x378 0x0 0x450 0x0 0x450 0xdf0005 0x0 0x183ef0f0 0xd6 0x0 0x0 0xe40003 0xd6 0x168 0xf20005 0x0 0x183ef0f0 0xda 0x0 0x0 0xf70003 0xda 0x120 0x1080005 0x0 0x183ef0f0 0x38 0x0 0x0 0x10d0003 0x38 0xd8 0x11e0005 0x0 0x183ef0f0 0x9 0x0 0x0 0x1230003 0x9 0x90 0x12a0005 0x0 0x183ef0f0 0x74 0x0 0x0 0x12f0003 0x74 0x48 0x1360005 0x0 0x0 0x0 0x0 0x0 0x1400005 0x0 0x183ef0f0 0x265 0x0 0x0 0x14f0005 0x0 0x183ef0f0 0x265 0x0 0x0 oops 7 104 com/android/dx/cf/code/RopperMachine 113 com/android/dx/cf/code/RopperMachine 122 com/android/dx/cf/code/RopperMachine 131 com/android/dx/cf/code/RopperMachine 140 com/android/dx/cf/code/RopperMachine 155 com/android/dx/cf/code/RopperMachine 161 com/android/dx/cf/code/RopperMachine
ciMethodData com/android/dx/cf/code/ByteCatchList$Item covers (I)Z 1 768 orig 264 216 160 182 97 0 0 0 0 128 202 41 21 0 0 0 0 128 1 0 0 0 0 0 0 0 0 0 0 0 0 0 0 0 0 0 0 0 0 0 0 0 0 0 0 0 0 0 0 0 0 0 0 0 0 0 0 0 0 0 0 0 0 0 0 0 0 0 0 0 0 0 0 0 0 0 0 0 0 0 0 77 68 79 32 101 120 116 114 97 32 100 97 116 97 32 108 111 99 107 0 0 0 0 0 0 0 0 0 0 0 0 0 0 0 0 0 0 0 0 0 0 0 0 0 0 0 0 0 0 0 0 0 0 0 0 0 0 0 0 0 0 0 0 0 0 0 0 0 0 0 0 0 0 0 0 0 0 0 0 0 0 0 0 0 0 0 0 0 0 0 0 0 0 0 0 0 0 0 0 0 0 0 0 0 0 0 0 0 0 0 0 0 0 0 0 0 0 0 0 0 0 0 0 0 0 0 0 0 0 0 0 0 0 0 0 0 0 1 0 0 1 16 0 0 1 0 0 0 0 0 0 0 0 0 0 0 2 0 0 0 0 0 9 0 2 0 0 0 88 0 0 0 255 255 255 255 7 0 5 0 0 0 0 0 data 11 0x50007 0xed 0x58 0x113 0xd0007 0xc3 0x38 0x50 0x110003 0x50 0x18 oops 0
ciMethodData com/android/dx/cf/code/ByteCatchList$Item getExceptionClass ()Lcom/android/dx/rop/cst/CstType; 1 475 orig 264 216 160 182 97 0 0 0 0 168 201 41 21 0 0 0 0 88 1 0 0 0 0 0 0 0 0 0 0 0 0 0 0 0 0 0 0 0 0 0 0 0 0 0 0 0 0 0 0 0 0 0 0 0 0 0 0 0 0 0 0 0 0 0 0 0 0 0 0 0 0 0 0 0 0 0 0 0 0 0 0 77 68 79 32 101 120 116 114 97 32 100 97 116 97 32 108 111 99 107 0 0 0 0 0 0 0 0 0 0 0 0 0 0 0 0 0 0 0 0 0 0 0 0 0 0 0 0 0 0 0 0 0 0 0 0 0 0 0 0 0 0 0 0 0 0 0 0 0 0 0 0 0 0 0 0 0 0 0 0 0 0 0 0 0 0 0 0 0 0 0 0 0 0 0 0 0 0 0 0 0 0 0 0 0 0 0 0 0 0 0 0 0 0 0 0 0 0 0 0 0 0 0 0 0 0 0 0 0 0 0 0 0 0 0 0 0 17 1 0 0 81 6 0 0 1 0 0 0 0 0 0 0 0 0 0 0 2 0 0 0 0 0 6 0 2 0 0 0 56 0 0 0 255 255 255 255 7 0 4 0 0 0 0 0 data 7 0x40007 0x84 0x38 0x46 0xb0003 0x46 0x18 oops 0
instanceKlass com/android/dx/rop/code/RegOps
instanceKlass com/android/dx/cf/code/Ropper$ExceptionHandlerSetup
instanceKlass com/android/dx/dex/file/FieldAnnotationStruct
instanceKlass java/util/ArrayList$1
instanceKlass java/util/DualPivotQuicksort
instanceKlass com/android/dx/dex/file/MethodAnnotationStruct
instanceKlass com/android/dx/dex/file/ParameterAnnotationStruct
instanceKlass com/android/dx/ssa/back/FirstFitLocalCombiningAllocator$Multiset
instanceKlass com/android/dx/ssa/PhiInsn$Operand
instanceKlass com/android/dx/dex/code/DalvCode
instanceKlass com/android/dx/dex/code/StdCatchBuilder
instanceKlass com/android/dx/dex/code/RopToDop
instanceKlass com/android/dx/dex/code/OutputFinisher
instanceKlass com/android/dx/dex/code/OutputCollector
instanceKlass com/android/dx/rop/code/Insn$BaseVisitor
instanceKlass com/android/dx/io/Opcodes
instanceKlass com/android/dx/dex/code/InsnFormat
instanceKlass com/android/dx/dex/code/Dop
instanceKlass com/android/dx/dex/code/Dops
instanceKlass com/android/dx/dex/code/BlockAddresses
instanceKlass com/android/dx/dex/code/DalvInsn
instanceKlass com/android/dx/dex/code/CatchBuilder
instanceKlass com/android/dx/dex/code/RopTranslator$TranslationVisitor
instanceKlass com/android/dx/dex/code/RopTranslator
instanceKlass com/android/dx/rop/code/LocalVariableExtractor
instanceKlass com/android/dx/ssa/back/IdenticalBlockCombiner
instanceKlass com/android/dx/ssa/back/SsaToRop$1
instanceKlass com/android/dx/ssa/back/SsaToRop$PhiVisitor
instanceKlass com/android/dx/ssa/back/FirstFitLocalCombiningAllocator$1
instanceKlass com/android/dx/ssa/back/LivenessAnalyzer$1
instanceKlass com/android/dx/ssa/back/InterferenceGraph
instanceKlass com/android/dx/ssa/back/LivenessAnalyzer
instanceKlass com/android/dx/ssa/back/RegisterAllocator
instanceKlass com/android/dx/ssa/back/SsaToRop
instanceKlass com/android/dx/ssa/PhiTypeResolver
instanceKlass com/android/dx/ssa/ConstCollector$1
instanceKlass com/android/dx/ssa/ConstCollector
instanceKlass com/android/dx/ssa/SsaMethod$1
instanceKlass com/android/dx/ssa/LiteralOpUpgrader$1
instanceKlass com/android/dx/ssa/LiteralOpUpgrader
instanceKlass com/android/dx/ssa/DeadCodeRemover$NoSideEffectVisitor
instanceKlass com/android/dx/ssa/DeadCodeRemover
instanceKlass com/android/dx/ssa/SsaMethod$2
instanceKlass com/android/dx/ssa/SCCP
instanceKlass com/android/dx/ssa/MoveParamCombiner$1
instanceKlass com/android/dx/ssa/MoveParamCombiner
instanceKlass com/android/dx/ssa/SsaRenamer$BlockRenamer$1
instanceKlass com/android/dx/ssa/PhiInsn$Visitor
instanceKlass com/android/dx/ssa/RegisterMapper
instanceKlass com/android/dx/ssa/SsaRenamer$BlockRenamer
instanceKlass com/android/dx/ssa/SsaRenamer$1
instanceKlass com/android/dx/ssa/SsaRenamer
instanceKlass com/android/dx/util/BitIntSet$1
instanceKlass com/android/dx/util/IntIterator
instanceKlass com/android/dx/util/BitIntSet
instanceKlass com/android/dx/util/IntSet
instanceKlass com/android/dx/ssa/SetFactory
instanceKlass com/android/dx/ssa/Dominators$DfsWalker
instanceKlass com/android/dx/ssa/Dominators$DFSInfo
instanceKlass com/android/dx/ssa/SsaBasicBlock$Visitor
instanceKlass com/android/dx/ssa/Dominators
instanceKlass com/android/dx/ssa/DomFront$DomInfo
instanceKlass com/android/dx/ssa/DomFront
instanceKlass com/android/dx/ssa/LocalVariableExtractor
instanceKlass com/android/dx/ssa/SsaBasicBlock$LabelComparator
instanceKlass com/android/dx/ssa/SsaBasicBlock
instanceKlass com/android/dx/rop/code/BasicBlockList$RegCountVisitor
instanceKlass com/android/dx/ssa/SsaInsn
instanceKlass com/android/dx/ssa/SsaInsn$Visitor
instanceKlass com/android/dx/ssa/SsaMethod
instanceKlass com/android/dx/ssa/SsaConverter
instanceKlass java/lang/Class$4
instanceKlass com/android/dx/ssa/Optimizer
instanceKlass com/android/dx/rop/code/RopMethod
instanceKlass com/android/dx/rop/code/Insn$Visitor
instanceKlass com/android/dx/cf/code/Merger
instanceKlass com/android/dx/rop/code/BasicBlock
instanceKlass com/android/dx/rop/code/Exceptions
instanceKlass com/android/dx/rop/code/Rop
instanceKlass com/android/dx/rop/code/Rops
instanceKlass com/android/dx/rop/code/RegisterSpec$ForComparison
instanceKlass com/android/dx/rop/code/RegisterSpec
instanceKlass com/android/dx/rop/code/LocalItem
instanceKlass com/android/dx/rop/code/SourcePosition
instanceKlass com/android/dx/cf/code/Ropper$LabelAllocator
instanceKlass com/android/dx/cf/code/Ropper$CatchInfo
instanceKlass com/android/dx/cf/code/Ropper$Subroutine
instanceKlass com/android/dx/cf/code/Frame
instanceKlass com/android/dx/cf/code/Simulator$SimVisitor
instanceKlass com/android/dx/cf/code/Simulator
instanceKlass com/android/dx/cf/direct/AnnotationParser
instanceKlass sun/nio/ch/Interruptible
instanceKlass java/util/concurrent/locks/LockSupport
instanceKlass com/android/dx/dex/file/ValueEncoder
instanceKlass com/android/dx/dex/file/AnnotationItem$TypeIdSorter
instanceKlass java/util/Collections$UnmodifiableCollection$1
instanceKlass java/util/TreeMap$PrivateEntryIterator
instanceKlass com/android/dx/rop/annotation/NameValuePair
instanceKlass com/android/dx/dex/file/AnnotationUtils
instanceKlass com/android/dx/cf/code/BaseMachine
instanceKlass com/android/dx/cf/code/ByteBlock
instanceKlass com/android/dx/util/LabeledItem
instanceKlass com/android/dx/cf/code/ByteCatchList$Item
instanceKlass com/android/dx/cf/code/ByteOps
instanceKlass com/android/dx/util/Bits
instanceKlass com/android/dx/cf/code/BasicBlocker
instanceKlass com/android/dx/rop/code/BasicBlock$Visitor
instanceKlass com/android/dx/cf/direct/DirectClassFile$DcfTypeList
instanceKlass com/android/dx/rop/code/Insn
instanceKlass com/android/dx/cf/code/Machine
instanceKlass com/android/dx/cf/code/Ropper
instanceKlass com/android/dx/rop/code/DexTranslationAdvice
instanceKlass com/android/dx/cf/code/ConcreteMethod
instanceKlass com/android/dx/dex/file/EncodedMember
instanceKlass com/android/dx/dex/cf/AttributeTranslator
instanceKlass com/android/dx/dex/cf/OptimizerOptions
instanceKlass com/android/dx/rop/code/TranslationAdvice
instanceKlass com/android/dx/dex/code/DalvCode$AssignIndicesCallback
instanceKlass com/android/dx/dex/cf/CfTranslator
instanceKlass com/android/dx/cf/attrib/InnerClassList$Item
instanceKlass com/android/dx/command/dexer/Main$ClassDefItemConsumer
instanceKlass java/util/concurrent/FutureTask$WaitNode
instanceKlass java/util/concurrent/FutureTask
instanceKlass java/util/concurrent/RunnableFuture
instanceKlass java/util/concurrent/Future
instanceKlass com/android/dx/command/dexer/Main$ClassTranslatorTask
instanceKlass com/android/dx/util/Hex
instanceKlass com/android/dx/rop/code/AccessFlags
instanceKlass com/android/dx/cf/code/LocalVariableList$Item
instanceKlass com/android/dx/cf/code/LineNumberList$Item
instanceKlass com/android/dx/cf/code/BytecodeArray$BaseVisitor
instanceKlass com/android/dx/cf/code/BytecodeArray
instanceKlass com/android/dx/cf/iface/Method
instanceKlass com/android/dx/cf/iface/StdMember
instanceKlass com/android/dx/cf/attrib/BaseAttribute
instanceKlass com/android/dx/cf/direct/AttributeListParser
instanceKlass com/android/dx/cf/iface/Field
instanceKlass com/android/dx/cf/iface/Member
instanceKlass com/android/dx/cf/direct/MemberListParser
instanceKlass com/android/dx/rop/type/Prototype
instanceKlass com/android/dx/rop/type/Type
instanceKlass com/android/dx/util/MutabilityControl
instanceKlass com/android/dx/cf/cst/ConstantPoolParser
instanceKlass com/android/dx/cf/code/BytecodeArray$Visitor
instanceKlass com/android/dx/cf/iface/Attribute
instanceKlass com/android/dx/util/ByteArray
instanceKlass com/android/dx/rop/type/TypeList
instanceKlass com/android/dx/cf/iface/MethodList
instanceKlass com/android/dx/cf/iface/FieldList
instanceKlass com/android/dx/cf/iface/AttributeList
instanceKlass com/android/dx/rop/cst/ConstantPool
instanceKlass com/android/dx/cf/direct/DirectClassFile
instanceKlass com/android/dx/cf/iface/ClassFile
instanceKlass com/android/dx/cf/iface/HasAttribute
instanceKlass com/android/dx/command/dexer/Main$ClassParserTask
instanceKlass com/android/dx/command/dexer/Main$DirectClassFileConsumer
instanceKlass sun/util/calendar/CalendarUtils
instanceKlass sun/util/calendar/CalendarDate
instanceKlass java/util/TimeZone$1
instanceKlass java/util/zip/CRC32
instanceKlass java/util/zip/Checksum
instanceKlass sun/util/calendar/ZoneInfoFile$ZoneOffsetTransitionRule
instanceKlass java/io/DataInput
instanceKlass sun/util/calendar/ZoneInfoFile$1
instanceKlass sun/util/calendar/ZoneInfoFile
instanceKlass java/util/TimeZone
instanceKlass sun/util/calendar/CalendarSystem
instanceKlass java/util/Date
instanceKlass java/util/zip/ZipUtils
instanceKlass java/util/ArrayList$Itr
instanceKlass java/util/regex/Matcher
instanceKlass java/util/regex/MatchResult
instanceKlass java/util/regex/Pattern$Node
instanceKlass java/util/regex/Pattern
instanceKlass java/util/TimSort
instanceKlass com/android/dx/cf/direct/ClassPathOpener$3
instanceKlass java/util/zip/ZipFile$ZipEntryIterator
instanceKlass com/android/dx/command/dexer/Main$FileBytesConsumer
instanceKlass com/android/dx/cf/direct/ClassPathOpener$1
instanceKlass com/android/dx/cf/direct/ClassPathOpener
instanceKlass java/util/concurrent/LinkedBlockingQueue$Node
instanceKlass java/util/concurrent/Executors$DefaultThreadFactory
instanceKlass java/util/concurrent/ThreadFactory
instanceKlass java/util/concurrent/Executors
instanceKlass java/util/concurrent/ThreadPoolExecutor$CallerRunsPolicy
instanceKlass java/util/concurrent/locks/AbstractQueuedSynchronizer$ConditionObject
instanceKlass java/util/concurrent/locks/Condition
instanceKlass java/util/concurrent/locks/AbstractQueuedSynchronizer$Node
instanceKlass java/util/concurrent/locks/AbstractOwnableSynchronizer
instanceKlass java/util/concurrent/ThreadPoolExecutor$AbortPolicy
instanceKlass java/util/concurrent/AbstractExecutorService
instanceKlass java/util/ComparableTimSort
instanceKlass sun/security/action/GetBooleanAction
instanceKlass java/util/Arrays$LegacyMergeSort
instanceKlass com/android/dx/dex/file/MixedItemSection$1
instanceKlass com/android/dx/dex/file/Item
instanceKlass com/android/dx/util/AnnotatedOutput
instanceKlass com/android/dx/util/Output
instanceKlass com/android/dex/util/ByteOutput
instanceKlass com/android/dx/rop/type/TypeBearer
instanceKlass com/android/dx/rop/cst/Constant
instanceKlass com/android/dx/util/ToHuman
instanceKlass com/android/dx/dex/file/Section
instanceKlass com/android/dx/dex/file/DexFile
instanceKlass com/android/dx/dex/DexOptions
instanceKlass com/android/dx/command/DxConsole
instanceKlass com/android/dx/dex/cf/CfOptions
instanceKlass com/android/dex/util/FileUtils
instanceKlass com/android/dx/command/dexer/Main$Arguments$ArgumentsParser
instanceKlass com/android/dx/command/dexer/Main$Arguments
instanceKlass com/android/dx/cf/direct/ClassPathOpener$FileNameFilter
instanceKlass java/util/concurrent/ExecutorService
